[0.031s] Invoking command in '/home/robotique/microros_ws/build/roverc': CMAKE_PREFIX_PATH=/opt/ros/humble /usr/bin/cmake --build /home/robotique/microros_ws/build/roverc -- -j4 -l4
[0.088s] [35m[1mConsolidate compiler generated dependencies of target roverc__rosidl_generator_c[0m
[0.109s] [ 10%] Built target roverc__rosidl_generator_c
[0.114s] [ 12%] Built target roverc__cpp
[0.134s] [35m[1mConsolidate compiler generated dependencies of target roverc__rosidl_typesupport_fastrtps_c[0m
[0.147s] [35m[1mConsolidate compiler generated dependencies of target roverc__rosidl_typesupport_introspection_c[0m
[0.150s] [ 12%] Built target ament_cmake_python_copy_roverc
[0.165s] [35m[1mConsolidate compiler generated dependencies of target roverc__rosidl_typesupport_c[0m
[0.169s] [ 23%] Built target roverc__rosidl_typesupport_fastrtps_c
[0.170s] [35m[1mConsolidate compiler generated dependencies of target roverc__rosidl_typesupport_fastrtps_cpp[0m
[0.172s] [ 33%] Built target roverc__rosidl_typesupport_introspection_c
[0.189s] [ 43%] Built target roverc__rosidl_typesupport_c
[0.195s] [35m[1mConsolidate compiler generated dependencies of target roverc__rosidl_typesupport_introspection_cpp[0m
[0.199s] [ 53%] Built target roverc__rosidl_typesupport_fastrtps_cpp
[0.229s] [35m[1mConsolidate compiler generated dependencies of target roverc__rosidl_typesupport_cpp[0m
[0.229s] [ 64%] Built target roverc__rosidl_typesupport_introspection_cpp
[0.243s] [ 74%] Built target roverc__rosidl_typesupport_cpp
[0.271s] [ 74%] Built target roverc
[0.298s] [ 76%] Built target roverc__py
[0.310s] [35m[1mConsolidate compiler generated dependencies of target roverc__rosidl_generator_py[0m
[0.339s] [ 84%] Built target roverc__rosidl_generator_py
[0.363s] [35m[1mConsolidate compiler generated dependencies of target roverc__rosidl_typesupport_c__pyext[0m
[0.367s] [35m[1mConsolidate compiler generated dependencies of target roverc__rosidl_typesupport_introspection_c__pyext[0m
[0.380s] [ 89%] Built target roverc__rosidl_typesupport_c__pyext
[0.391s] [35m[1mConsolidate compiler generated dependencies of target roverc__rosidl_typesupport_fastrtps_c__pyext[0m
[0.408s] [ 94%] Built target roverc__rosidl_typesupport_introspection_c__pyext
[0.492s] [100%] Built target roverc__rosidl_typesupport_fastrtps_c__pyext
[0.534s] running egg_info
[0.534s] writing roverc.egg-info/PKG-INFO
[0.535s] writing dependency_links to roverc.egg-info/dependency_links.txt
[0.537s] writing top-level names to roverc.egg-info/top_level.txt
[0.538s] reading manifest file 'roverc.egg-info/SOURCES.txt'
[0.539s] writing manifest file 'roverc.egg-info/SOURCES.txt'
[0.563s] [100%] Built target ament_cmake_python_build_roverc_egg
[0.574s] Invoked command in '/home/robotique/microros_ws/build/roverc' returned '0': CMAKE_PREFIX_PATH=/opt/ros/humble /usr/bin/cmake --build /home/robotique/microros_ws/build/roverc -- -j4 -l4
[0.704s] Invoking command in '/home/robotique/microros_ws/build/roverc': CMAKE_PREFIX_PATH=/opt/ros/humble /usr/bin/cmake --install /home/robotique/microros_ws/build/roverc
[0.715s] -- Install configuration: ""
[0.715s] -- Up-to-date: /home/robotique/microros_ws/install/roverc/share/ament_index/resource_index/rosidl_interfaces/roverc
[0.715s] -- Up-to-date: /home/robotique/microros_ws/install/roverc/include/roverc/roverc
[0.715s] -- Up-to-date: /home/robotique/microros_ws/install/roverc/include/roverc/roverc/msg
[0.715s] -- Up-to-date: /home/robotique/microros_ws/install/roverc/include/roverc/roverc/msg/detail
[0.715s] -- Up-to-date: /home/robotique/microros_ws/install/roverc/include/roverc/roverc/msg/detail/rgb__type_support.h
[0.715s] -- Up-to-date: /home/robotique/microros_ws/install/roverc/include/roverc/roverc/msg/detail/rgb__functions.h
[0.715s] -- Up-to-date: /home/robotique/microros_ws/install/roverc/include/roverc/roverc/msg/detail/rgb__functions.c
[0.715s] -- Up-to-date: /home/robotique/microros_ws/install/roverc/include/roverc/roverc/msg/detail/rgb__struct.h
[0.715s] -- Up-to-date: /home/robotique/microros_ws/install/roverc/include/roverc/roverc/msg/detail/wheel_speed__functions.c
[0.715s] -- Up-to-date: /home/robotique/microros_ws/install/roverc/include/roverc/roverc/msg/detail/wheel_speed__functions.h
[0.716s] -- Up-to-date: /home/robotique/microros_ws/install/roverc/include/roverc/roverc/msg/detail/wheel_speed__type_support.h
[0.716s] -- Up-to-date: /home/robotique/microros_ws/install/roverc/include/roverc/roverc/msg/detail/wheel_speed__struct.h
[0.717s] -- Up-to-date: /home/robotique/microros_ws/install/roverc/include/roverc/roverc/msg/rosidl_generator_c__visibility_control.h
[0.717s] -- Up-to-date: /home/robotique/microros_ws/install/roverc/include/roverc/roverc/msg/wheel_speed.h
[0.717s] -- Up-to-date: /home/robotique/microros_ws/install/roverc/include/roverc/roverc/msg/rgb.h
[0.718s] -- Up-to-date: /home/robotique/microros_ws/install/roverc/share/roverc/environment/library_path.sh
[0.718s] -- Up-to-date: /home/robotique/microros_ws/install/roverc/share/roverc/environment/library_path.dsv
[0.718s] -- Up-to-date: /home/robotique/microros_ws/install/roverc/lib/libroverc__rosidl_generator_c.so
[0.718s] -- Up-to-date: /home/robotique/microros_ws/install/roverc/include/roverc/roverc
[0.718s] -- Up-to-date: /home/robotique/microros_ws/install/roverc/include/roverc/roverc/msg
[0.718s] -- Up-to-date: /home/robotique/microros_ws/install/roverc/include/roverc/roverc/msg/detail
[0.718s] -- Up-to-date: /home/robotique/microros_ws/install/roverc/include/roverc/roverc/msg/detail/rgb__rosidl_typesupport_fastrtps_c.h
[0.718s] -- Up-to-date: /home/robotique/microros_ws/install/roverc/include/roverc/roverc/msg/detail/wheel_speed__rosidl_typesupport_fastrtps_c.h
[0.719s] -- Up-to-date: /home/robotique/microros_ws/install/roverc/include/roverc/roverc/msg/rosidl_typesupport_fastrtps_c__visibility_control.h
[0.719s] -- Up-to-date: /home/robotique/microros_ws/install/roverc/lib/libroverc__rosidl_typesupport_fastrtps_c.so
[0.719s] -- Up-to-date: /home/robotique/microros_ws/install/roverc/include/roverc/roverc
[0.720s] -- Up-to-date: /home/robotique/microros_ws/install/roverc/include/roverc/roverc/msg
[0.720s] -- Up-to-date: /home/robotique/microros_ws/install/roverc/include/roverc/roverc/msg/detail
[0.720s] -- Up-to-date: /home/robotique/microros_ws/install/roverc/include/roverc/roverc/msg/detail/rgb__rosidl_typesupport_introspection_c.h
[0.720s] -- Up-to-date: /home/robotique/microros_ws/install/roverc/include/roverc/roverc/msg/detail/wheel_speed__type_support.c
[0.720s] -- Up-to-date: /home/robotique/microros_ws/install/roverc/include/roverc/roverc/msg/detail/rgb__type_support.c
[0.720s] -- Up-to-date: /home/robotique/microros_ws/install/roverc/include/roverc/roverc/msg/detail/wheel_speed__rosidl_typesupport_introspection_c.h
[0.720s] -- Up-to-date: /home/robotique/microros_ws/install/roverc/include/roverc/roverc/msg/rosidl_typesupport_introspection_c__visibility_control.h
[0.720s] -- Up-to-date: /home/robotique/microros_ws/install/roverc/lib/libroverc__rosidl_typesupport_introspection_c.so
[0.720s] -- Up-to-date: /home/robotique/microros_ws/install/roverc/lib/libroverc__rosidl_typesupport_c.so
[0.720s] -- Up-to-date: /home/robotique/microros_ws/install/roverc/include/roverc/roverc
[0.720s] -- Up-to-date: /home/robotique/microros_ws/install/roverc/include/roverc/roverc/msg
[0.720s] -- Up-to-date: /home/robotique/microros_ws/install/roverc/include/roverc/roverc/msg/detail
[0.720s] -- Up-to-date: /home/robotique/microros_ws/install/roverc/include/roverc/roverc/msg/detail/wheel_speed__builder.hpp
[0.720s] -- Up-to-date: /home/robotique/microros_ws/install/roverc/include/roverc/roverc/msg/detail/wheel_speed__struct.hpp
[0.720s] -- Up-to-date: /home/robotique/microros_ws/install/roverc/include/roverc/roverc/msg/detail/rgb__traits.hpp
[0.720s] -- Up-to-date: /home/robotique/microros_ws/install/roverc/include/roverc/roverc/msg/detail/rgb__struct.hpp
[0.720s] -- Up-to-date: /home/robotique/microros_ws/install/roverc/include/roverc/roverc/msg/detail/rgb__builder.hpp
[0.721s] -- Up-to-date: /home/robotique/microros_ws/install/roverc/include/roverc/roverc/msg/detail/wheel_speed__traits.hpp
[0.721s] -- Up-to-date: /home/robotique/microros_ws/install/roverc/include/roverc/roverc/msg/rgb.hpp
[0.721s] -- Up-to-date: /home/robotique/microros_ws/install/roverc/include/roverc/roverc/msg/wheel_speed.hpp
[0.721s] -- Up-to-date: /home/robotique/microros_ws/install/roverc/include/roverc/roverc
[0.721s] -- Up-to-date: /home/robotique/microros_ws/install/roverc/include/roverc/roverc/msg
[0.721s] -- Up-to-date: /home/robotique/microros_ws/install/roverc/include/roverc/roverc/msg/detail
[0.721s] -- Up-to-date: /home/robotique/microros_ws/install/roverc/include/roverc/roverc/msg/detail/wheel_speed__rosidl_typesupport_fastrtps_cpp.hpp
[0.721s] -- Up-to-date: /home/robotique/microros_ws/install/roverc/include/roverc/roverc/msg/detail/rgb__rosidl_typesupport_fastrtps_cpp.hpp
[0.721s] -- Up-to-date: /home/robotique/microros_ws/install/roverc/include/roverc/roverc/msg/detail/dds_fastrtps
[0.721s] -- Up-to-date: /home/robotique/microros_ws/install/roverc/include/roverc/roverc/msg/rosidl_typesupport_fastrtps_cpp__visibility_control.h
[0.721s] -- Up-to-date: /home/robotique/microros_ws/install/roverc/lib/libroverc__rosidl_typesupport_fastrtps_cpp.so
[0.721s] -- Up-to-date: /home/robotique/microros_ws/install/roverc/include/roverc/roverc
[0.721s] -- Up-to-date: /home/robotique/microros_ws/install/roverc/include/roverc/roverc/msg
[0.721s] -- Up-to-date: /home/robotique/microros_ws/install/roverc/include/roverc/roverc/msg/detail
[0.721s] -- Up-to-date: /home/robotique/microros_ws/install/roverc/include/roverc/roverc/msg/detail/wheel_speed__type_support.cpp
[0.721s] -- Up-to-date: /home/robotique/microros_ws/install/roverc/include/roverc/roverc/msg/detail/rgb__rosidl_typesupport_introspection_cpp.hpp
[0.721s] -- Up-to-date: /home/robotique/microros_ws/install/roverc/include/roverc/roverc/msg/detail/wheel_speed__rosidl_typesupport_introspection_cpp.hpp
[0.721s] -- Up-to-date: /home/robotique/microros_ws/install/roverc/include/roverc/roverc/msg/detail/rgb__type_support.cpp
[0.721s] -- Up-to-date: /home/robotique/microros_ws/install/roverc/lib/libroverc__rosidl_typesupport_introspection_cpp.so
[0.721s] -- Up-to-date: /home/robotique/microros_ws/install/roverc/lib/libroverc__rosidl_typesupport_cpp.so
[0.722s] -- Up-to-date: /home/robotique/microros_ws/install/roverc/share/roverc/environment/pythonpath.sh
[0.722s] -- Up-to-date: /home/robotique/microros_ws/install/roverc/share/roverc/environment/pythonpath.dsv
[0.722s] -- Up-to-date: /home/robotique/microros_ws/install/roverc/local/lib/python3.10/dist-packages/roverc-0.0.0-py3.10.egg-info
[0.722s] -- Installing: /home/robotique/microros_ws/install/roverc/local/lib/python3.10/dist-packages/roverc-0.0.0-py3.10.egg-info/PKG-INFO
[0.722s] -- Installing: /home/robotique/microros_ws/install/roverc/local/lib/python3.10/dist-packages/roverc-0.0.0-py3.10.egg-info/SOURCES.txt
[0.722s] -- Installing: /home/robotique/microros_ws/install/roverc/local/lib/python3.10/dist-packages/roverc-0.0.0-py3.10.egg-info/dependency_links.txt
[0.722s] -- Installing: /home/robotique/microros_ws/install/roverc/local/lib/python3.10/dist-packages/roverc-0.0.0-py3.10.egg-info/top_level.txt
[0.722s] -- Up-to-date: /home/robotique/microros_ws/install/roverc/local/lib/python3.10/dist-packages/roverc
[0.722s] -- Up-to-date: /home/robotique/microros_ws/install/roverc/local/lib/python3.10/dist-packages/roverc/roverc_s__rosidl_typesupport_introspection_c.cpython-310-x86_64-linux-gnu.so
[0.722s] -- Up-to-date: /home/robotique/microros_ws/install/roverc/local/lib/python3.10/dist-packages/roverc/_roverc_s.ep.rosidl_typesupport_fastrtps_c.c
[0.722s] -- Up-to-date: /home/robotique/microros_ws/install/roverc/local/lib/python3.10/dist-packages/roverc/__init__.py
[0.722s] -- Up-to-date: /home/robotique/microros_ws/install/roverc/local/lib/python3.10/dist-packages/roverc/msg
[0.722s] -- Up-to-date: /home/robotique/microros_ws/install/roverc/local/lib/python3.10/dist-packages/roverc/msg/_rgb.py
[0.722s] -- Up-to-date: /home/robotique/microros_ws/install/roverc/local/lib/python3.10/dist-packages/roverc/msg/_wheel_speed_s.c
[0.722s] -- Up-to-date: /home/robotique/microros_ws/install/roverc/local/lib/python3.10/dist-packages/roverc/msg/__init__.py
[0.722s] -- Up-to-date: /home/robotique/microros_ws/install/roverc/local/lib/python3.10/dist-packages/roverc/msg/_rgb_s.c
[0.722s] -- Up-to-date: /home/robotique/microros_ws/install/roverc/local/lib/python3.10/dist-packages/roverc/msg/_wheel_speed.py
[0.722s] -- Up-to-date: /home/robotique/microros_ws/install/roverc/local/lib/python3.10/dist-packages/roverc/_roverc_s.ep.rosidl_typesupport_c.c
[0.722s] -- Up-to-date: /home/robotique/microros_ws/install/roverc/local/lib/python3.10/dist-packages/roverc/_roverc_s.ep.rosidl_typesupport_introspection_c.c
[0.722s] -- Up-to-date: /home/robotique/microros_ws/install/roverc/local/lib/python3.10/dist-packages/roverc/roverc_s__rosidl_typesupport_fastrtps_c.cpython-310-x86_64-linux-gnu.so
[0.723s] -- Up-to-date: /home/robotique/microros_ws/install/roverc/local/lib/python3.10/dist-packages/roverc/roverc_s__rosidl_typesupport_c.cpython-310-x86_64-linux-gnu.so
[0.723s] -- Up-to-date: /home/robotique/microros_ws/install/roverc/local/lib/python3.10/dist-packages/roverc/libroverc__rosidl_generator_py.so
[0.753s] Listing '/home/robotique/microros_ws/install/roverc/local/lib/python3.10/dist-packages/roverc'...
[0.753s] Listing '/home/robotique/microros_ws/install/roverc/local/lib/python3.10/dist-packages/roverc/msg'...
[0.754s] -- Up-to-date: /home/robotique/microros_ws/install/roverc/local/lib/python3.10/dist-packages/roverc/roverc_s__rosidl_typesupport_fastrtps_c.cpython-310-x86_64-linux-gnu.so
[0.754s] -- Up-to-date: /home/robotique/microros_ws/install/roverc/local/lib/python3.10/dist-packages/roverc/roverc_s__rosidl_typesupport_introspection_c.cpython-310-x86_64-linux-gnu.so
[0.755s] -- Up-to-date: /home/robotique/microros_ws/install/roverc/local/lib/python3.10/dist-packages/roverc/roverc_s__rosidl_typesupport_c.cpython-310-x86_64-linux-gnu.so
[0.756s] -- Up-to-date: /home/robotique/microros_ws/install/roverc/lib/libroverc__rosidl_generator_py.so
[0.756s] -- Up-to-date: /home/robotique/microros_ws/install/roverc/share/roverc/msg/RGB.idl
[0.757s] -- Up-to-date: /home/robotique/microros_ws/install/roverc/share/roverc/msg/WheelSpeed.idl
[0.757s] -- Up-to-date: /home/robotique/microros_ws/install/roverc/share/roverc/msg/RGB.msg
[0.757s] -- Up-to-date: /home/robotique/microros_ws/install/roverc/share/roverc/msg/WheelSpeed.msg
[0.757s] -- Up-to-date: /home/robotique/microros_ws/install/roverc/share/ament_index/resource_index/package_run_dependencies/roverc
[0.757s] -- Up-to-date: /home/robotique/microros_ws/install/roverc/share/ament_index/resource_index/parent_prefix_path/roverc
[0.757s] -- Up-to-date: /home/robotique/microros_ws/install/roverc/share/roverc/environment/ament_prefix_path.sh
[0.758s] -- Up-to-date: /home/robotique/microros_ws/install/roverc/share/roverc/environment/ament_prefix_path.dsv
[0.758s] -- Up-to-date: /home/robotique/microros_ws/install/roverc/share/roverc/environment/path.sh
[0.758s] -- Up-to-date: /home/robotique/microros_ws/install/roverc/share/roverc/environment/path.dsv
[0.758s] -- Up-to-date: /home/robotique/microros_ws/install/roverc/share/roverc/local_setup.bash
[0.758s] -- Up-to-date: /home/robotique/microros_ws/install/roverc/share/roverc/local_setup.sh
[0.758s] -- Up-to-date: /home/robotique/microros_ws/install/roverc/share/roverc/local_setup.zsh
[0.758s] -- Up-to-date: /home/robotique/microros_ws/install/roverc/share/roverc/local_setup.dsv
[0.758s] -- Installing: /home/robotique/microros_ws/install/roverc/share/roverc/package.dsv
[0.759s] -- Up-to-date: /home/robotique/microros_ws/install/roverc/share/ament_index/resource_index/packages/roverc
[0.759s] -- Up-to-date: /home/robotique/microros_ws/install/roverc/share/roverc/cmake/export_roverc__rosidl_generator_cExport.cmake
[0.759s] -- Up-to-date: /home/robotique/microros_ws/install/roverc/share/roverc/cmake/export_roverc__rosidl_generator_cExport-noconfig.cmake
[0.760s] -- Up-to-date: /home/robotique/microros_ws/install/roverc/share/roverc/cmake/export_roverc__rosidl_typesupport_fastrtps_cExport.cmake
[0.760s] -- Up-to-date: /home/robotique/microros_ws/install/roverc/share/roverc/cmake/export_roverc__rosidl_typesupport_fastrtps_cExport-noconfig.cmake
[0.760s] -- Up-to-date: /home/robotique/microros_ws/install/roverc/share/roverc/cmake/roverc__rosidl_typesupport_introspection_cExport.cmake
[0.761s] -- Up-to-date: /home/robotique/microros_ws/install/roverc/share/roverc/cmake/roverc__rosidl_typesupport_introspection_cExport-noconfig.cmake
[0.761s] -- Up-to-date: /home/robotique/microros_ws/install/roverc/share/roverc/cmake/roverc__rosidl_typesupport_cExport.cmake
[0.761s] -- Up-to-date: /home/robotique/microros_ws/install/roverc/share/roverc/cmake/roverc__rosidl_typesupport_cExport-noconfig.cmake
[0.762s] -- Up-to-date: /home/robotique/microros_ws/install/roverc/share/roverc/cmake/export_roverc__rosidl_generator_cppExport.cmake
[0.763s] -- Up-to-date: /home/robotique/microros_ws/install/roverc/share/roverc/cmake/export_roverc__rosidl_typesupport_fastrtps_cppExport.cmake
[0.763s] -- Up-to-date: /home/robotique/microros_ws/install/roverc/share/roverc/cmake/export_roverc__rosidl_typesupport_fastrtps_cppExport-noconfig.cmake
[0.764s] -- Up-to-date: /home/robotique/microros_ws/install/roverc/share/roverc/cmake/roverc__rosidl_typesupport_introspection_cppExport.cmake
[0.764s] -- Up-to-date: /home/robotique/microros_ws/install/roverc/share/roverc/cmake/roverc__rosidl_typesupport_introspection_cppExport-noconfig.cmake
[0.765s] -- Up-to-date: /home/robotique/microros_ws/install/roverc/share/roverc/cmake/roverc__rosidl_typesupport_cppExport.cmake
[0.765s] -- Up-to-date: /home/robotique/microros_ws/install/roverc/share/roverc/cmake/roverc__rosidl_typesupport_cppExport-noconfig.cmake
[0.767s] -- Up-to-date: /home/robotique/microros_ws/install/roverc/share/roverc/cmake/export_roverc__rosidl_generator_pyExport.cmake
[0.767s] -- Up-to-date: /home/robotique/microros_ws/install/roverc/share/roverc/cmake/export_roverc__rosidl_generator_pyExport-noconfig.cmake
[0.767s] -- Up-to-date: /home/robotique/microros_ws/install/roverc/share/roverc/cmake/rosidl_cmake-extras.cmake
[0.767s] -- Up-to-date: /home/robotique/microros_ws/install/roverc/share/roverc/cmake/ament_cmake_export_include_directories-extras.cmake
[0.767s] -- Up-to-date: /home/robotique/microros_ws/install/roverc/share/roverc/cmake/ament_cmake_export_libraries-extras.cmake
[0.767s] -- Up-to-date: /home/robotique/microros_ws/install/roverc/share/roverc/cmake/ament_cmake_export_targets-extras.cmake
[0.768s] -- Up-to-date: /home/robotique/microros_ws/install/roverc/share/roverc/cmake/rosidl_cmake_export_typesupport_targets-extras.cmake
[0.768s] -- Up-to-date: /home/robotique/microros_ws/install/roverc/share/roverc/cmake/ament_cmake_export_dependencies-extras.cmake
[0.768s] -- Up-to-date: /home/robotique/microros_ws/install/roverc/share/roverc/cmake/rosidl_cmake_export_typesupport_libraries-extras.cmake
[0.768s] -- Up-to-date: /home/robotique/microros_ws/install/roverc/share/roverc/cmake/rovercConfig.cmake
[0.768s] -- Up-to-date: /home/robotique/microros_ws/install/roverc/share/roverc/cmake/rovercConfig-version.cmake
[0.768s] -- Up-to-date: /home/robotique/microros_ws/install/roverc/share/roverc/package.xml
[0.771s] Invoked command in '/home/robotique/microros_ws/build/roverc' returned '0': CMAKE_PREFIX_PATH=/opt/ros/humble /usr/bin/cmake --install /home/robotique/microros_ws/build/roverc
