[0.046s] Invoking command in '/home/robotique/microros_ws/build/micro_ros_msgs': CMAKE_PREFIX_PATH=/opt/ros/humble /usr/bin/cmake --build /home/robotique/microros_ws/build/micro_ros_msgs -- -j4 -l4
[0.126s] [35m[1mConsolidate compiler generated dependencies of target micro_ros_msgs__rosidl_generator_c[0m
[0.133s] [  2%] Built target micro_ros_msgs__cpp
[0.151s] [ 12%] Built target micro_ros_msgs__rosidl_generator_c
[0.154s] [35m[1mConsolidate compiler generated dependencies of target micro_ros_msgs__rosidl_typesupport_cpp[0m
[0.172s] [35m[1mConsolidate compiler generated dependencies of target micro_ros_msgs__rosidl_typesupport_fastrtps_cpp[0m
[0.175s] [ 12%] Built target ament_cmake_python_copy_micro_ros_msgs
[0.186s] [ 23%] Built target micro_ros_msgs__rosidl_typesupport_cpp
[0.186s] [35m[1mConsolidate compiler generated dependencies of target micro_ros_msgs__rosidl_typesupport_introspection_cpp[0m
[0.207s] [35m[1mConsolidate compiler generated dependencies of target micro_ros_msgs__rosidl_typesupport_introspection_c[0m
[0.208s] [ 34%] Built target micro_ros_msgs__rosidl_typesupport_fastrtps_cpp
[0.208s] [35m[1mConsolidate compiler generated dependencies of target micro_ros_msgs__rosidl_typesupport_fastrtps_c[0m
[0.219s] [ 44%] Built target micro_ros_msgs__rosidl_typesupport_introspection_cpp
[0.230s] [ 55%] Built target micro_ros_msgs__rosidl_typesupport_introspection_c
[0.253s] [35m[1mConsolidate compiler generated dependencies of target micro_ros_msgs__rosidl_typesupport_c[0m
[0.253s] [ 65%] Built target micro_ros_msgs__rosidl_typesupport_fastrtps_c
[0.264s] [ 76%] Built target micro_ros_msgs__rosidl_typesupport_c
[0.301s] [ 76%] Built target micro_ros_msgs
[0.353s] [ 78%] Built target micro_ros_msgs__py
[0.387s] [35m[1mConsolidate compiler generated dependencies of target micro_ros_msgs__rosidl_generator_py[0m
[0.392s] [ 87%] Built target micro_ros_msgs__rosidl_generator_py
[0.432s] [35m[1mConsolidate compiler generated dependencies of target micro_ros_msgs__rosidl_typesupport_fastrtps_c__pyext[0m
[0.438s] [35m[1mConsolidate compiler generated dependencies of target micro_ros_msgs__rosidl_typesupport_introspection_c__pyext[0m
[0.438s] [35m[1mConsolidate compiler generated dependencies of target micro_ros_msgs__rosidl_typesupport_c__pyext[0m
[0.453s] [ 91%] Built target micro_ros_msgs__rosidl_typesupport_introspection_c__pyext
[0.454s] [ 95%] Built target micro_ros_msgs__rosidl_typesupport_fastrtps_c__pyext
[0.514s] running egg_info
[0.514s] [100%] Built target micro_ros_msgs__rosidl_typesupport_c__pyext
[0.515s] writing micro_ros_msgs.egg-info/PKG-INFO
[0.516s] writing dependency_links to micro_ros_msgs.egg-info/dependency_links.txt
[0.516s] writing top-level names to micro_ros_msgs.egg-info/top_level.txt
[0.518s] reading manifest file 'micro_ros_msgs.egg-info/SOURCES.txt'
[0.519s] writing manifest file 'micro_ros_msgs.egg-info/SOURCES.txt'
[0.542s] [100%] Built target ament_cmake_python_build_micro_ros_msgs_egg
[0.560s] Invoked command in '/home/robotique/microros_ws/build/micro_ros_msgs' returned '0': CMAKE_PREFIX_PATH=/opt/ros/humble /usr/bin/cmake --build /home/robotique/microros_ws/build/micro_ros_msgs -- -j4 -l4
[0.731s] Invoking command in '/home/robotique/microros_ws/build/micro_ros_msgs': CMAKE_PREFIX_PATH=/opt/ros/humble /usr/bin/cmake --install /home/robotique/microros_ws/build/micro_ros_msgs
[0.746s] -- Install configuration: ""
[0.747s] -- Up-to-date: /home/robotique/microros_ws/install/micro_ros_msgs/share/ament_index/resource_index/rosidl_interfaces/micro_ros_msgs
[0.747s] -- Up-to-date: /home/robotique/microros_ws/install/micro_ros_msgs/include/micro_ros_msgs/micro_ros_msgs
[0.752s] -- Up-to-date: /home/robotique/microros_ws/install/micro_ros_msgs/include/micro_ros_msgs/micro_ros_msgs/msg
[0.752s] -- Up-to-date: /home/robotique/microros_ws/install/micro_ros_msgs/include/micro_ros_msgs/micro_ros_msgs/msg/detail
[0.752s] -- Up-to-date: /home/robotique/microros_ws/install/micro_ros_msgs/include/micro_ros_msgs/micro_ros_msgs/msg/detail/entity__functions.c
[0.752s] -- Up-to-date: /home/robotique/microros_ws/install/micro_ros_msgs/include/micro_ros_msgs/micro_ros_msgs/msg/detail/graph__functions.c
[0.752s] -- Up-to-date: /home/robotique/microros_ws/install/micro_ros_msgs/include/micro_ros_msgs/micro_ros_msgs/msg/detail/graph__functions.h
[0.753s] -- Up-to-date: /home/robotique/microros_ws/install/micro_ros_msgs/include/micro_ros_msgs/micro_ros_msgs/msg/detail/node__functions.h
[0.753s] -- Up-to-date: /home/robotique/microros_ws/install/micro_ros_msgs/include/micro_ros_msgs/micro_ros_msgs/msg/detail/node__functions.c
[0.753s] -- Up-to-date: /home/robotique/microros_ws/install/micro_ros_msgs/include/micro_ros_msgs/micro_ros_msgs/msg/detail/graph__type_support.h
[0.753s] -- Up-to-date: /home/robotique/microros_ws/install/micro_ros_msgs/include/micro_ros_msgs/micro_ros_msgs/msg/detail/node__type_support.h
[0.753s] -- Up-to-date: /home/robotique/microros_ws/install/micro_ros_msgs/include/micro_ros_msgs/micro_ros_msgs/msg/detail/entity__struct.h
[0.753s] -- Up-to-date: /home/robotique/microros_ws/install/micro_ros_msgs/include/micro_ros_msgs/micro_ros_msgs/msg/detail/entity__functions.h
[0.753s] -- Up-to-date: /home/robotique/microros_ws/install/micro_ros_msgs/include/micro_ros_msgs/micro_ros_msgs/msg/detail/graph__struct.h
[0.753s] -- Up-to-date: /home/robotique/microros_ws/install/micro_ros_msgs/include/micro_ros_msgs/micro_ros_msgs/msg/detail/node__struct.h
[0.754s] -- Up-to-date: /home/robotique/microros_ws/install/micro_ros_msgs/include/micro_ros_msgs/micro_ros_msgs/msg/detail/entity__type_support.h
[0.754s] -- Up-to-date: /home/robotique/microros_ws/install/micro_ros_msgs/include/micro_ros_msgs/micro_ros_msgs/msg/rosidl_generator_c__visibility_control.h
[0.754s] -- Up-to-date: /home/robotique/microros_ws/install/micro_ros_msgs/include/micro_ros_msgs/micro_ros_msgs/msg/entity.h
[0.754s] -- Up-to-date: /home/robotique/microros_ws/install/micro_ros_msgs/include/micro_ros_msgs/micro_ros_msgs/msg/graph.h
[0.754s] -- Up-to-date: /home/robotique/microros_ws/install/micro_ros_msgs/include/micro_ros_msgs/micro_ros_msgs/msg/node.h
[0.754s] -- Up-to-date: /home/robotique/microros_ws/install/micro_ros_msgs/share/micro_ros_msgs/environment/library_path.sh
[0.754s] -- Up-to-date: /home/robotique/microros_ws/install/micro_ros_msgs/share/micro_ros_msgs/environment/library_path.dsv
[0.754s] -- Up-to-date: /home/robotique/microros_ws/install/micro_ros_msgs/lib/libmicro_ros_msgs__rosidl_generator_c.so
[0.754s] -- Up-to-date: /home/robotique/microros_ws/install/micro_ros_msgs/include/micro_ros_msgs/micro_ros_msgs
[0.754s] -- Up-to-date: /home/robotique/microros_ws/install/micro_ros_msgs/include/micro_ros_msgs/micro_ros_msgs/msg
[0.754s] -- Up-to-date: /home/robotique/microros_ws/install/micro_ros_msgs/include/micro_ros_msgs/micro_ros_msgs/msg/detail
[0.754s] -- Up-to-date: /home/robotique/microros_ws/install/micro_ros_msgs/include/micro_ros_msgs/micro_ros_msgs/msg/detail/entity__rosidl_typesupport_fastrtps_c.h
[0.754s] -- Up-to-date: /home/robotique/microros_ws/install/micro_ros_msgs/include/micro_ros_msgs/micro_ros_msgs/msg/detail/graph__rosidl_typesupport_fastrtps_c.h
[0.754s] -- Up-to-date: /home/robotique/microros_ws/install/micro_ros_msgs/include/micro_ros_msgs/micro_ros_msgs/msg/detail/node__rosidl_typesupport_fastrtps_c.h
[0.754s] -- Up-to-date: /home/robotique/microros_ws/install/micro_ros_msgs/include/micro_ros_msgs/micro_ros_msgs/msg/rosidl_typesupport_fastrtps_c__visibility_control.h
[0.754s] -- Up-to-date: /home/robotique/microros_ws/install/micro_ros_msgs/lib/libmicro_ros_msgs__rosidl_typesupport_fastrtps_c.so
[0.754s] -- Up-to-date: /home/robotique/microros_ws/install/micro_ros_msgs/include/micro_ros_msgs/micro_ros_msgs
[0.754s] -- Up-to-date: /home/robotique/microros_ws/install/micro_ros_msgs/include/micro_ros_msgs/micro_ros_msgs/msg
[0.755s] -- Up-to-date: /home/robotique/microros_ws/install/micro_ros_msgs/include/micro_ros_msgs/micro_ros_msgs/msg/detail
[0.755s] -- Up-to-date: /home/robotique/microros_ws/install/micro_ros_msgs/include/micro_ros_msgs/micro_ros_msgs/msg/detail/graph__rosidl_typesupport_introspection_c.h
[0.755s] -- Up-to-date: /home/robotique/microros_ws/install/micro_ros_msgs/include/micro_ros_msgs/micro_ros_msgs/msg/detail/entity__type_support.c
[0.755s] -- Up-to-date: /home/robotique/microros_ws/install/micro_ros_msgs/include/micro_ros_msgs/micro_ros_msgs/msg/detail/graph__type_support.c
[0.755s] -- Up-to-date: /home/robotique/microros_ws/install/micro_ros_msgs/include/micro_ros_msgs/micro_ros_msgs/msg/detail/node__type_support.c
[0.755s] -- Up-to-date: /home/robotique/microros_ws/install/micro_ros_msgs/include/micro_ros_msgs/micro_ros_msgs/msg/detail/entity__rosidl_typesupport_introspection_c.h
[0.755s] -- Up-to-date: /home/robotique/microros_ws/install/micro_ros_msgs/include/micro_ros_msgs/micro_ros_msgs/msg/detail/node__rosidl_typesupport_introspection_c.h
[0.755s] -- Up-to-date: /home/robotique/microros_ws/install/micro_ros_msgs/include/micro_ros_msgs/micro_ros_msgs/msg/rosidl_typesupport_introspection_c__visibility_control.h
[0.755s] -- Up-to-date: /home/robotique/microros_ws/install/micro_ros_msgs/lib/libmicro_ros_msgs__rosidl_typesupport_introspection_c.so
[0.755s] -- Up-to-date: /home/robotique/microros_ws/install/micro_ros_msgs/lib/libmicro_ros_msgs__rosidl_typesupport_c.so
[0.755s] -- Up-to-date: /home/robotique/microros_ws/install/micro_ros_msgs/include/micro_ros_msgs/micro_ros_msgs
[0.755s] -- Up-to-date: /home/robotique/microros_ws/install/micro_ros_msgs/include/micro_ros_msgs/micro_ros_msgs/msg
[0.755s] -- Up-to-date: /home/robotique/microros_ws/install/micro_ros_msgs/include/micro_ros_msgs/micro_ros_msgs/msg/entity.hpp
[0.755s] -- Up-to-date: /home/robotique/microros_ws/install/micro_ros_msgs/include/micro_ros_msgs/micro_ros_msgs/msg/detail
[0.755s] -- Up-to-date: /home/robotique/microros_ws/install/micro_ros_msgs/include/micro_ros_msgs/micro_ros_msgs/msg/detail/node__traits.hpp
[0.755s] -- Up-to-date: /home/robotique/microros_ws/install/micro_ros_msgs/include/micro_ros_msgs/micro_ros_msgs/msg/detail/entity__traits.hpp
[0.756s] -- Up-to-date: /home/robotique/microros_ws/install/micro_ros_msgs/include/micro_ros_msgs/micro_ros_msgs/msg/detail/node__struct.hpp
[0.756s] -- Up-to-date: /home/robotique/microros_ws/install/micro_ros_msgs/include/micro_ros_msgs/micro_ros_msgs/msg/detail/graph__struct.hpp
[0.756s] -- Up-to-date: /home/robotique/microros_ws/install/micro_ros_msgs/include/micro_ros_msgs/micro_ros_msgs/msg/detail/entity__builder.hpp
[0.756s] -- Up-to-date: /home/robotique/microros_ws/install/micro_ros_msgs/include/micro_ros_msgs/micro_ros_msgs/msg/detail/graph__builder.hpp
[0.756s] -- Up-to-date: /home/robotique/microros_ws/install/micro_ros_msgs/include/micro_ros_msgs/micro_ros_msgs/msg/detail/graph__traits.hpp
[0.756s] -- Up-to-date: /home/robotique/microros_ws/install/micro_ros_msgs/include/micro_ros_msgs/micro_ros_msgs/msg/detail/node__builder.hpp
[0.756s] -- Up-to-date: /home/robotique/microros_ws/install/micro_ros_msgs/include/micro_ros_msgs/micro_ros_msgs/msg/detail/entity__struct.hpp
[0.756s] -- Up-to-date: /home/robotique/microros_ws/install/micro_ros_msgs/include/micro_ros_msgs/micro_ros_msgs/msg/graph.hpp
[0.756s] -- Up-to-date: /home/robotique/microros_ws/install/micro_ros_msgs/include/micro_ros_msgs/micro_ros_msgs/msg/node.hpp
[0.756s] -- Up-to-date: /home/robotique/microros_ws/install/micro_ros_msgs/include/micro_ros_msgs/micro_ros_msgs
[0.756s] -- Up-to-date: /home/robotique/microros_ws/install/micro_ros_msgs/include/micro_ros_msgs/micro_ros_msgs/msg
[0.756s] -- Up-to-date: /home/robotique/microros_ws/install/micro_ros_msgs/include/micro_ros_msgs/micro_ros_msgs/msg/detail
[0.756s] -- Up-to-date: /home/robotique/microros_ws/install/micro_ros_msgs/include/micro_ros_msgs/micro_ros_msgs/msg/detail/node__rosidl_typesupport_fastrtps_cpp.hpp
[0.756s] -- Up-to-date: /home/robotique/microros_ws/install/micro_ros_msgs/include/micro_ros_msgs/micro_ros_msgs/msg/detail/graph__rosidl_typesupport_fastrtps_cpp.hpp
[0.756s] -- Up-to-date: /home/robotique/microros_ws/install/micro_ros_msgs/include/micro_ros_msgs/micro_ros_msgs/msg/detail/entity__rosidl_typesupport_fastrtps_cpp.hpp
[0.756s] -- Up-to-date: /home/robotique/microros_ws/install/micro_ros_msgs/include/micro_ros_msgs/micro_ros_msgs/msg/detail/dds_fastrtps
[0.756s] -- Up-to-date: /home/robotique/microros_ws/install/micro_ros_msgs/include/micro_ros_msgs/micro_ros_msgs/msg/rosidl_typesupport_fastrtps_cpp__visibility_control.h
[0.756s] -- Up-to-date: /home/robotique/microros_ws/install/micro_ros_msgs/lib/libmicro_ros_msgs__rosidl_typesupport_fastrtps_cpp.so
[0.756s] -- Up-to-date: /home/robotique/microros_ws/install/micro_ros_msgs/include/micro_ros_msgs/micro_ros_msgs
[0.757s] -- Up-to-date: /home/robotique/microros_ws/install/micro_ros_msgs/include/micro_ros_msgs/micro_ros_msgs/msg
[0.757s] -- Up-to-date: /home/robotique/microros_ws/install/micro_ros_msgs/include/micro_ros_msgs/micro_ros_msgs/msg/detail
[0.757s] -- Up-to-date: /home/robotique/microros_ws/install/micro_ros_msgs/include/micro_ros_msgs/micro_ros_msgs/msg/detail/graph__rosidl_typesupport_introspection_cpp.hpp
[0.757s] -- Up-to-date: /home/robotique/microros_ws/install/micro_ros_msgs/include/micro_ros_msgs/micro_ros_msgs/msg/detail/node__type_support.cpp
[0.757s] -- Up-to-date: /home/robotique/microros_ws/install/micro_ros_msgs/include/micro_ros_msgs/micro_ros_msgs/msg/detail/entity__type_support.cpp
[0.757s] -- Up-to-date: /home/robotique/microros_ws/install/micro_ros_msgs/include/micro_ros_msgs/micro_ros_msgs/msg/detail/graph__type_support.cpp
[0.757s] -- Up-to-date: /home/robotique/microros_ws/install/micro_ros_msgs/include/micro_ros_msgs/micro_ros_msgs/msg/detail/node__rosidl_typesupport_introspection_cpp.hpp
[0.757s] -- Up-to-date: /home/robotique/microros_ws/install/micro_ros_msgs/include/micro_ros_msgs/micro_ros_msgs/msg/detail/entity__rosidl_typesupport_introspection_cpp.hpp
[0.757s] -- Up-to-date: /home/robotique/microros_ws/install/micro_ros_msgs/lib/libmicro_ros_msgs__rosidl_typesupport_introspection_cpp.so
[0.757s] -- Up-to-date: /home/robotique/microros_ws/install/micro_ros_msgs/lib/libmicro_ros_msgs__rosidl_typesupport_cpp.so
[0.757s] -- Up-to-date: /home/robotique/microros_ws/install/micro_ros_msgs/share/micro_ros_msgs/environment/pythonpath.sh
[0.757s] -- Up-to-date: /home/robotique/microros_ws/install/micro_ros_msgs/share/micro_ros_msgs/environment/pythonpath.dsv
[0.757s] -- Up-to-date: /home/robotique/microros_ws/install/micro_ros_msgs/local/lib/python3.10/dist-packages/micro_ros_msgs-1.0.0-py3.10.egg-info
[0.757s] -- Installing: /home/robotique/microros_ws/install/micro_ros_msgs/local/lib/python3.10/dist-packages/micro_ros_msgs-1.0.0-py3.10.egg-info/PKG-INFO
[0.757s] -- Installing: /home/robotique/microros_ws/install/micro_ros_msgs/local/lib/python3.10/dist-packages/micro_ros_msgs-1.0.0-py3.10.egg-info/SOURCES.txt
[0.757s] -- Installing: /home/robotique/microros_ws/install/micro_ros_msgs/local/lib/python3.10/dist-packages/micro_ros_msgs-1.0.0-py3.10.egg-info/dependency_links.txt
[0.757s] -- Installing: /home/robotique/microros_ws/install/micro_ros_msgs/local/lib/python3.10/dist-packages/micro_ros_msgs-1.0.0-py3.10.egg-info/top_level.txt
[0.758s] -- Up-to-date: /home/robotique/microros_ws/install/micro_ros_msgs/local/lib/python3.10/dist-packages/micro_ros_msgs
[0.758s] -- Up-to-date: /home/robotique/microros_ws/install/micro_ros_msgs/local/lib/python3.10/dist-packages/micro_ros_msgs/micro_ros_msgs_s__rosidl_typesupport_c.cpython-310-x86_64-linux-gnu.so
[0.758s] -- Up-to-date: /home/robotique/microros_ws/install/micro_ros_msgs/local/lib/python3.10/dist-packages/micro_ros_msgs/libmicro_ros_msgs__rosidl_generator_py.so
[0.758s] -- Up-to-date: /home/robotique/microros_ws/install/micro_ros_msgs/local/lib/python3.10/dist-packages/micro_ros_msgs/micro_ros_msgs_s__rosidl_typesupport_fastrtps_c.cpython-310-x86_64-linux-gnu.so
[0.758s] -- Up-to-date: /home/robotique/microros_ws/install/micro_ros_msgs/local/lib/python3.10/dist-packages/micro_ros_msgs/__init__.py
[0.758s] -- Up-to-date: /home/robotique/microros_ws/install/micro_ros_msgs/local/lib/python3.10/dist-packages/micro_ros_msgs/_micro_ros_msgs_s.ep.rosidl_typesupport_introspection_c.c
[0.758s] -- Up-to-date: /home/robotique/microros_ws/install/micro_ros_msgs/local/lib/python3.10/dist-packages/micro_ros_msgs/_micro_ros_msgs_s.ep.rosidl_typesupport_c.c
[0.758s] -- Up-to-date: /home/robotique/microros_ws/install/micro_ros_msgs/local/lib/python3.10/dist-packages/micro_ros_msgs/micro_ros_msgs_s__rosidl_typesupport_introspection_c.cpython-310-x86_64-linux-gnu.so
[0.758s] -- Up-to-date: /home/robotique/microros_ws/install/micro_ros_msgs/local/lib/python3.10/dist-packages/micro_ros_msgs/msg
[0.758s] -- Up-to-date: /home/robotique/microros_ws/install/micro_ros_msgs/local/lib/python3.10/dist-packages/micro_ros_msgs/msg/_graph.py
[0.758s] -- Up-to-date: /home/robotique/microros_ws/install/micro_ros_msgs/local/lib/python3.10/dist-packages/micro_ros_msgs/msg/_entity_s.c
[0.758s] -- Up-to-date: /home/robotique/microros_ws/install/micro_ros_msgs/local/lib/python3.10/dist-packages/micro_ros_msgs/msg/__init__.py
[0.758s] -- Up-to-date: /home/robotique/microros_ws/install/micro_ros_msgs/local/lib/python3.10/dist-packages/micro_ros_msgs/msg/_entity.py
[0.758s] -- Up-to-date: /home/robotique/microros_ws/install/micro_ros_msgs/local/lib/python3.10/dist-packages/micro_ros_msgs/msg/_node.py
[0.758s] -- Up-to-date: /home/robotique/microros_ws/install/micro_ros_msgs/local/lib/python3.10/dist-packages/micro_ros_msgs/msg/_graph_s.c
[0.758s] -- Up-to-date: /home/robotique/microros_ws/install/micro_ros_msgs/local/lib/python3.10/dist-packages/micro_ros_msgs/msg/_node_s.c
[0.758s] -- Up-to-date: /home/robotique/microros_ws/install/micro_ros_msgs/local/lib/python3.10/dist-packages/micro_ros_msgs/_micro_ros_msgs_s.ep.rosidl_typesupport_fastrtps_c.c
[0.791s] Listing '/home/robotique/microros_ws/install/micro_ros_msgs/local/lib/python3.10/dist-packages/micro_ros_msgs'...
[0.791s] Listing '/home/robotique/microros_ws/install/micro_ros_msgs/local/lib/python3.10/dist-packages/micro_ros_msgs/msg'...
[0.796s] -- Up-to-date: /home/robotique/microros_ws/install/micro_ros_msgs/local/lib/python3.10/dist-packages/micro_ros_msgs/micro_ros_msgs_s__rosidl_typesupport_fastrtps_c.cpython-310-x86_64-linux-gnu.so
[0.797s] -- Up-to-date: /home/robotique/microros_ws/install/micro_ros_msgs/local/lib/python3.10/dist-packages/micro_ros_msgs/micro_ros_msgs_s__rosidl_typesupport_introspection_c.cpython-310-x86_64-linux-gnu.so
[0.797s] -- Up-to-date: /home/robotique/microros_ws/install/micro_ros_msgs/local/lib/python3.10/dist-packages/micro_ros_msgs/micro_ros_msgs_s__rosidl_typesupport_c.cpython-310-x86_64-linux-gnu.so
[0.798s] -- Up-to-date: /home/robotique/microros_ws/install/micro_ros_msgs/lib/libmicro_ros_msgs__rosidl_generator_py.so
[0.798s] -- Up-to-date: /home/robotique/microros_ws/install/micro_ros_msgs/share/micro_ros_msgs/msg/Graph.idl
[0.798s] -- Up-to-date: /home/robotique/microros_ws/install/micro_ros_msgs/share/micro_ros_msgs/msg/Node.idl
[0.799s] -- Up-to-date: /home/robotique/microros_ws/install/micro_ros_msgs/share/micro_ros_msgs/msg/Entity.idl
[0.799s] -- Up-to-date: /home/robotique/microros_ws/install/micro_ros_msgs/share/micro_ros_msgs/msg/Graph.msg
[0.800s] -- Up-to-date: /home/robotique/microros_ws/install/micro_ros_msgs/share/micro_ros_msgs/msg/Node.msg
[0.801s] -- Up-to-date: /home/robotique/microros_ws/install/micro_ros_msgs/share/micro_ros_msgs/msg/Entity.msg
[0.801s] -- Up-to-date: /home/robotique/microros_ws/install/micro_ros_msgs/share/ament_index/resource_index/package_run_dependencies/micro_ros_msgs
[0.802s] -- Up-to-date: /home/robotique/microros_ws/install/micro_ros_msgs/share/ament_index/resource_index/parent_prefix_path/micro_ros_msgs
[0.802s] -- Up-to-date: /home/robotique/microros_ws/install/micro_ros_msgs/share/micro_ros_msgs/environment/ament_prefix_path.sh
[0.803s] -- Up-to-date: /home/robotique/microros_ws/install/micro_ros_msgs/share/micro_ros_msgs/environment/ament_prefix_path.dsv
[0.803s] -- Up-to-date: /home/robotique/microros_ws/install/micro_ros_msgs/share/micro_ros_msgs/environment/path.sh
[0.804s] -- Up-to-date: /home/robotique/microros_ws/install/micro_ros_msgs/share/micro_ros_msgs/environment/path.dsv
[0.804s] -- Up-to-date: /home/robotique/microros_ws/install/micro_ros_msgs/share/micro_ros_msgs/local_setup.bash
[0.805s] -- Up-to-date: /home/robotique/microros_ws/install/micro_ros_msgs/share/micro_ros_msgs/local_setup.sh
[0.806s] -- Up-to-date: /home/robotique/microros_ws/install/micro_ros_msgs/share/micro_ros_msgs/local_setup.zsh
[0.806s] -- Up-to-date: /home/robotique/microros_ws/install/micro_ros_msgs/share/micro_ros_msgs/local_setup.dsv
[0.809s] -- Installing: /home/robotique/microros_ws/install/micro_ros_msgs/share/micro_ros_msgs/package.dsv
[0.809s] -- Up-to-date: /home/robotique/microros_ws/install/micro_ros_msgs/share/ament_index/resource_index/packages/micro_ros_msgs
[0.810s] -- Up-to-date: /home/robotique/microros_ws/install/micro_ros_msgs/share/micro_ros_msgs/cmake/export_micro_ros_msgs__rosidl_generator_cExport.cmake
[0.811s] -- Up-to-date: /home/robotique/microros_ws/install/micro_ros_msgs/share/micro_ros_msgs/cmake/export_micro_ros_msgs__rosidl_generator_cExport-noconfig.cmake
[0.811s] -- Up-to-date: /home/robotique/microros_ws/install/micro_ros_msgs/share/micro_ros_msgs/cmake/export_micro_ros_msgs__rosidl_typesupport_fastrtps_cExport.cmake
[0.811s] -- Up-to-date: /home/robotique/microros_ws/install/micro_ros_msgs/share/micro_ros_msgs/cmake/export_micro_ros_msgs__rosidl_typesupport_fastrtps_cExport-noconfig.cmake
[0.812s] -- Up-to-date: /home/robotique/microros_ws/install/micro_ros_msgs/share/micro_ros_msgs/cmake/micro_ros_msgs__rosidl_typesupport_introspection_cExport.cmake
[0.813s] -- Up-to-date: /home/robotique/microros_ws/install/micro_ros_msgs/share/micro_ros_msgs/cmake/micro_ros_msgs__rosidl_typesupport_introspection_cExport-noconfig.cmake
[0.813s] -- Up-to-date: /home/robotique/microros_ws/install/micro_ros_msgs/share/micro_ros_msgs/cmake/micro_ros_msgs__rosidl_typesupport_cExport.cmake
[0.813s] -- Up-to-date: /home/robotique/microros_ws/install/micro_ros_msgs/share/micro_ros_msgs/cmake/micro_ros_msgs__rosidl_typesupport_cExport-noconfig.cmake
[0.813s] -- Up-to-date: /home/robotique/microros_ws/install/micro_ros_msgs/share/micro_ros_msgs/cmake/export_micro_ros_msgs__rosidl_generator_cppExport.cmake
[0.813s] -- Up-to-date: /home/robotique/microros_ws/install/micro_ros_msgs/share/micro_ros_msgs/cmake/export_micro_ros_msgs__rosidl_typesupport_fastrtps_cppExport.cmake
[0.813s] -- Up-to-date: /home/robotique/microros_ws/install/micro_ros_msgs/share/micro_ros_msgs/cmake/export_micro_ros_msgs__rosidl_typesupport_fastrtps_cppExport-noconfig.cmake
[0.816s] -- Up-to-date: /home/robotique/microros_ws/install/micro_ros_msgs/share/micro_ros_msgs/cmake/micro_ros_msgs__rosidl_typesupport_introspection_cppExport.cmake
[0.817s] -- Up-to-date: /home/robotique/microros_ws/install/micro_ros_msgs/share/micro_ros_msgs/cmake/micro_ros_msgs__rosidl_typesupport_introspection_cppExport-noconfig.cmake
[0.817s] -- Up-to-date: /home/robotique/microros_ws/install/micro_ros_msgs/share/micro_ros_msgs/cmake/micro_ros_msgs__rosidl_typesupport_cppExport.cmake
[0.818s] -- Up-to-date: /home/robotique/microros_ws/install/micro_ros_msgs/share/micro_ros_msgs/cmake/micro_ros_msgs__rosidl_typesupport_cppExport-noconfig.cmake
[0.818s] -- Up-to-date: /home/robotique/microros_ws/install/micro_ros_msgs/share/micro_ros_msgs/cmake/export_micro_ros_msgs__rosidl_generator_pyExport.cmake
[0.818s] -- Up-to-date: /home/robotique/microros_ws/install/micro_ros_msgs/share/micro_ros_msgs/cmake/export_micro_ros_msgs__rosidl_generator_pyExport-noconfig.cmake
[0.821s] -- Up-to-date: /home/robotique/microros_ws/install/micro_ros_msgs/share/micro_ros_msgs/cmake/rosidl_cmake-extras.cmake
[0.821s] -- Up-to-date: /home/robotique/microros_ws/install/micro_ros_msgs/share/micro_ros_msgs/cmake/ament_cmake_export_include_directories-extras.cmake
[0.821s] -- Up-to-date: /home/robotique/microros_ws/install/micro_ros_msgs/share/micro_ros_msgs/cmake/ament_cmake_export_libraries-extras.cmake
[0.821s] -- Up-to-date: /home/robotique/microros_ws/install/micro_ros_msgs/share/micro_ros_msgs/cmake/ament_cmake_export_targets-extras.cmake
[0.822s] -- Up-to-date: /home/robotique/microros_ws/install/micro_ros_msgs/share/micro_ros_msgs/cmake/rosidl_cmake_export_typesupport_targets-extras.cmake
[0.823s] -- Up-to-date: /home/robotique/microros_ws/install/micro_ros_msgs/share/micro_ros_msgs/cmake/ament_cmake_export_dependencies-extras.cmake
[0.823s] -- Up-to-date: /home/robotique/microros_ws/install/micro_ros_msgs/share/micro_ros_msgs/cmake/rosidl_cmake_export_typesupport_libraries-extras.cmake
[0.824s] -- Up-to-date: /home/robotique/microros_ws/install/micro_ros_msgs/share/micro_ros_msgs/cmake/micro_ros_msgsConfig.cmake
[0.824s] -- Up-to-date: /home/robotique/microros_ws/install/micro_ros_msgs/share/micro_ros_msgs/cmake/micro_ros_msgsConfig-version.cmake
[0.824s] -- Up-to-date: /home/robotique/microros_ws/install/micro_ros_msgs/share/micro_ros_msgs/package.xml
[0.829s] Invoked command in '/home/robotique/microros_ws/build/micro_ros_msgs' returned '0': CMAKE_PREFIX_PATH=/opt/ros/humble /usr/bin/cmake --install /home/robotique/microros_ws/build/micro_ros_msgs
