[  2%] Built target roverc__cpp
[ 12%] Built target roverc__rosidl_generator_c
[ 12%] Built target ament_cmake_python_copy_roverc
[ 23%] Built target roverc__rosidl_typesupport_fastrtps_cpp
[ 33%] Built target roverc__rosidl_typesupport_introspection_cpp
[ 43%] Built target roverc__rosidl_typesupport_cpp
[ 53%] Built target roverc__rosidl_typesupport_fastrtps_c
[ 64%] Built target roverc__rosidl_typesupport_introspection_c
[ 74%] Built target roverc__rosidl_typesupport_c
[ 74%] Built target roverc
[ 76%] Built target roverc__py
[ 84%] Built target roverc__rosidl_generator_py
[ 89%] Built target roverc__rosidl_typesupport_fastrtps_c__pyext
[ 94%] Built target roverc__rosidl_typesupport_c__pyext
[100%] Built target roverc__rosidl_typesupport_introspection_c__pyext
running egg_info
writing roverc.egg-info/PKG-INFO
writing dependency_links to roverc.egg-info/dependency_links.txt
writing top-level names to roverc.egg-info/top_level.txt
reading manifest file 'roverc.egg-info/SOURCES.txt'
writing manifest file 'roverc.egg-info/SOURCES.txt'
[100%] Built target ament_cmake_python_build_roverc_egg
-- Install configuration: ""
-- Up-to-date: /home/robotique/microros_ws/install/roverc/share/ament_index/resource_index/rosidl_interfaces/roverc
-- Up-to-date: /home/robotique/microros_ws/install/roverc/include/roverc/roverc
-- Up-to-date: /home/robotique/microros_ws/install/roverc/include/roverc/roverc/msg
-- Up-to-date: /home/robotique/microros_ws/install/roverc/include/roverc/roverc/msg/detail
-- Up-to-date: /home/robotique/microros_ws/install/roverc/include/roverc/roverc/msg/detail/rgb__type_support.h
-- Up-to-date: /home/robotique/microros_ws/install/roverc/include/roverc/roverc/msg/detail/rgb__functions.h
-- Up-to-date: /home/robotique/microros_ws/install/roverc/include/roverc/roverc/msg/detail/rgb__functions.c
-- Up-to-date: /home/robotique/microros_ws/install/roverc/include/roverc/roverc/msg/detail/rgb__struct.h
-- Up-to-date: /home/robotique/microros_ws/install/roverc/include/roverc/roverc/msg/detail/wheel_speed__functions.c
-- Up-to-date: /home/robotique/microros_ws/install/roverc/include/roverc/roverc/msg/detail/wheel_speed__functions.h
-- Up-to-date: /home/robotique/microros_ws/install/roverc/include/roverc/roverc/msg/detail/wheel_speed__type_support.h
-- Up-to-date: /home/robotique/microros_ws/install/roverc/include/roverc/roverc/msg/detail/wheel_speed__struct.h
-- Up-to-date: /home/robotique/microros_ws/install/roverc/include/roverc/roverc/msg/rosidl_generator_c__visibility_control.h
-- Up-to-date: /home/robotique/microros_ws/install/roverc/include/roverc/roverc/msg/wheel_speed.h
-- Up-to-date: /home/robotique/microros_ws/install/roverc/include/roverc/roverc/msg/rgb.h
-- Up-to-date: /home/robotique/microros_ws/install/roverc/share/roverc/environment/library_path.sh
-- Up-to-date: /home/robotique/microros_ws/install/roverc/share/roverc/environment/library_path.dsv
-- Up-to-date: /home/robotique/microros_ws/install/roverc/lib/libroverc__rosidl_generator_c.so
-- Up-to-date: /home/robotique/microros_ws/install/roverc/include/roverc/roverc
-- Up-to-date: /home/robotique/microros_ws/install/roverc/include/roverc/roverc/msg
-- Up-to-date: /home/robotique/microros_ws/install/roverc/include/roverc/roverc/msg/detail
-- Up-to-date: /home/robotique/microros_ws/install/roverc/include/roverc/roverc/msg/detail/rgb__rosidl_typesupport_fastrtps_c.h
-- Up-to-date: /home/robotique/microros_ws/install/roverc/include/roverc/roverc/msg/detail/wheel_speed__rosidl_typesupport_fastrtps_c.h
-- Up-to-date: /home/robotique/microros_ws/install/roverc/include/roverc/roverc/msg/rosidl_typesupport_fastrtps_c__visibility_control.h
-- Up-to-date: /home/robotique/microros_ws/install/roverc/lib/libroverc__rosidl_typesupport_fastrtps_c.so
-- Up-to-date: /home/robotique/microros_ws/install/roverc/include/roverc/roverc
-- Up-to-date: /home/robotique/microros_ws/install/roverc/include/roverc/roverc/msg
-- Up-to-date: /home/robotique/microros_ws/install/roverc/include/roverc/roverc/msg/detail
-- Up-to-date: /home/robotique/microros_ws/install/roverc/include/roverc/roverc/msg/detail/rgb__rosidl_typesupport_introspection_c.h
-- Up-to-date: /home/robotique/microros_ws/install/roverc/include/roverc/roverc/msg/detail/wheel_speed__type_support.c
-- Up-to-date: /home/robotique/microros_ws/install/roverc/include/roverc/roverc/msg/detail/rgb__type_support.c
-- Up-to-date: /home/robotique/microros_ws/install/roverc/include/roverc/roverc/msg/detail/wheel_speed__rosidl_typesupport_introspection_c.h
-- Up-to-date: /home/robotique/microros_ws/install/roverc/include/roverc/roverc/msg/rosidl_typesupport_introspection_c__visibility_control.h
-- Up-to-date: /home/robotique/microros_ws/install/roverc/lib/libroverc__rosidl_typesupport_introspection_c.so
-- Up-to-date: /home/robotique/microros_ws/install/roverc/lib/libroverc__rosidl_typesupport_c.so
-- Up-to-date: /home/robotique/microros_ws/install/roverc/include/roverc/roverc
-- Up-to-date: /home/robotique/microros_ws/install/roverc/include/roverc/roverc/msg
-- Up-to-date: /home/robotique/microros_ws/install/roverc/include/roverc/roverc/msg/detail
-- Up-to-date: /home/robotique/microros_ws/install/roverc/include/roverc/roverc/msg/detail/wheel_speed__builder.hpp
-- Up-to-date: /home/robotique/microros_ws/install/roverc/include/roverc/roverc/msg/detail/wheel_speed__struct.hpp
-- Up-to-date: /home/robotique/microros_ws/install/roverc/include/roverc/roverc/msg/detail/rgb__traits.hpp
-- Up-to-date: /home/robotique/microros_ws/install/roverc/include/roverc/roverc/msg/detail/rgb__struct.hpp
-- Up-to-date: /home/robotique/microros_ws/install/roverc/include/roverc/roverc/msg/detail/rgb__builder.hpp
-- Up-to-date: /home/robotique/microros_ws/install/roverc/include/roverc/roverc/msg/detail/wheel_speed__traits.hpp
-- Up-to-date: /home/robotique/microros_ws/install/roverc/include/roverc/roverc/msg/rgb.hpp
-- Up-to-date: /home/robotique/microros_ws/install/roverc/include/roverc/roverc/msg/wheel_speed.hpp
-- Up-to-date: /home/robotique/microros_ws/install/roverc/include/roverc/roverc
-- Up-to-date: /home/robotique/microros_ws/install/roverc/include/roverc/roverc/msg
-- Up-to-date: /home/robotique/microros_ws/install/roverc/include/roverc/roverc/msg/detail
-- Up-to-date: /home/robotique/microros_ws/install/roverc/include/roverc/roverc/msg/detail/wheel_speed__rosidl_typesupport_fastrtps_cpp.hpp
-- Up-to-date: /home/robotique/microros_ws/install/roverc/include/roverc/roverc/msg/detail/rgb__rosidl_typesupport_fastrtps_cpp.hpp
-- Up-to-date: /home/robotique/microros_ws/install/roverc/include/roverc/roverc/msg/detail/dds_fastrtps
-- Up-to-date: /home/robotique/microros_ws/install/roverc/include/roverc/roverc/msg/rosidl_typesupport_fastrtps_cpp__visibility_control.h
-- Up-to-date: /home/robotique/microros_ws/install/roverc/lib/libroverc__rosidl_typesupport_fastrtps_cpp.so
-- Up-to-date: /home/robotique/microros_ws/install/roverc/include/roverc/roverc
-- Up-to-date: /home/robotique/microros_ws/install/roverc/include/roverc/roverc/msg
-- Up-to-date: /home/robotique/microros_ws/install/roverc/include/roverc/roverc/msg/detail
-- Up-to-date: /home/robotique/microros_ws/install/roverc/include/roverc/roverc/msg/detail/wheel_speed__type_support.cpp
-- Up-to-date: /home/robotique/microros_ws/install/roverc/include/roverc/roverc/msg/detail/rgb__rosidl_typesupport_introspection_cpp.hpp
-- Up-to-date: /home/robotique/microros_ws/install/roverc/include/roverc/roverc/msg/detail/wheel_speed__rosidl_typesupport_introspection_cpp.hpp
-- Up-to-date: /home/robotique/microros_ws/install/roverc/include/roverc/roverc/msg/detail/rgb__type_support.cpp
-- Up-to-date: /home/robotique/microros_ws/install/roverc/lib/libroverc__rosidl_typesupport_introspection_cpp.so
-- Up-to-date: /home/robotique/microros_ws/install/roverc/lib/libroverc__rosidl_typesupport_cpp.so
-- Up-to-date: /home/robotique/microros_ws/install/roverc/share/roverc/environment/pythonpath.sh
-- Up-to-date: /home/robotique/microros_ws/install/roverc/share/roverc/environment/pythonpath.dsv
-- Up-to-date: /home/robotique/microros_ws/install/roverc/local/lib/python3.10/dist-packages/roverc-0.0.0-py3.10.egg-info
-- Installing: /home/robotique/microros_ws/install/roverc/local/lib/python3.10/dist-packages/roverc-0.0.0-py3.10.egg-info/PKG-INFO
-- Installing: /home/robotique/microros_ws/install/roverc/local/lib/python3.10/dist-packages/roverc-0.0.0-py3.10.egg-info/SOURCES.txt
-- Installing: /home/robotique/microros_ws/install/roverc/local/lib/python3.10/dist-packages/roverc-0.0.0-py3.10.egg-info/dependency_links.txt
-- Installing: /home/robotique/microros_ws/install/roverc/local/lib/python3.10/dist-packages/roverc-0.0.0-py3.10.egg-info/top_level.txt
-- Up-to-date: /home/robotique/microros_ws/install/roverc/local/lib/python3.10/dist-packages/roverc
-- Up-to-date: /home/robotique/microros_ws/install/roverc/local/lib/python3.10/dist-packages/roverc/roverc_s__rosidl_typesupport_introspection_c.cpython-310-x86_64-linux-gnu.so
-- Up-to-date: /home/robotique/microros_ws/install/roverc/local/lib/python3.10/dist-packages/roverc/_roverc_s.ep.rosidl_typesupport_fastrtps_c.c
-- Up-to-date: /home/robotique/microros_ws/install/roverc/local/lib/python3.10/dist-packages/roverc/__init__.py
-- Up-to-date: /home/robotique/microros_ws/install/roverc/local/lib/python3.10/dist-packages/roverc/msg
-- Up-to-date: /home/robotique/microros_ws/install/roverc/local/lib/python3.10/dist-packages/roverc/msg/_rgb.py
-- Up-to-date: /home/robotique/microros_ws/install/roverc/local/lib/python3.10/dist-packages/roverc/msg/_wheel_speed_s.c
-- Up-to-date: /home/robotique/microros_ws/install/roverc/local/lib/python3.10/dist-packages/roverc/msg/__init__.py
-- Up-to-date: /home/robotique/microros_ws/install/roverc/local/lib/python3.10/dist-packages/roverc/msg/_rgb_s.c
-- Up-to-date: /home/robotique/microros_ws/install/roverc/local/lib/python3.10/dist-packages/roverc/msg/_wheel_speed.py
-- Up-to-date: /home/robotique/microros_ws/install/roverc/local/lib/python3.10/dist-packages/roverc/_roverc_s.ep.rosidl_typesupport_c.c
-- Up-to-date: /home/robotique/microros_ws/install/roverc/local/lib/python3.10/dist-packages/roverc/_roverc_s.ep.rosidl_typesupport_introspection_c.c
-- Up-to-date: /home/robotique/microros_ws/install/roverc/local/lib/python3.10/dist-packages/roverc/roverc_s__rosidl_typesupport_fastrtps_c.cpython-310-x86_64-linux-gnu.so
-- Up-to-date: /home/robotique/microros_ws/install/roverc/local/lib/python3.10/dist-packages/roverc/roverc_s__rosidl_typesupport_c.cpython-310-x86_64-linux-gnu.so
-- Up-to-date: /home/robotique/microros_ws/install/roverc/local/lib/python3.10/dist-packages/roverc/libroverc__rosidl_generator_py.so
Listing '/home/robotique/microros_ws/install/roverc/local/lib/python3.10/dist-packages/roverc'...
Listing '/home/robotique/microros_ws/install/roverc/local/lib/python3.10/dist-packages/roverc/msg'...
-- Up-to-date: /home/robotique/microros_ws/install/roverc/local/lib/python3.10/dist-packages/roverc/roverc_s__rosidl_typesupport_fastrtps_c.cpython-310-x86_64-linux-gnu.so
-- Up-to-date: /home/robotique/microros_ws/install/roverc/local/lib/python3.10/dist-packages/roverc/roverc_s__rosidl_typesupport_introspection_c.cpython-310-x86_64-linux-gnu.so
-- Up-to-date: /home/robotique/microros_ws/install/roverc/local/lib/python3.10/dist-packages/roverc/roverc_s__rosidl_typesupport_c.cpython-310-x86_64-linux-gnu.so
-- Up-to-date: /home/robotique/microros_ws/install/roverc/lib/libroverc__rosidl_generator_py.so
-- Up-to-date: /home/robotique/microros_ws/install/roverc/share/roverc/msg/RGB.idl
-- Up-to-date: /home/robotique/microros_ws/install/roverc/share/roverc/msg/WheelSpeed.idl
-- Up-to-date: /home/robotique/microros_ws/install/roverc/share/roverc/msg/RGB.msg
-- Up-to-date: /home/robotique/microros_ws/install/roverc/share/roverc/msg/WheelSpeed.msg
-- Up-to-date: /home/robotique/microros_ws/install/roverc/share/ament_index/resource_index/package_run_dependencies/roverc
-- Up-to-date: /home/robotique/microros_ws/install/roverc/share/ament_index/resource_index/parent_prefix_path/roverc
-- Up-to-date: /home/robotique/microros_ws/install/roverc/share/roverc/environment/ament_prefix_path.sh
-- Up-to-date: /home/robotique/microros_ws/install/roverc/share/roverc/environment/ament_prefix_path.dsv
-- Up-to-date: /home/robotique/microros_ws/install/roverc/share/roverc/environment/path.sh
-- Up-to-date: /home/robotique/microros_ws/install/roverc/share/roverc/environment/path.dsv
-- Up-to-date: /home/robotique/microros_ws/install/roverc/share/roverc/local_setup.bash
-- Up-to-date: /home/robotique/microros_ws/install/roverc/share/roverc/local_setup.sh
-- Up-to-date: /home/robotique/microros_ws/install/roverc/share/roverc/local_setup.zsh
-- Up-to-date: /home/robotique/microros_ws/install/roverc/share/roverc/local_setup.dsv
-- Installing: /home/robotique/microros_ws/install/roverc/share/roverc/package.dsv
-- Up-to-date: /home/robotique/microros_ws/install/roverc/share/ament_index/resource_index/packages/roverc
-- Up-to-date: /home/robotique/microros_ws/install/roverc/share/roverc/cmake/export_roverc__rosidl_generator_cExport.cmake
-- Up-to-date: /home/robotique/microros_ws/install/roverc/share/roverc/cmake/export_roverc__rosidl_generator_cExport-noconfig.cmake
-- Up-to-date: /home/robotique/microros_ws/install/roverc/share/roverc/cmake/export_roverc__rosidl_typesupport_fastrtps_cExport.cmake
-- Up-to-date: /home/robotique/microros_ws/install/roverc/share/roverc/cmake/export_roverc__rosidl_typesupport_fastrtps_cExport-noconfig.cmake
-- Up-to-date: /home/robotique/microros_ws/install/roverc/share/roverc/cmake/roverc__rosidl_typesupport_introspection_cExport.cmake
-- Up-to-date: /home/robotique/microros_ws/install/roverc/share/roverc/cmake/roverc__rosidl_typesupport_introspection_cExport-noconfig.cmake
-- Up-to-date: /home/robotique/microros_ws/install/roverc/share/roverc/cmake/roverc__rosidl_typesupport_cExport.cmake
-- Up-to-date: /home/robotique/microros_ws/install/roverc/share/roverc/cmake/roverc__rosidl_typesupport_cExport-noconfig.cmake
-- Up-to-date: /home/robotique/microros_ws/install/roverc/share/roverc/cmake/export_roverc__rosidl_generator_cppExport.cmake
-- Up-to-date: /home/robotique/microros_ws/install/roverc/share/roverc/cmake/export_roverc__rosidl_typesupport_fastrtps_cppExport.cmake
-- Up-to-date: /home/robotique/microros_ws/install/roverc/share/roverc/cmake/export_roverc__rosidl_typesupport_fastrtps_cppExport-noconfig.cmake
-- Up-to-date: /home/robotique/microros_ws/install/roverc/share/roverc/cmake/roverc__rosidl_typesupport_introspection_cppExport.cmake
-- Up-to-date: /home/robotique/microros_ws/install/roverc/share/roverc/cmake/roverc__rosidl_typesupport_introspection_cppExport-noconfig.cmake
-- Up-to-date: /home/robotique/microros_ws/install/roverc/share/roverc/cmake/roverc__rosidl_typesupport_cppExport.cmake
-- Up-to-date: /home/robotique/microros_ws/install/roverc/share/roverc/cmake/roverc__rosidl_typesupport_cppExport-noconfig.cmake
-- Up-to-date: /home/robotique/microros_ws/install/roverc/share/roverc/cmake/export_roverc__rosidl_generator_pyExport.cmake
-- Up-to-date: /home/robotique/microros_ws/install/roverc/share/roverc/cmake/export_roverc__rosidl_generator_pyExport-noconfig.cmake
-- Up-to-date: /home/robotique/microros_ws/install/roverc/share/roverc/cmake/rosidl_cmake-extras.cmake
-- Up-to-date: /home/robotique/microros_ws/install/roverc/share/roverc/cmake/ament_cmake_export_include_directories-extras.cmake
-- Up-to-date: /home/robotique/microros_ws/install/roverc/share/roverc/cmake/ament_cmake_export_libraries-extras.cmake
-- Up-to-date: /home/robotique/microros_ws/install/roverc/share/roverc/cmake/ament_cmake_export_targets-extras.cmake
-- Up-to-date: /home/robotique/microros_ws/install/roverc/share/roverc/cmake/rosidl_cmake_export_typesupport_targets-extras.cmake
-- Up-to-date: /home/robotique/microros_ws/install/roverc/share/roverc/cmake/ament_cmake_export_dependencies-extras.cmake
-- Up-to-date: /home/robotique/microros_ws/install/roverc/share/roverc/cmake/rosidl_cmake_export_typesupport_libraries-extras.cmake
-- Up-to-date: /home/robotique/microros_ws/install/roverc/share/roverc/cmake/rovercConfig.cmake
-- Up-to-date: /home/robotique/microros_ws/install/roverc/share/roverc/cmake/rovercConfig-version.cmake
-- Up-to-date: /home/robotique/microros_ws/install/roverc/share/roverc/package.xml
