[0.061s] Invoking command in '/home/robotique/microros_ws/build/roverc': CMAKE_PREFIX_PATH=${CMAKE_PREFIX_PATH}:/opt/ros/humble /usr/bin/cmake --build /home/robotique/microros_ws/build/roverc -- -j4 -l4
[0.230s] [  2%] Built target roverc__cpp
[0.252s] [ 12%] Built target roverc__rosidl_generator_c
[0.301s] [ 12%] Built target ament_cmake_python_copy_roverc
[0.334s] [ 23%] Built target roverc__rosidl_typesupport_fastrtps_cpp
[0.337s] [ 33%] Built target roverc__rosidl_typesupport_introspection_cpp
[0.383s] [ 43%] Built target roverc__rosidl_typesupport_cpp
[0.391s] [ 53%] Built target roverc__rosidl_typesupport_fastrtps_c
[0.532s] [ 64%] Built target roverc__rosidl_typesupport_introspection_c
[0.532s] [ 74%] Built target roverc__rosidl_typesupport_c
[0.692s] [ 74%] Built target roverc
[0.749s] [ 76%] Built target roverc__py
[0.896s] [ 84%] Built target roverc__rosidl_generator_py
[1.042s] [ 89%] Built target roverc__rosidl_typesupport_fastrtps_c__pyext
[1.043s] [ 94%] Built target roverc__rosidl_typesupport_c__pyext
[1.068s] [100%] Built target roverc__rosidl_typesupport_introspection_c__pyext
[1.090s] running egg_info
[1.092s] writing roverc.egg-info/PKG-INFO
[1.093s] writing dependency_links to roverc.egg-info/dependency_links.txt
[1.095s] writing top-level names to roverc.egg-info/top_level.txt
[1.112s] reading manifest file 'roverc.egg-info/SOURCES.txt'
[1.116s] writing manifest file 'roverc.egg-info/SOURCES.txt'
[1.166s] [100%] Built target ament_cmake_python_build_roverc_egg
[1.197s] Invoked command in '/home/robotique/microros_ws/build/roverc' returned '0': CMAKE_PREFIX_PATH=${CMAKE_PREFIX_PATH}:/opt/ros/humble /usr/bin/cmake --build /home/robotique/microros_ws/build/roverc -- -j4 -l4
[1.440s] Invoking command in '/home/robotique/microros_ws/build/roverc': CMAKE_PREFIX_PATH=${CMAKE_PREFIX_PATH}:/opt/ros/humble /usr/bin/cmake --install /home/robotique/microros_ws/build/roverc
[1.463s] -- Install configuration: ""
[1.464s] -- Up-to-date: /home/robotique/microros_ws/install/roverc/share/ament_index/resource_index/rosidl_interfaces/roverc
[1.464s] -- Up-to-date: /home/robotique/microros_ws/install/roverc/include/roverc/roverc
[1.466s] -- Up-to-date: /home/robotique/microros_ws/install/roverc/include/roverc/roverc/msg
[1.475s] -- Up-to-date: /home/robotique/microros_ws/install/roverc/include/roverc/roverc/msg/detail
[1.476s] -- Up-to-date: /home/robotique/microros_ws/install/roverc/include/roverc/roverc/msg/detail/rgb__type_support.h
[1.476s] -- Up-to-date: /home/robotique/microros_ws/install/roverc/include/roverc/roverc/msg/detail/rgb__functions.h
[1.476s] -- Up-to-date: /home/robotique/microros_ws/install/roverc/include/roverc/roverc/msg/detail/rgb__functions.c
[1.476s] -- Up-to-date: /home/robotique/microros_ws/install/roverc/include/roverc/roverc/msg/detail/rgb__struct.h
[1.476s] -- Up-to-date: /home/robotique/microros_ws/install/roverc/include/roverc/roverc/msg/detail/wheel_speed__functions.c
[1.477s] -- Up-to-date: /home/robotique/microros_ws/install/roverc/include/roverc/roverc/msg/detail/wheel_speed__functions.h
[1.477s] -- Up-to-date: /home/robotique/microros_ws/install/roverc/include/roverc/roverc/msg/detail/wheel_speed__type_support.h
[1.477s] -- Up-to-date: /home/robotique/microros_ws/install/roverc/include/roverc/roverc/msg/detail/wheel_speed__struct.h
[1.477s] -- Up-to-date: /home/robotique/microros_ws/install/roverc/include/roverc/roverc/msg/rosidl_generator_c__visibility_control.h
[1.477s] -- Up-to-date: /home/robotique/microros_ws/install/roverc/include/roverc/roverc/msg/wheel_speed.h
[1.477s] -- Up-to-date: /home/robotique/microros_ws/install/roverc/include/roverc/roverc/msg/rgb.h
[1.477s] -- Up-to-date: /home/robotique/microros_ws/install/roverc/share/roverc/environment/library_path.sh
[1.477s] -- Up-to-date: /home/robotique/microros_ws/install/roverc/share/roverc/environment/library_path.dsv
[1.477s] -- Up-to-date: /home/robotique/microros_ws/install/roverc/lib/libroverc__rosidl_generator_c.so
[1.477s] -- Up-to-date: /home/robotique/microros_ws/install/roverc/include/roverc/roverc
[1.477s] -- Up-to-date: /home/robotique/microros_ws/install/roverc/include/roverc/roverc/msg
[1.477s] -- Up-to-date: /home/robotique/microros_ws/install/roverc/include/roverc/roverc/msg/detail
[1.477s] -- Up-to-date: /home/robotique/microros_ws/install/roverc/include/roverc/roverc/msg/detail/rgb__rosidl_typesupport_fastrtps_c.h
[1.477s] -- Up-to-date: /home/robotique/microros_ws/install/roverc/include/roverc/roverc/msg/detail/wheel_speed__rosidl_typesupport_fastrtps_c.h
[1.477s] -- Up-to-date: /home/robotique/microros_ws/install/roverc/include/roverc/roverc/msg/rosidl_typesupport_fastrtps_c__visibility_control.h
[1.481s] -- Up-to-date: /home/robotique/microros_ws/install/roverc/lib/libroverc__rosidl_typesupport_fastrtps_c.so
[1.483s] -- Up-to-date: /home/robotique/microros_ws/install/roverc/include/roverc/roverc
[1.484s] -- Up-to-date: /home/robotique/microros_ws/install/roverc/include/roverc/roverc/msg
[1.484s] -- Up-to-date: /home/robotique/microros_ws/install/roverc/include/roverc/roverc/msg/detail
[1.485s] -- Up-to-date: /home/robotique/microros_ws/install/roverc/include/roverc/roverc/msg/detail/rgb__rosidl_typesupport_introspection_c.h
[1.485s] -- Up-to-date: /home/robotique/microros_ws/install/roverc/include/roverc/roverc/msg/detail/wheel_speed__type_support.c
[1.485s] -- Up-to-date: /home/robotique/microros_ws/install/roverc/include/roverc/roverc/msg/detail/rgb__type_support.c
[1.487s] -- Up-to-date: /home/robotique/microros_ws/install/roverc/include/roverc/roverc/msg/detail/wheel_speed__rosidl_typesupport_introspection_c.h
[1.489s] -- Up-to-date: /home/robotique/microros_ws/install/roverc/include/roverc/roverc/msg/rosidl_typesupport_introspection_c__visibility_control.h
[1.489s] -- Up-to-date: /home/robotique/microros_ws/install/roverc/lib/libroverc__rosidl_typesupport_introspection_c.so
[1.495s] -- Up-to-date: /home/robotique/microros_ws/install/roverc/lib/libroverc__rosidl_typesupport_c.so
[1.497s] -- Up-to-date: /home/robotique/microros_ws/install/roverc/include/roverc/roverc
[1.497s] -- Up-to-date: /home/robotique/microros_ws/install/roverc/include/roverc/roverc/msg
[1.497s] -- Up-to-date: /home/robotique/microros_ws/install/roverc/include/roverc/roverc/msg/detail
[1.497s] -- Up-to-date: /home/robotique/microros_ws/install/roverc/include/roverc/roverc/msg/detail/wheel_speed__builder.hpp
[1.497s] -- Up-to-date: /home/robotique/microros_ws/install/roverc/include/roverc/roverc/msg/detail/wheel_speed__struct.hpp
[1.497s] -- Up-to-date: /home/robotique/microros_ws/install/roverc/include/roverc/roverc/msg/detail/rgb__traits.hpp
[1.497s] -- Up-to-date: /home/robotique/microros_ws/install/roverc/include/roverc/roverc/msg/detail/rgb__struct.hpp
[1.500s] -- Up-to-date: /home/robotique/microros_ws/install/roverc/include/roverc/roverc/msg/detail/rgb__builder.hpp
[1.500s] -- Up-to-date: /home/robotique/microros_ws/install/roverc/include/roverc/roverc/msg/detail/wheel_speed__traits.hpp
[1.500s] -- Up-to-date: /home/robotique/microros_ws/install/roverc/include/roverc/roverc/msg/rgb.hpp
[1.500s] -- Up-to-date: /home/robotique/microros_ws/install/roverc/include/roverc/roverc/msg/wheel_speed.hpp
[1.501s] -- Up-to-date: /home/robotique/microros_ws/install/roverc/include/roverc/roverc
[1.501s] -- Up-to-date: /home/robotique/microros_ws/install/roverc/include/roverc/roverc/msg
[1.501s] -- Up-to-date: /home/robotique/microros_ws/install/roverc/include/roverc/roverc/msg/detail
[1.502s] -- Up-to-date: /home/robotique/microros_ws/install/roverc/include/roverc/roverc/msg/detail/wheel_speed__rosidl_typesupport_fastrtps_cpp.hpp
[1.502s] -- Up-to-date: /home/robotique/microros_ws/install/roverc/include/roverc/roverc/msg/detail/rgb__rosidl_typesupport_fastrtps_cpp.hpp
[1.502s] -- Up-to-date: /home/robotique/microros_ws/install/roverc/include/roverc/roverc/msg/detail/dds_fastrtps
[1.502s] -- Up-to-date: /home/robotique/microros_ws/install/roverc/include/roverc/roverc/msg/rosidl_typesupport_fastrtps_cpp__visibility_control.h
[1.502s] -- Up-to-date: /home/robotique/microros_ws/install/roverc/lib/libroverc__rosidl_typesupport_fastrtps_cpp.so
[1.502s] -- Up-to-date: /home/robotique/microros_ws/install/roverc/include/roverc/roverc
[1.502s] -- Up-to-date: /home/robotique/microros_ws/install/roverc/include/roverc/roverc/msg
[1.502s] -- Up-to-date: /home/robotique/microros_ws/install/roverc/include/roverc/roverc/msg/detail
[1.502s] -- Up-to-date: /home/robotique/microros_ws/install/roverc/include/roverc/roverc/msg/detail/wheel_speed__type_support.cpp
[1.502s] -- Up-to-date: /home/robotique/microros_ws/install/roverc/include/roverc/roverc/msg/detail/rgb__rosidl_typesupport_introspection_cpp.hpp
[1.502s] -- Up-to-date: /home/robotique/microros_ws/install/roverc/include/roverc/roverc/msg/detail/wheel_speed__rosidl_typesupport_introspection_cpp.hpp
[1.502s] -- Up-to-date: /home/robotique/microros_ws/install/roverc/include/roverc/roverc/msg/detail/rgb__type_support.cpp
[1.507s] -- Up-to-date: /home/robotique/microros_ws/install/roverc/lib/libroverc__rosidl_typesupport_introspection_cpp.so
[1.507s] -- Up-to-date: /home/robotique/microros_ws/install/roverc/lib/libroverc__rosidl_typesupport_cpp.so
[1.507s] -- Up-to-date: /home/robotique/microros_ws/install/roverc/share/roverc/environment/pythonpath.sh
[1.507s] -- Up-to-date: /home/robotique/microros_ws/install/roverc/share/roverc/environment/pythonpath.dsv
[1.507s] -- Up-to-date: /home/robotique/microros_ws/install/roverc/local/lib/python3.10/dist-packages/roverc-0.0.0-py3.10.egg-info
[1.507s] -- Installing: /home/robotique/microros_ws/install/roverc/local/lib/python3.10/dist-packages/roverc-0.0.0-py3.10.egg-info/PKG-INFO
[1.507s] -- Installing: /home/robotique/microros_ws/install/roverc/local/lib/python3.10/dist-packages/roverc-0.0.0-py3.10.egg-info/SOURCES.txt
[1.508s] -- Installing: /home/robotique/microros_ws/install/roverc/local/lib/python3.10/dist-packages/roverc-0.0.0-py3.10.egg-info/dependency_links.txt
[1.508s] -- Installing: /home/robotique/microros_ws/install/roverc/local/lib/python3.10/dist-packages/roverc-0.0.0-py3.10.egg-info/top_level.txt
[1.508s] -- Up-to-date: /home/robotique/microros_ws/install/roverc/local/lib/python3.10/dist-packages/roverc
[1.508s] -- Up-to-date: /home/robotique/microros_ws/install/roverc/local/lib/python3.10/dist-packages/roverc/roverc_s__rosidl_typesupport_introspection_c.cpython-310-x86_64-linux-gnu.so
[1.508s] -- Up-to-date: /home/robotique/microros_ws/install/roverc/local/lib/python3.10/dist-packages/roverc/_roverc_s.ep.rosidl_typesupport_fastrtps_c.c
[1.508s] -- Up-to-date: /home/robotique/microros_ws/install/roverc/local/lib/python3.10/dist-packages/roverc/__init__.py
[1.508s] -- Up-to-date: /home/robotique/microros_ws/install/roverc/local/lib/python3.10/dist-packages/roverc/msg
[1.508s] -- Up-to-date: /home/robotique/microros_ws/install/roverc/local/lib/python3.10/dist-packages/roverc/msg/_rgb.py
[1.508s] -- Up-to-date: /home/robotique/microros_ws/install/roverc/local/lib/python3.10/dist-packages/roverc/msg/_wheel_speed_s.c
[1.508s] -- Up-to-date: /home/robotique/microros_ws/install/roverc/local/lib/python3.10/dist-packages/roverc/msg/__init__.py
[1.508s] -- Up-to-date: /home/robotique/microros_ws/install/roverc/local/lib/python3.10/dist-packages/roverc/msg/_rgb_s.c
[1.509s] -- Up-to-date: /home/robotique/microros_ws/install/roverc/local/lib/python3.10/dist-packages/roverc/msg/_wheel_speed.py
[1.509s] -- Up-to-date: /home/robotique/microros_ws/install/roverc/local/lib/python3.10/dist-packages/roverc/_roverc_s.ep.rosidl_typesupport_c.c
[1.509s] -- Up-to-date: /home/robotique/microros_ws/install/roverc/local/lib/python3.10/dist-packages/roverc/_roverc_s.ep.rosidl_typesupport_introspection_c.c
[1.509s] -- Up-to-date: /home/robotique/microros_ws/install/roverc/local/lib/python3.10/dist-packages/roverc/roverc_s__rosidl_typesupport_fastrtps_c.cpython-310-x86_64-linux-gnu.so
[1.509s] -- Up-to-date: /home/robotique/microros_ws/install/roverc/local/lib/python3.10/dist-packages/roverc/roverc_s__rosidl_typesupport_c.cpython-310-x86_64-linux-gnu.so
[1.509s] -- Up-to-date: /home/robotique/microros_ws/install/roverc/local/lib/python3.10/dist-packages/roverc/libroverc__rosidl_generator_py.so
[1.568s] Listing '/home/robotique/microros_ws/install/roverc/local/lib/python3.10/dist-packages/roverc'...
[1.569s] Listing '/home/robotique/microros_ws/install/roverc/local/lib/python3.10/dist-packages/roverc/msg'...
[1.570s] -- Up-to-date: /home/robotique/microros_ws/install/roverc/local/lib/python3.10/dist-packages/roverc/roverc_s__rosidl_typesupport_fastrtps_c.cpython-310-x86_64-linux-gnu.so
[1.572s] -- Up-to-date: /home/robotique/microros_ws/install/roverc/local/lib/python3.10/dist-packages/roverc/roverc_s__rosidl_typesupport_introspection_c.cpython-310-x86_64-linux-gnu.so
[1.572s] -- Up-to-date: /home/robotique/microros_ws/install/roverc/local/lib/python3.10/dist-packages/roverc/roverc_s__rosidl_typesupport_c.cpython-310-x86_64-linux-gnu.so
[1.577s] -- Up-to-date: /home/robotique/microros_ws/install/roverc/lib/libroverc__rosidl_generator_py.so
[1.577s] -- Up-to-date: /home/robotique/microros_ws/install/roverc/share/roverc/msg/RGB.idl
[1.578s] -- Up-to-date: /home/robotique/microros_ws/install/roverc/share/roverc/msg/WheelSpeed.idl
[1.578s] -- Up-to-date: /home/robotique/microros_ws/install/roverc/share/roverc/msg/RGB.msg
[1.578s] -- Up-to-date: /home/robotique/microros_ws/install/roverc/share/roverc/msg/WheelSpeed.msg
[1.578s] -- Up-to-date: /home/robotique/microros_ws/install/roverc/share/ament_index/resource_index/package_run_dependencies/roverc
[1.578s] -- Up-to-date: /home/robotique/microros_ws/install/roverc/share/ament_index/resource_index/parent_prefix_path/roverc
[1.578s] -- Up-to-date: /home/robotique/microros_ws/install/roverc/share/roverc/environment/ament_prefix_path.sh
[1.578s] -- Up-to-date: /home/robotique/microros_ws/install/roverc/share/roverc/environment/ament_prefix_path.dsv
[1.579s] -- Up-to-date: /home/robotique/microros_ws/install/roverc/share/roverc/environment/path.sh
[1.579s] -- Up-to-date: /home/robotique/microros_ws/install/roverc/share/roverc/environment/path.dsv
[1.579s] -- Up-to-date: /home/robotique/microros_ws/install/roverc/share/roverc/local_setup.bash
[1.579s] -- Up-to-date: /home/robotique/microros_ws/install/roverc/share/roverc/local_setup.sh
[1.579s] -- Up-to-date: /home/robotique/microros_ws/install/roverc/share/roverc/local_setup.zsh
[1.579s] -- Up-to-date: /home/robotique/microros_ws/install/roverc/share/roverc/local_setup.dsv
[1.580s] -- Installing: /home/robotique/microros_ws/install/roverc/share/roverc/package.dsv
[1.580s] -- Up-to-date: /home/robotique/microros_ws/install/roverc/share/ament_index/resource_index/packages/roverc
[1.580s] -- Up-to-date: /home/robotique/microros_ws/install/roverc/share/roverc/cmake/export_roverc__rosidl_generator_cExport.cmake
[1.581s] -- Up-to-date: /home/robotique/microros_ws/install/roverc/share/roverc/cmake/export_roverc__rosidl_generator_cExport-noconfig.cmake
[1.582s] -- Up-to-date: /home/robotique/microros_ws/install/roverc/share/roverc/cmake/export_roverc__rosidl_typesupport_fastrtps_cExport.cmake
[1.585s] -- Up-to-date: /home/robotique/microros_ws/install/roverc/share/roverc/cmake/export_roverc__rosidl_typesupport_fastrtps_cExport-noconfig.cmake
[1.585s] -- Up-to-date: /home/robotique/microros_ws/install/roverc/share/roverc/cmake/roverc__rosidl_typesupport_introspection_cExport.cmake
[1.585s] -- Up-to-date: /home/robotique/microros_ws/install/roverc/share/roverc/cmake/roverc__rosidl_typesupport_introspection_cExport-noconfig.cmake
[1.585s] -- Up-to-date: /home/robotique/microros_ws/install/roverc/share/roverc/cmake/roverc__rosidl_typesupport_cExport.cmake
[1.585s] -- Up-to-date: /home/robotique/microros_ws/install/roverc/share/roverc/cmake/roverc__rosidl_typesupport_cExport-noconfig.cmake
[1.586s] -- Up-to-date: /home/robotique/microros_ws/install/roverc/share/roverc/cmake/export_roverc__rosidl_generator_cppExport.cmake
[1.587s] -- Up-to-date: /home/robotique/microros_ws/install/roverc/share/roverc/cmake/export_roverc__rosidl_typesupport_fastrtps_cppExport.cmake
[1.587s] -- Up-to-date: /home/robotique/microros_ws/install/roverc/share/roverc/cmake/export_roverc__rosidl_typesupport_fastrtps_cppExport-noconfig.cmake
[1.589s] -- Up-to-date: /home/robotique/microros_ws/install/roverc/share/roverc/cmake/roverc__rosidl_typesupport_introspection_cppExport.cmake
[1.589s] -- Up-to-date: /home/robotique/microros_ws/install/roverc/share/roverc/cmake/roverc__rosidl_typesupport_introspection_cppExport-noconfig.cmake
[1.591s] -- Up-to-date: /home/robotique/microros_ws/install/roverc/share/roverc/cmake/roverc__rosidl_typesupport_cppExport.cmake
[1.591s] -- Up-to-date: /home/robotique/microros_ws/install/roverc/share/roverc/cmake/roverc__rosidl_typesupport_cppExport-noconfig.cmake
[1.600s] -- Up-to-date: /home/robotique/microros_ws/install/roverc/share/roverc/cmake/export_roverc__rosidl_generator_pyExport.cmake
[1.600s] -- Up-to-date: /home/robotique/microros_ws/install/roverc/share/roverc/cmake/export_roverc__rosidl_generator_pyExport-noconfig.cmake
[1.600s] -- Up-to-date: /home/robotique/microros_ws/install/roverc/share/roverc/cmake/rosidl_cmake-extras.cmake
[1.600s] -- Up-to-date: /home/robotique/microros_ws/install/roverc/share/roverc/cmake/ament_cmake_export_include_directories-extras.cmake
[1.603s] -- Up-to-date: /home/robotique/microros_ws/install/roverc/share/roverc/cmake/ament_cmake_export_libraries-extras.cmake
[1.603s] -- Up-to-date: /home/robotique/microros_ws/install/roverc/share/roverc/cmake/ament_cmake_export_targets-extras.cmake
[1.603s] -- Up-to-date: /home/robotique/microros_ws/install/roverc/share/roverc/cmake/rosidl_cmake_export_typesupport_targets-extras.cmake
[1.603s] -- Up-to-date: /home/robotique/microros_ws/install/roverc/share/roverc/cmake/ament_cmake_export_dependencies-extras.cmake
[1.604s] -- Up-to-date: /home/robotique/microros_ws/install/roverc/share/roverc/cmake/rosidl_cmake_export_typesupport_libraries-extras.cmake
[1.604s] -- Up-to-date: /home/robotique/microros_ws/install/roverc/share/roverc/cmake/rovercConfig.cmake
[1.604s] -- Up-to-date: /home/robotique/microros_ws/install/roverc/share/roverc/cmake/rovercConfig-version.cmake
[1.604s] -- Up-to-date: /home/robotique/microros_ws/install/roverc/share/roverc/package.xml
[1.614s] Invoked command in '/home/robotique/microros_ws/build/roverc' returned '0': CMAKE_PREFIX_PATH=${CMAKE_PREFIX_PATH}:/opt/ros/humble /usr/bin/cmake --install /home/robotique/microros_ws/build/roverc
