[0.041s] Invoking command in '/home/robotique/microros_ws/build/micro_ros_msgs': CMAKE_PREFIX_PATH=/opt/ros/humble /usr/bin/cmake /home/robotique/microros_ws/src/uros/micro_ros_msgs -DCMAKE_INSTALL_PREFIX=/home/robotique/microros_ws/install/micro_ros_msgs
[0.309s] -- The C compiler identification is GNU 11.3.0
[0.514s] -- The CXX compiler identification is GNU 11.3.0
[0.542s] -- Detecting C compiler ABI info
[0.626s] -- Detecting C compiler ABI info - done
[0.634s] -- Check for working C compiler: /usr/bin/cc - skipped
[0.634s] -- Detecting C compile features
[0.639s] -- Detecting C compile features - done
[0.643s] -- Detecting CXX compiler ABI info
[0.745s] -- Detecting CXX compiler ABI info - done
[0.752s] -- Check for working CXX compiler: /usr/bin/c++ - skipped
[0.752s] -- Detecting CXX compile features
[0.753s] -- Detecting CXX compile features - done
[0.754s] -- Found ament_cmake: 1.3.3 (/opt/ros/humble/share/ament_cmake/cmake)
[0.938s] -- Found Python3: /usr/bin/python3.10 (found version "3.10.6") found components: Interpreter 
[1.073s] -- Found rosidl_default_generators: 1.2.0 (/opt/ros/humble/share/rosidl_default_generators/cmake)
[1.081s] -- Using all available rosidl_typesupport_c: rosidl_typesupport_fastrtps_c;rosidl_typesupport_introspection_c
[1.095s] -- Found rosidl_adapter: 3.1.4 (/opt/ros/humble/share/rosidl_adapter/cmake)
[1.179s] -- Using all available rosidl_typesupport_cpp: rosidl_typesupport_fastrtps_cpp;rosidl_typesupport_introspection_cpp
[1.250s] -- Found ament_lint_auto: 0.12.4 (/opt/ros/humble/share/ament_lint_auto/cmake)
[1.561s] -- Found ament_cmake_ros: 0.10.0 (/opt/ros/humble/share/ament_cmake_ros/cmake)
[1.725s] -- Using all available rosidl_typesupport_c: rosidl_typesupport_fastrtps_c;rosidl_typesupport_introspection_c
[1.962s] -- Using all available rosidl_typesupport_cpp: rosidl_typesupport_fastrtps_cpp;rosidl_typesupport_introspection_cpp
[1.981s] -- Found PythonInterp: /usr/bin/python3 (found suitable version "3.10.6", minimum required is "3.6") 
[1.983s] -- Found python_cmake_module: 0.10.0 (/opt/ros/humble/share/python_cmake_module/cmake)
[2.012s] -- Found PythonLibs: /usr/lib/x86_64-linux-gnu/libpython3.10.so (found suitable version "3.10.6", minimum required is "3.5") 
[2.012s] -- Using PYTHON_EXECUTABLE: /usr/bin/python3
[2.012s] -- Using PYTHON_INCLUDE_DIRS: /usr/include/python3.10
[2.012s] -- Using PYTHON_LIBRARIES: /usr/lib/x86_64-linux-gnu/libpython3.10.so
[2.031s] -- Found PythonExtra: .so  
[2.068s] -- Added test 'copyright' to check source files copyright and LICENSE
[2.083s] -- Added test 'lint_cmake' to check CMake code style
[2.086s] -- Added test 'xmllint' to check XML markup files
[2.096s] -- Configuring done
[2.129s] -- Generating done
[2.133s] -- Build files have been written to: /home/robotique/microros_ws/build/micro_ros_msgs
[2.141s] Invoked command in '/home/robotique/microros_ws/build/micro_ros_msgs' returned '0': CMAKE_PREFIX_PATH=/opt/ros/humble /usr/bin/cmake /home/robotique/microros_ws/src/uros/micro_ros_msgs -DCMAKE_INSTALL_PREFIX=/home/robotique/microros_ws/install/micro_ros_msgs
[2.142s] Invoking command in '/home/robotique/microros_ws/build/micro_ros_msgs': CMAKE_PREFIX_PATH=/opt/ros/humble /usr/bin/cmake --build /home/robotique/microros_ws/build/micro_ros_msgs -- -j4 -l4
[2.185s] [  2%] [34m[1mGenerating C code for ROS interfaces[0m
[2.204s] [  4%] [34m[1mGenerating C++ code for ROS interfaces[0m
[2.208s] [  4%] Built target ament_cmake_python_copy_micro_ros_msgs
[2.721s] [  4%] Built target micro_ros_msgs__cpp
[2.799s] running egg_info
[2.800s] creating micro_ros_msgs.egg-info
[2.800s] writing micro_ros_msgs.egg-info/PKG-INFO
[2.801s] writing dependency_links to micro_ros_msgs.egg-info/dependency_links.txt
[2.801s] writing top-level names to micro_ros_msgs.egg-info/top_level.txt
[2.801s] writing manifest file 'micro_ros_msgs.egg-info/SOURCES.txt'
[2.803s] reading manifest file 'micro_ros_msgs.egg-info/SOURCES.txt'
[2.804s] writing manifest file 'micro_ros_msgs.egg-info/SOURCES.txt'
[2.812s] [  6%] [34m[1mGenerating C++ type support dispatch for ROS interfaces[0m
[2.861s] [  6%] Built target ament_cmake_python_build_micro_ros_msgs_egg
[2.915s] [  8%] [34m[1mGenerating C++ type support for eProsima Fast-RTPS[0m
[3.017s] [ 10%] [34m[1mGenerating C++ introspection for ROS interfaces[0m
[3.020s] [ 12%] [32mBuilding C object CMakeFiles/micro_ros_msgs__rosidl_generator_c.dir/rosidl_generator_c/micro_ros_msgs/msg/detail/graph__functions.c.o[0m
[3.204s] [ 14%] [32mBuilding C object CMakeFiles/micro_ros_msgs__rosidl_generator_c.dir/rosidl_generator_c/micro_ros_msgs/msg/detail/node__functions.c.o[0m
[3.334s] [ 17%] [32mBuilding C object CMakeFiles/micro_ros_msgs__rosidl_generator_c.dir/rosidl_generator_c/micro_ros_msgs/msg/detail/entity__functions.c.o[0m
[3.476s] [ 19%] [32mBuilding CXX object CMakeFiles/micro_ros_msgs__rosidl_typesupport_cpp.dir/rosidl_typesupport_cpp/micro_ros_msgs/msg/graph__type_support.cpp.o[0m
[3.482s] [ 21%] [32m[1mLinking C shared library libmicro_ros_msgs__rosidl_generator_c.so[0m
[3.754s] [ 23%] [32mBuilding CXX object CMakeFiles/micro_ros_msgs__rosidl_typesupport_fastrtps_cpp.dir/rosidl_typesupport_fastrtps_cpp/micro_ros_msgs/msg/detail/dds_fastrtps/graph__type_support.cpp.o[0m
[3.761s] [ 23%] Built target micro_ros_msgs__rosidl_generator_c
[3.832s] [ 25%] [34m[1mGenerating C type support for eProsima Fast-RTPS[0m
[3.975s] [ 27%] [32mBuilding CXX object CMakeFiles/micro_ros_msgs__rosidl_typesupport_introspection_cpp.dir/rosidl_typesupport_introspection_cpp/micro_ros_msgs/msg/detail/graph__type_support.cpp.o[0m
[4.137s] [ 29%] [32mBuilding CXX object CMakeFiles/micro_ros_msgs__rosidl_typesupport_cpp.dir/rosidl_typesupport_cpp/micro_ros_msgs/msg/node__type_support.cpp.o[0m
[4.540s] [ 31%] [32mBuilding CXX object CMakeFiles/micro_ros_msgs__rosidl_typesupport_fastrtps_c.dir/rosidl_typesupport_fastrtps_c/micro_ros_msgs/msg/detail/graph__type_support_c.cpp.o[0m
[4.554s] [ 34%] [32mBuilding CXX object CMakeFiles/micro_ros_msgs__rosidl_typesupport_introspection_cpp.dir/rosidl_typesupport_introspection_cpp/micro_ros_msgs/msg/detail/node__type_support.cpp.o[0m
[4.843s] [ 36%] [32mBuilding CXX object CMakeFiles/micro_ros_msgs__rosidl_typesupport_fastrtps_cpp.dir/rosidl_typesupport_fastrtps_cpp/micro_ros_msgs/msg/detail/dds_fastrtps/node__type_support.cpp.o[0m
[4.871s] [ 38%] [32mBuilding CXX object CMakeFiles/micro_ros_msgs__rosidl_typesupport_cpp.dir/rosidl_typesupport_cpp/micro_ros_msgs/msg/entity__type_support.cpp.o[0m
[4.895s] [ 40%] [32mBuilding CXX object CMakeFiles/micro_ros_msgs__rosidl_typesupport_fastrtps_c.dir/rosidl_typesupport_fastrtps_c/micro_ros_msgs/msg/detail/node__type_support_c.cpp.o[0m
[5.170s] [ 42%] [32mBuilding CXX object CMakeFiles/micro_ros_msgs__rosidl_typesupport_introspection_cpp.dir/rosidl_typesupport_introspection_cpp/micro_ros_msgs/msg/detail/entity__type_support.cpp.o[0m
[5.211s] [ 44%] [32m[1mLinking CXX shared library libmicro_ros_msgs__rosidl_typesupport_cpp.so[0m
[5.387s] [ 44%] Built target micro_ros_msgs__rosidl_typesupport_cpp
[5.484s] [ 46%] [34m[1mGenerating C introspection for ROS interfaces[0m
[5.536s] [ 48%] [32mBuilding CXX object CMakeFiles/micro_ros_msgs__rosidl_typesupport_fastrtps_cpp.dir/rosidl_typesupport_fastrtps_cpp/micro_ros_msgs/msg/detail/dds_fastrtps/entity__type_support.cpp.o[0m
[5.560s] [ 51%] [32mBuilding CXX object CMakeFiles/micro_ros_msgs__rosidl_typesupport_fastrtps_c.dir/rosidl_typesupport_fastrtps_c/micro_ros_msgs/msg/detail/entity__type_support_c.cpp.o[0m
[5.811s] [ 53%] [32m[1mLinking CXX shared library libmicro_ros_msgs__rosidl_typesupport_introspection_cpp.so[0m
[5.920s] [ 53%] Built target micro_ros_msgs__rosidl_typesupport_introspection_cpp
[5.931s] [ 55%] [34m[1mGenerating C type support dispatch for ROS interfaces[0m
[5.941s] [ 57%] [32m[1mLinking CXX shared library libmicro_ros_msgs__rosidl_typesupport_fastrtps_c.so[0m
[5.952s] [ 59%] [32mBuilding C object CMakeFiles/micro_ros_msgs__rosidl_typesupport_introspection_c.dir/rosidl_typesupport_introspection_c/micro_ros_msgs/msg/detail/graph__type_support.c.o[0m
[6.049s] [ 61%] [32m[1mLinking CXX shared library libmicro_ros_msgs__rosidl_typesupport_fastrtps_cpp.so[0m
[6.055s] [ 63%] [32mBuilding C object CMakeFiles/micro_ros_msgs__rosidl_typesupport_introspection_c.dir/rosidl_typesupport_introspection_c/micro_ros_msgs/msg/detail/node__type_support.c.o[0m
[6.061s] [ 63%] Built target micro_ros_msgs__rosidl_typesupport_fastrtps_c
[6.071s] [ 65%] [32mBuilding C object CMakeFiles/micro_ros_msgs__rosidl_typesupport_introspection_c.dir/rosidl_typesupport_introspection_c/micro_ros_msgs/msg/detail/entity__type_support.c.o[0m
[6.111s] [ 68%] [32m[1mLinking C shared library libmicro_ros_msgs__rosidl_typesupport_introspection_c.so[0m
[6.155s] [ 68%] Built target micro_ros_msgs__rosidl_typesupport_fastrtps_cpp
[6.157s] [ 68%] Built target micro_ros_msgs__rosidl_typesupport_introspection_c
[6.226s] [ 70%] [32mBuilding CXX object CMakeFiles/micro_ros_msgs__rosidl_typesupport_c.dir/rosidl_typesupport_c/micro_ros_msgs/msg/graph__type_support.cpp.o[0m
[6.226s] [ 72%] [32mBuilding CXX object CMakeFiles/micro_ros_msgs__rosidl_typesupport_c.dir/rosidl_typesupport_c/micro_ros_msgs/msg/entity__type_support.cpp.o[0m
[6.226s] [ 74%] [32mBuilding CXX object CMakeFiles/micro_ros_msgs__rosidl_typesupport_c.dir/rosidl_typesupport_c/micro_ros_msgs/msg/node__type_support.cpp.o[0m
[6.259s] [ 76%] [32m[1mLinking CXX shared library libmicro_ros_msgs__rosidl_typesupport_c.so[0m
[6.306s] [ 76%] Built target micro_ros_msgs__rosidl_typesupport_c
[6.328s] [ 76%] Built target micro_ros_msgs
[6.356s] [ 78%] [34m[1mGenerating Python code for ROS interfaces[0m
[6.911s] [ 78%] Built target micro_ros_msgs__py
[6.941s] [ 80%] [32mBuilding C object CMakeFiles/micro_ros_msgs__rosidl_generator_py.dir/rosidl_generator_py/micro_ros_msgs/msg/_node_s.c.o[0m
[6.947s] [ 82%] [32mBuilding C object CMakeFiles/micro_ros_msgs__rosidl_generator_py.dir/rosidl_generator_py/micro_ros_msgs/msg/_graph_s.c.o[0m
[6.948s] [ 85%] [32mBuilding C object CMakeFiles/micro_ros_msgs__rosidl_generator_py.dir/rosidl_generator_py/micro_ros_msgs/msg/_entity_s.c.o[0m
[7.054s] [ 87%] [32m[1mLinking C shared library rosidl_generator_py/micro_ros_msgs/libmicro_ros_msgs__rosidl_generator_py.so[0m
[7.094s] [ 87%] Built target micro_ros_msgs__rosidl_generator_py
[7.116s] [ 93%] [32mBuilding C object CMakeFiles/micro_ros_msgs__rosidl_typesupport_c__pyext.dir/rosidl_generator_py/micro_ros_msgs/_micro_ros_msgs_s.ep.rosidl_typesupport_c.c.o[0m
[7.116s] [ 93%] [32mBuilding C object CMakeFiles/micro_ros_msgs__rosidl_typesupport_introspection_c__pyext.dir/rosidl_generator_py/micro_ros_msgs/_micro_ros_msgs_s.ep.rosidl_typesupport_introspection_c.c.o[0m
[7.116s] [ 93%] [32mBuilding C object CMakeFiles/micro_ros_msgs__rosidl_typesupport_fastrtps_c__pyext.dir/rosidl_generator_py/micro_ros_msgs/_micro_ros_msgs_s.ep.rosidl_typesupport_fastrtps_c.c.o[0m
[7.212s] [ 95%] [32m[1mLinking C shared library rosidl_generator_py/micro_ros_msgs/micro_ros_msgs_s__rosidl_typesupport_fastrtps_c.cpython-310-x86_64-linux-gnu.so[0m
[7.216s] [ 97%] [32m[1mLinking C shared library rosidl_generator_py/micro_ros_msgs/micro_ros_msgs_s__rosidl_typesupport_introspection_c.cpython-310-x86_64-linux-gnu.so[0m
[7.218s] [100%] [32m[1mLinking C shared library rosidl_generator_py/micro_ros_msgs/micro_ros_msgs_s__rosidl_typesupport_c.cpython-310-x86_64-linux-gnu.so[0m
[7.255s] [100%] Built target micro_ros_msgs__rosidl_typesupport_fastrtps_c__pyext
[7.258s] [100%] Built target micro_ros_msgs__rosidl_typesupport_c__pyext
[7.263s] [100%] Built target micro_ros_msgs__rosidl_typesupport_introspection_c__pyext
[7.276s] Invoked command in '/home/robotique/microros_ws/build/micro_ros_msgs' returned '0': CMAKE_PREFIX_PATH=/opt/ros/humble /usr/bin/cmake --build /home/robotique/microros_ws/build/micro_ros_msgs -- -j4 -l4
[7.474s] Invoking command in '/home/robotique/microros_ws/build/micro_ros_msgs': CMAKE_PREFIX_PATH=/opt/ros/humble /usr/bin/cmake --install /home/robotique/microros_ws/build/micro_ros_msgs
[7.483s] -- Install configuration: ""
[7.484s] -- Installing: /home/robotique/microros_ws/install/micro_ros_msgs/share/ament_index/resource_index/rosidl_interfaces/micro_ros_msgs
[7.484s] -- Installing: /home/robotique/microros_ws/install/micro_ros_msgs/include/micro_ros_msgs/micro_ros_msgs
[7.484s] -- Installing: /home/robotique/microros_ws/install/micro_ros_msgs/include/micro_ros_msgs/micro_ros_msgs/msg
[7.484s] -- Installing: /home/robotique/microros_ws/install/micro_ros_msgs/include/micro_ros_msgs/micro_ros_msgs/msg/detail
[7.484s] -- Installing: /home/robotique/microros_ws/install/micro_ros_msgs/include/micro_ros_msgs/micro_ros_msgs/msg/detail/entity__functions.c
[7.485s] -- Installing: /home/robotique/microros_ws/install/micro_ros_msgs/include/micro_ros_msgs/micro_ros_msgs/msg/detail/graph__functions.c
[7.485s] -- Installing: /home/robotique/microros_ws/install/micro_ros_msgs/include/micro_ros_msgs/micro_ros_msgs/msg/detail/graph__functions.h
[7.485s] -- Installing: /home/robotique/microros_ws/install/micro_ros_msgs/include/micro_ros_msgs/micro_ros_msgs/msg/detail/node__functions.h
[7.485s] -- Installing: /home/robotique/microros_ws/install/micro_ros_msgs/include/micro_ros_msgs/micro_ros_msgs/msg/detail/node__functions.c
[7.485s] -- Installing: /home/robotique/microros_ws/install/micro_ros_msgs/include/micro_ros_msgs/micro_ros_msgs/msg/detail/graph__type_support.h
[7.485s] -- Installing: /home/robotique/microros_ws/install/micro_ros_msgs/include/micro_ros_msgs/micro_ros_msgs/msg/detail/node__type_support.h
[7.486s] -- Installing: /home/robotique/microros_ws/install/micro_ros_msgs/include/micro_ros_msgs/micro_ros_msgs/msg/detail/entity__struct.h
[7.486s] -- Installing: /home/robotique/microros_ws/install/micro_ros_msgs/include/micro_ros_msgs/micro_ros_msgs/msg/detail/entity__functions.h
[7.486s] -- Installing: /home/robotique/microros_ws/install/micro_ros_msgs/include/micro_ros_msgs/micro_ros_msgs/msg/detail/graph__struct.h
[7.486s] -- Installing: /home/robotique/microros_ws/install/micro_ros_msgs/include/micro_ros_msgs/micro_ros_msgs/msg/detail/node__struct.h
[7.486s] -- Installing: /home/robotique/microros_ws/install/micro_ros_msgs/include/micro_ros_msgs/micro_ros_msgs/msg/detail/entity__type_support.h
[7.486s] -- Installing: /home/robotique/microros_ws/install/micro_ros_msgs/include/micro_ros_msgs/micro_ros_msgs/msg/rosidl_generator_c__visibility_control.h
[7.487s] -- Installing: /home/robotique/microros_ws/install/micro_ros_msgs/include/micro_ros_msgs/micro_ros_msgs/msg/entity.h
[7.487s] -- Installing: /home/robotique/microros_ws/install/micro_ros_msgs/include/micro_ros_msgs/micro_ros_msgs/msg/graph.h
[7.487s] -- Installing: /home/robotique/microros_ws/install/micro_ros_msgs/include/micro_ros_msgs/micro_ros_msgs/msg/node.h
[7.487s] -- Installing: /home/robotique/microros_ws/install/micro_ros_msgs/share/micro_ros_msgs/environment/library_path.sh
[7.487s] -- Installing: /home/robotique/microros_ws/install/micro_ros_msgs/share/micro_ros_msgs/environment/library_path.dsv
[7.487s] -- Installing: /home/robotique/microros_ws/install/micro_ros_msgs/lib/libmicro_ros_msgs__rosidl_generator_c.so
[7.487s] -- Set runtime path of "/home/robotique/microros_ws/install/micro_ros_msgs/lib/libmicro_ros_msgs__rosidl_generator_c.so" to ""
[7.487s] -- Up-to-date: /home/robotique/microros_ws/install/micro_ros_msgs/include/micro_ros_msgs/micro_ros_msgs
[7.488s] -- Up-to-date: /home/robotique/microros_ws/install/micro_ros_msgs/include/micro_ros_msgs/micro_ros_msgs/msg
[7.488s] -- Up-to-date: /home/robotique/microros_ws/install/micro_ros_msgs/include/micro_ros_msgs/micro_ros_msgs/msg/detail
[7.488s] -- Installing: /home/robotique/microros_ws/install/micro_ros_msgs/include/micro_ros_msgs/micro_ros_msgs/msg/detail/entity__rosidl_typesupport_fastrtps_c.h
[7.488s] -- Installing: /home/robotique/microros_ws/install/micro_ros_msgs/include/micro_ros_msgs/micro_ros_msgs/msg/detail/graph__rosidl_typesupport_fastrtps_c.h
[7.488s] -- Installing: /home/robotique/microros_ws/install/micro_ros_msgs/include/micro_ros_msgs/micro_ros_msgs/msg/detail/node__rosidl_typesupport_fastrtps_c.h
[7.488s] -- Installing: /home/robotique/microros_ws/install/micro_ros_msgs/include/micro_ros_msgs/micro_ros_msgs/msg/rosidl_typesupport_fastrtps_c__visibility_control.h
[7.488s] -- Installing: /home/robotique/microros_ws/install/micro_ros_msgs/lib/libmicro_ros_msgs__rosidl_typesupport_fastrtps_c.so
[7.488s] -- Set runtime path of "/home/robotique/microros_ws/install/micro_ros_msgs/lib/libmicro_ros_msgs__rosidl_typesupport_fastrtps_c.so" to ""
[7.489s] -- Up-to-date: /home/robotique/microros_ws/install/micro_ros_msgs/include/micro_ros_msgs/micro_ros_msgs
[7.489s] -- Up-to-date: /home/robotique/microros_ws/install/micro_ros_msgs/include/micro_ros_msgs/micro_ros_msgs/msg
[7.489s] -- Up-to-date: /home/robotique/microros_ws/install/micro_ros_msgs/include/micro_ros_msgs/micro_ros_msgs/msg/detail
[7.489s] -- Installing: /home/robotique/microros_ws/install/micro_ros_msgs/include/micro_ros_msgs/micro_ros_msgs/msg/detail/graph__rosidl_typesupport_introspection_c.h
[7.489s] -- Installing: /home/robotique/microros_ws/install/micro_ros_msgs/include/micro_ros_msgs/micro_ros_msgs/msg/detail/entity__type_support.c
[7.489s] -- Installing: /home/robotique/microros_ws/install/micro_ros_msgs/include/micro_ros_msgs/micro_ros_msgs/msg/detail/graph__type_support.c
[7.489s] -- Installing: /home/robotique/microros_ws/install/micro_ros_msgs/include/micro_ros_msgs/micro_ros_msgs/msg/detail/node__type_support.c
[7.489s] -- Installing: /home/robotique/microros_ws/install/micro_ros_msgs/include/micro_ros_msgs/micro_ros_msgs/msg/detail/entity__rosidl_typesupport_introspection_c.h
[7.490s] -- Installing: /home/robotique/microros_ws/install/micro_ros_msgs/include/micro_ros_msgs/micro_ros_msgs/msg/detail/node__rosidl_typesupport_introspection_c.h
[7.490s] -- Installing: /home/robotique/microros_ws/install/micro_ros_msgs/include/micro_ros_msgs/micro_ros_msgs/msg/rosidl_typesupport_introspection_c__visibility_control.h
[7.490s] -- Installing: /home/robotique/microros_ws/install/micro_ros_msgs/lib/libmicro_ros_msgs__rosidl_typesupport_introspection_c.so
[7.490s] -- Set runtime path of "/home/robotique/microros_ws/install/micro_ros_msgs/lib/libmicro_ros_msgs__rosidl_typesupport_introspection_c.so" to ""
[7.490s] -- Installing: /home/robotique/microros_ws/install/micro_ros_msgs/lib/libmicro_ros_msgs__rosidl_typesupport_c.so
[7.490s] -- Set runtime path of "/home/robotique/microros_ws/install/micro_ros_msgs/lib/libmicro_ros_msgs__rosidl_typesupport_c.so" to ""
[7.490s] -- Up-to-date: /home/robotique/microros_ws/install/micro_ros_msgs/include/micro_ros_msgs/micro_ros_msgs
[7.491s] -- Up-to-date: /home/robotique/microros_ws/install/micro_ros_msgs/include/micro_ros_msgs/micro_ros_msgs/msg
[7.491s] -- Installing: /home/robotique/microros_ws/install/micro_ros_msgs/include/micro_ros_msgs/micro_ros_msgs/msg/entity.hpp
[7.491s] -- Up-to-date: /home/robotique/microros_ws/install/micro_ros_msgs/include/micro_ros_msgs/micro_ros_msgs/msg/detail
[7.491s] -- Installing: /home/robotique/microros_ws/install/micro_ros_msgs/include/micro_ros_msgs/micro_ros_msgs/msg/detail/node__traits.hpp
[7.491s] -- Installing: /home/robotique/microros_ws/install/micro_ros_msgs/include/micro_ros_msgs/micro_ros_msgs/msg/detail/entity__traits.hpp
[7.491s] -- Installing: /home/robotique/microros_ws/install/micro_ros_msgs/include/micro_ros_msgs/micro_ros_msgs/msg/detail/node__struct.hpp
[7.492s] -- Installing: /home/robotique/microros_ws/install/micro_ros_msgs/include/micro_ros_msgs/micro_ros_msgs/msg/detail/graph__struct.hpp
[7.492s] -- Installing: /home/robotique/microros_ws/install/micro_ros_msgs/include/micro_ros_msgs/micro_ros_msgs/msg/detail/entity__builder.hpp
[7.492s] -- Installing: /home/robotique/microros_ws/install/micro_ros_msgs/include/micro_ros_msgs/micro_ros_msgs/msg/detail/graph__builder.hpp
[7.492s] -- Installing: /home/robotique/microros_ws/install/micro_ros_msgs/include/micro_ros_msgs/micro_ros_msgs/msg/detail/graph__traits.hpp
[7.492s] -- Installing: /home/robotique/microros_ws/install/micro_ros_msgs/include/micro_ros_msgs/micro_ros_msgs/msg/detail/node__builder.hpp
[7.492s] -- Installing: /home/robotique/microros_ws/install/micro_ros_msgs/include/micro_ros_msgs/micro_ros_msgs/msg/detail/entity__struct.hpp
[7.492s] -- Installing: /home/robotique/microros_ws/install/micro_ros_msgs/include/micro_ros_msgs/micro_ros_msgs/msg/graph.hpp
[7.492s] -- Installing: /home/robotique/microros_ws/install/micro_ros_msgs/include/micro_ros_msgs/micro_ros_msgs/msg/node.hpp
[7.492s] -- Up-to-date: /home/robotique/microros_ws/install/micro_ros_msgs/include/micro_ros_msgs/micro_ros_msgs
[7.492s] -- Up-to-date: /home/robotique/microros_ws/install/micro_ros_msgs/include/micro_ros_msgs/micro_ros_msgs/msg
[7.493s] -- Up-to-date: /home/robotique/microros_ws/install/micro_ros_msgs/include/micro_ros_msgs/micro_ros_msgs/msg/detail
[7.493s] -- Installing: /home/robotique/microros_ws/install/micro_ros_msgs/include/micro_ros_msgs/micro_ros_msgs/msg/detail/node__rosidl_typesupport_fastrtps_cpp.hpp
[7.493s] -- Installing: /home/robotique/microros_ws/install/micro_ros_msgs/include/micro_ros_msgs/micro_ros_msgs/msg/detail/graph__rosidl_typesupport_fastrtps_cpp.hpp
[7.493s] -- Installing: /home/robotique/microros_ws/install/micro_ros_msgs/include/micro_ros_msgs/micro_ros_msgs/msg/detail/entity__rosidl_typesupport_fastrtps_cpp.hpp
[7.493s] -- Installing: /home/robotique/microros_ws/install/micro_ros_msgs/include/micro_ros_msgs/micro_ros_msgs/msg/detail/dds_fastrtps
[7.493s] -- Installing: /home/robotique/microros_ws/install/micro_ros_msgs/include/micro_ros_msgs/micro_ros_msgs/msg/rosidl_typesupport_fastrtps_cpp__visibility_control.h
[7.493s] -- Installing: /home/robotique/microros_ws/install/micro_ros_msgs/lib/libmicro_ros_msgs__rosidl_typesupport_fastrtps_cpp.so
[7.493s] -- Set runtime path of "/home/robotique/microros_ws/install/micro_ros_msgs/lib/libmicro_ros_msgs__rosidl_typesupport_fastrtps_cpp.so" to ""
[7.493s] -- Up-to-date: /home/robotique/microros_ws/install/micro_ros_msgs/include/micro_ros_msgs/micro_ros_msgs
[7.494s] -- Up-to-date: /home/robotique/microros_ws/install/micro_ros_msgs/include/micro_ros_msgs/micro_ros_msgs/msg
[7.494s] -- Up-to-date: /home/robotique/microros_ws/install/micro_ros_msgs/include/micro_ros_msgs/micro_ros_msgs/msg/detail
[7.494s] -- Installing: /home/robotique/microros_ws/install/micro_ros_msgs/include/micro_ros_msgs/micro_ros_msgs/msg/detail/graph__rosidl_typesupport_introspection_cpp.hpp
[7.504s] -- Installing: /home/robotique/microros_ws/install/micro_ros_msgs/include/micro_ros_msgs/micro_ros_msgs/msg/detail/node__type_support.cpp
[7.504s] -- Installing: /home/robotique/microros_ws/install/micro_ros_msgs/include/micro_ros_msgs/micro_ros_msgs/msg/detail/entity__type_support.cpp
[7.504s] -- Installing: /home/robotique/microros_ws/install/micro_ros_msgs/include/micro_ros_msgs/micro_ros_msgs/msg/detail/graph__type_support.cpp
[7.504s] -- Installing: /home/robotique/microros_ws/install/micro_ros_msgs/include/micro_ros_msgs/micro_ros_msgs/msg/detail/node__rosidl_typesupport_introspection_cpp.hpp
[7.504s] -- Installing: /home/robotique/microros_ws/install/micro_ros_msgs/include/micro_ros_msgs/micro_ros_msgs/msg/detail/entity__rosidl_typesupport_introspection_cpp.hpp
[7.504s] -- Installing: /home/robotique/microros_ws/install/micro_ros_msgs/lib/libmicro_ros_msgs__rosidl_typesupport_introspection_cpp.so
[7.505s] -- Set runtime path of "/home/robotique/microros_ws/install/micro_ros_msgs/lib/libmicro_ros_msgs__rosidl_typesupport_introspection_cpp.so" to ""
[7.505s] -- Installing: /home/robotique/microros_ws/install/micro_ros_msgs/lib/libmicro_ros_msgs__rosidl_typesupport_cpp.so
[7.505s] -- Set runtime path of "/home/robotique/microros_ws/install/micro_ros_msgs/lib/libmicro_ros_msgs__rosidl_typesupport_cpp.so" to ""
[7.505s] -- Installing: /home/robotique/microros_ws/install/micro_ros_msgs/share/micro_ros_msgs/environment/pythonpath.sh
[7.505s] -- Installing: /home/robotique/microros_ws/install/micro_ros_msgs/share/micro_ros_msgs/environment/pythonpath.dsv
[7.505s] -- Installing: /home/robotique/microros_ws/install/micro_ros_msgs/local/lib/python3.10/dist-packages/micro_ros_msgs-1.0.0-py3.10.egg-info
[7.505s] -- Installing: /home/robotique/microros_ws/install/micro_ros_msgs/local/lib/python3.10/dist-packages/micro_ros_msgs-1.0.0-py3.10.egg-info/PKG-INFO
[7.506s] -- Installing: /home/robotique/microros_ws/install/micro_ros_msgs/local/lib/python3.10/dist-packages/micro_ros_msgs-1.0.0-py3.10.egg-info/SOURCES.txt
[7.506s] -- Installing: /home/robotique/microros_ws/install/micro_ros_msgs/local/lib/python3.10/dist-packages/micro_ros_msgs-1.0.0-py3.10.egg-info/dependency_links.txt
[7.506s] -- Installing: /home/robotique/microros_ws/install/micro_ros_msgs/local/lib/python3.10/dist-packages/micro_ros_msgs-1.0.0-py3.10.egg-info/top_level.txt
[7.506s] -- Installing: /home/robotique/microros_ws/install/micro_ros_msgs/local/lib/python3.10/dist-packages/micro_ros_msgs
[7.506s] -- Installing: /home/robotique/microros_ws/install/micro_ros_msgs/local/lib/python3.10/dist-packages/micro_ros_msgs/micro_ros_msgs_s__rosidl_typesupport_c.cpython-310-x86_64-linux-gnu.so
[7.506s] -- Installing: /home/robotique/microros_ws/install/micro_ros_msgs/local/lib/python3.10/dist-packages/micro_ros_msgs/libmicro_ros_msgs__rosidl_generator_py.so
[7.506s] -- Installing: /home/robotique/microros_ws/install/micro_ros_msgs/local/lib/python3.10/dist-packages/micro_ros_msgs/micro_ros_msgs_s__rosidl_typesupport_fastrtps_c.cpython-310-x86_64-linux-gnu.so
[7.506s] -- Installing: /home/robotique/microros_ws/install/micro_ros_msgs/local/lib/python3.10/dist-packages/micro_ros_msgs/__init__.py
[7.506s] -- Installing: /home/robotique/microros_ws/install/micro_ros_msgs/local/lib/python3.10/dist-packages/micro_ros_msgs/_micro_ros_msgs_s.ep.rosidl_typesupport_introspection_c.c
[7.506s] -- Installing: /home/robotique/microros_ws/install/micro_ros_msgs/local/lib/python3.10/dist-packages/micro_ros_msgs/_micro_ros_msgs_s.ep.rosidl_typesupport_c.c
[7.506s] -- Installing: /home/robotique/microros_ws/install/micro_ros_msgs/local/lib/python3.10/dist-packages/micro_ros_msgs/micro_ros_msgs_s__rosidl_typesupport_introspection_c.cpython-310-x86_64-linux-gnu.so
[7.507s] -- Installing: /home/robotique/microros_ws/install/micro_ros_msgs/local/lib/python3.10/dist-packages/micro_ros_msgs/msg
[7.507s] -- Installing: /home/robotique/microros_ws/install/micro_ros_msgs/local/lib/python3.10/dist-packages/micro_ros_msgs/msg/_graph.py
[7.507s] -- Installing: /home/robotique/microros_ws/install/micro_ros_msgs/local/lib/python3.10/dist-packages/micro_ros_msgs/msg/_entity_s.c
[7.507s] -- Installing: /home/robotique/microros_ws/install/micro_ros_msgs/local/lib/python3.10/dist-packages/micro_ros_msgs/msg/__init__.py
[7.507s] -- Installing: /home/robotique/microros_ws/install/micro_ros_msgs/local/lib/python3.10/dist-packages/micro_ros_msgs/msg/_entity.py
[7.507s] -- Installing: /home/robotique/microros_ws/install/micro_ros_msgs/local/lib/python3.10/dist-packages/micro_ros_msgs/msg/_node.py
[7.507s] -- Installing: /home/robotique/microros_ws/install/micro_ros_msgs/local/lib/python3.10/dist-packages/micro_ros_msgs/msg/_graph_s.c
[7.507s] -- Installing: /home/robotique/microros_ws/install/micro_ros_msgs/local/lib/python3.10/dist-packages/micro_ros_msgs/msg/_node_s.c
[7.507s] -- Installing: /home/robotique/microros_ws/install/micro_ros_msgs/local/lib/python3.10/dist-packages/micro_ros_msgs/_micro_ros_msgs_s.ep.rosidl_typesupport_fastrtps_c.c
[7.540s] Listing '/home/robotique/microros_ws/install/micro_ros_msgs/local/lib/python3.10/dist-packages/micro_ros_msgs'...
[7.540s] Compiling '/home/robotique/microros_ws/install/micro_ros_msgs/local/lib/python3.10/dist-packages/micro_ros_msgs/__init__.py'...
[7.540s] Listing '/home/robotique/microros_ws/install/micro_ros_msgs/local/lib/python3.10/dist-packages/micro_ros_msgs/msg'...
[7.547s] Compiling '/home/robotique/microros_ws/install/micro_ros_msgs/local/lib/python3.10/dist-packages/micro_ros_msgs/msg/__init__.py'...
[7.548s] Compiling '/home/robotique/microros_ws/install/micro_ros_msgs/local/lib/python3.10/dist-packages/micro_ros_msgs/msg/_entity.py'...
[7.548s] Compiling '/home/robotique/microros_ws/install/micro_ros_msgs/local/lib/python3.10/dist-packages/micro_ros_msgs/msg/_graph.py'...
[7.548s] Compiling '/home/robotique/microros_ws/install/micro_ros_msgs/local/lib/python3.10/dist-packages/micro_ros_msgs/msg/_node.py'...
[7.548s] -- Installing: /home/robotique/microros_ws/install/micro_ros_msgs/local/lib/python3.10/dist-packages/micro_ros_msgs/micro_ros_msgs_s__rosidl_typesupport_fastrtps_c.cpython-310-x86_64-linux-gnu.so
[7.548s] -- Set runtime path of "/home/robotique/microros_ws/install/micro_ros_msgs/local/lib/python3.10/dist-packages/micro_ros_msgs/micro_ros_msgs_s__rosidl_typesupport_fastrtps_c.cpython-310-x86_64-linux-gnu.so" to ""
[7.548s] -- Installing: /home/robotique/microros_ws/install/micro_ros_msgs/local/lib/python3.10/dist-packages/micro_ros_msgs/micro_ros_msgs_s__rosidl_typesupport_introspection_c.cpython-310-x86_64-linux-gnu.so
[7.548s] -- Set runtime path of "/home/robotique/microros_ws/install/micro_ros_msgs/local/lib/python3.10/dist-packages/micro_ros_msgs/micro_ros_msgs_s__rosidl_typesupport_introspection_c.cpython-310-x86_64-linux-gnu.so" to ""
[7.548s] -- Installing: /home/robotique/microros_ws/install/micro_ros_msgs/local/lib/python3.10/dist-packages/micro_ros_msgs/micro_ros_msgs_s__rosidl_typesupport_c.cpython-310-x86_64-linux-gnu.so
[7.548s] -- Set runtime path of "/home/robotique/microros_ws/install/micro_ros_msgs/local/lib/python3.10/dist-packages/micro_ros_msgs/micro_ros_msgs_s__rosidl_typesupport_c.cpython-310-x86_64-linux-gnu.so" to ""
[7.549s] -- Installing: /home/robotique/microros_ws/install/micro_ros_msgs/lib/libmicro_ros_msgs__rosidl_generator_py.so
[7.549s] -- Set runtime path of "/home/robotique/microros_ws/install/micro_ros_msgs/lib/libmicro_ros_msgs__rosidl_generator_py.so" to ""
[7.549s] -- Installing: /home/robotique/microros_ws/install/micro_ros_msgs/share/micro_ros_msgs/msg/Graph.idl
[7.549s] -- Installing: /home/robotique/microros_ws/install/micro_ros_msgs/share/micro_ros_msgs/msg/Node.idl
[7.549s] -- Installing: /home/robotique/microros_ws/install/micro_ros_msgs/share/micro_ros_msgs/msg/Entity.idl
[7.549s] -- Installing: /home/robotique/microros_ws/install/micro_ros_msgs/share/micro_ros_msgs/msg/Graph.msg
[7.549s] -- Installing: /home/robotique/microros_ws/install/micro_ros_msgs/share/micro_ros_msgs/msg/Node.msg
[7.549s] -- Installing: /home/robotique/microros_ws/install/micro_ros_msgs/share/micro_ros_msgs/msg/Entity.msg
[7.549s] -- Installing: /home/robotique/microros_ws/install/micro_ros_msgs/share/ament_index/resource_index/package_run_dependencies/micro_ros_msgs
[7.549s] -- Installing: /home/robotique/microros_ws/install/micro_ros_msgs/share/ament_index/resource_index/parent_prefix_path/micro_ros_msgs
[7.549s] -- Installing: /home/robotique/microros_ws/install/micro_ros_msgs/share/micro_ros_msgs/environment/ament_prefix_path.sh
[7.549s] -- Installing: /home/robotique/microros_ws/install/micro_ros_msgs/share/micro_ros_msgs/environment/ament_prefix_path.dsv
[7.550s] -- Installing: /home/robotique/microros_ws/install/micro_ros_msgs/share/micro_ros_msgs/environment/path.sh
[7.561s] -- Installing: /home/robotique/microros_ws/install/micro_ros_msgs/share/micro_ros_msgs/environment/path.dsv
[7.562s] -- Installing: /home/robotique/microros_ws/install/micro_ros_msgs/share/micro_ros_msgs/local_setup.bash
[7.562s] -- Installing: /home/robotique/microros_ws/install/micro_ros_msgs/share/micro_ros_msgs/local_setup.sh
[7.562s] -- Installing: /home/robotique/microros_ws/install/micro_ros_msgs/share/micro_ros_msgs/local_setup.zsh
[7.562s] -- Installing: /home/robotique/microros_ws/install/micro_ros_msgs/share/micro_ros_msgs/local_setup.dsv
[7.562s] -- Installing: /home/robotique/microros_ws/install/micro_ros_msgs/share/micro_ros_msgs/package.dsv
[7.562s] -- Installing: /home/robotique/microros_ws/install/micro_ros_msgs/share/ament_index/resource_index/packages/micro_ros_msgs
[7.562s] -- Installing: /home/robotique/microros_ws/install/micro_ros_msgs/share/micro_ros_msgs/cmake/export_micro_ros_msgs__rosidl_generator_cExport.cmake
[7.562s] -- Installing: /home/robotique/microros_ws/install/micro_ros_msgs/share/micro_ros_msgs/cmake/export_micro_ros_msgs__rosidl_generator_cExport-noconfig.cmake
[7.562s] -- Installing: /home/robotique/microros_ws/install/micro_ros_msgs/share/micro_ros_msgs/cmake/export_micro_ros_msgs__rosidl_typesupport_fastrtps_cExport.cmake
[7.562s] -- Installing: /home/robotique/microros_ws/install/micro_ros_msgs/share/micro_ros_msgs/cmake/export_micro_ros_msgs__rosidl_typesupport_fastrtps_cExport-noconfig.cmake
[7.562s] -- Installing: /home/robotique/microros_ws/install/micro_ros_msgs/share/micro_ros_msgs/cmake/micro_ros_msgs__rosidl_typesupport_introspection_cExport.cmake
[7.562s] -- Installing: /home/robotique/microros_ws/install/micro_ros_msgs/share/micro_ros_msgs/cmake/micro_ros_msgs__rosidl_typesupport_introspection_cExport-noconfig.cmake
[7.562s] -- Installing: /home/robotique/microros_ws/install/micro_ros_msgs/share/micro_ros_msgs/cmake/micro_ros_msgs__rosidl_typesupport_cExport.cmake
[7.562s] -- Installing: /home/robotique/microros_ws/install/micro_ros_msgs/share/micro_ros_msgs/cmake/micro_ros_msgs__rosidl_typesupport_cExport-noconfig.cmake
[7.562s] -- Installing: /home/robotique/microros_ws/install/micro_ros_msgs/share/micro_ros_msgs/cmake/export_micro_ros_msgs__rosidl_generator_cppExport.cmake
[7.562s] -- Installing: /home/robotique/microros_ws/install/micro_ros_msgs/share/micro_ros_msgs/cmake/export_micro_ros_msgs__rosidl_typesupport_fastrtps_cppExport.cmake
[7.563s] -- Installing: /home/robotique/microros_ws/install/micro_ros_msgs/share/micro_ros_msgs/cmake/export_micro_ros_msgs__rosidl_typesupport_fastrtps_cppExport-noconfig.cmake
[7.563s] -- Installing: /home/robotique/microros_ws/install/micro_ros_msgs/share/micro_ros_msgs/cmake/micro_ros_msgs__rosidl_typesupport_introspection_cppExport.cmake
[7.563s] -- Installing: /home/robotique/microros_ws/install/micro_ros_msgs/share/micro_ros_msgs/cmake/micro_ros_msgs__rosidl_typesupport_introspection_cppExport-noconfig.cmake
[7.563s] -- Installing: /home/robotique/microros_ws/install/micro_ros_msgs/share/micro_ros_msgs/cmake/micro_ros_msgs__rosidl_typesupport_cppExport.cmake
[7.563s] -- Installing: /home/robotique/microros_ws/install/micro_ros_msgs/share/micro_ros_msgs/cmake/micro_ros_msgs__rosidl_typesupport_cppExport-noconfig.cmake
[7.563s] -- Installing: /home/robotique/microros_ws/install/micro_ros_msgs/share/micro_ros_msgs/cmake/export_micro_ros_msgs__rosidl_generator_pyExport.cmake
[7.563s] -- Installing: /home/robotique/microros_ws/install/micro_ros_msgs/share/micro_ros_msgs/cmake/export_micro_ros_msgs__rosidl_generator_pyExport-noconfig.cmake
[7.563s] -- Installing: /home/robotique/microros_ws/install/micro_ros_msgs/share/micro_ros_msgs/cmake/rosidl_cmake-extras.cmake
[7.563s] -- Installing: /home/robotique/microros_ws/install/micro_ros_msgs/share/micro_ros_msgs/cmake/ament_cmake_export_include_directories-extras.cmake
[7.563s] -- Installing: /home/robotique/microros_ws/install/micro_ros_msgs/share/micro_ros_msgs/cmake/ament_cmake_export_libraries-extras.cmake
[7.563s] -- Installing: /home/robotique/microros_ws/install/micro_ros_msgs/share/micro_ros_msgs/cmake/ament_cmake_export_targets-extras.cmake
[7.563s] -- Installing: /home/robotique/microros_ws/install/micro_ros_msgs/share/micro_ros_msgs/cmake/rosidl_cmake_export_typesupport_targets-extras.cmake
[7.563s] -- Installing: /home/robotique/microros_ws/install/micro_ros_msgs/share/micro_ros_msgs/cmake/ament_cmake_export_dependencies-extras.cmake
[7.563s] -- Installing: /home/robotique/microros_ws/install/micro_ros_msgs/share/micro_ros_msgs/cmake/rosidl_cmake_export_typesupport_libraries-extras.cmake
[7.563s] -- Installing: /home/robotique/microros_ws/install/micro_ros_msgs/share/micro_ros_msgs/cmake/micro_ros_msgsConfig.cmake
[7.563s] -- Installing: /home/robotique/microros_ws/install/micro_ros_msgs/share/micro_ros_msgs/cmake/micro_ros_msgsConfig-version.cmake
[7.563s] -- Installing: /home/robotique/microros_ws/install/micro_ros_msgs/share/micro_ros_msgs/package.xml
[7.563s] Invoked command in '/home/robotique/microros_ws/build/micro_ros_msgs' returned '0': CMAKE_PREFIX_PATH=/opt/ros/humble /usr/bin/cmake --install /home/robotique/microros_ws/build/micro_ros_msgs
