[0.878s] DEBUG:colcon:Command line arguments: ['/usr/bin/colcon', 'build']
[0.878s] DEBUG:colcon:Parsed command line arguments: Namespace(log_base=None, log_level=None, verb_name='build', build_base='build', install_base='install', merge_install=False, symlink_install=False, test_result_base=None, continue_on_error=False, executor='parallel', parallel_workers=4, event_handlers=None, ignore_user_meta=False, metas=['./colcon.meta'], base_paths=['.'], packages_ignore=None, packages_ignore_regex=None, paths=None, packages_up_to=None, packages_up_to_regex=None, packages_above=None, packages_above_and_dependencies=None, packages_above_depth=None, packages_select_by_dep=None, packages_skip_by_dep=None, packages_skip_up_to=None, packages_select_build_failed=False, packages_skip_build_finished=False, packages_select_test_failures=False, packages_skip_test_passed=False, packages_select=None, packages_skip=None, packages_select_regex=None, packages_skip_regex=None, packages_start=None, packages_end=None, allow_overriding=[], cmake_args=None, cmake_target=None, cmake_target_skip_unavailable=False, cmake_clean_cache=False, cmake_clean_first=False, cmake_force_configure=False, ament_cmake_args=None, catkin_cmake_args=None, catkin_skip_building_tests=False, verb_parser=<colcon_defaults.argument_parser.defaults.DefaultArgumentsDecorator object at 0x7f33467a6ef0>, verb_extension=<colcon_core.verb.build.BuildVerb object at 0x7f3347162980>, main=<bound method BuildVerb.main of <colcon_core.verb.build.BuildVerb object at 0x7f3347162980>>)
[0.951s] Level 1:colcon.colcon_core.package_discovery:discover_packages(colcon_meta) check parameters
[0.951s] Level 1:colcon.colcon_core.package_discovery:discover_packages(recursive) check parameters
[0.951s] Level 1:colcon.colcon_core.package_discovery:discover_packages(ignore) check parameters
[0.951s] Level 1:colcon.colcon_core.package_discovery:discover_packages(path) check parameters
[0.951s] Level 1:colcon.colcon_core.package_discovery:discover_packages(colcon_meta) discover
[0.951s] Level 1:colcon.colcon_core.package_discovery:discover_packages(recursive) discover
[0.951s] INFO:colcon.colcon_core.package_discovery:Crawling recursively for packages in '/home/robotique/microros_ws'
[0.951s] Level 1:colcon.colcon_core.package_identification:_identify(.) by extensions ['ignore', 'ignore_ament_install']
[0.951s] Level 1:colcon.colcon_core.package_identification:_identify(.) by extension 'ignore'
[0.951s] Level 1:colcon.colcon_core.package_identification:_identify(.) by extension 'ignore_ament_install'
[0.951s] Level 1:colcon.colcon_core.package_identification:_identify(.) by extensions ['colcon_pkg']
[0.951s] Level 1:colcon.colcon_core.package_identification:_identify(.) by extension 'colcon_pkg'
[0.951s] Level 1:colcon.colcon_core.package_identification:_identify(.) by extensions ['colcon_meta']
[0.951s] Level 1:colcon.colcon_core.package_identification:_identify(.) by extension 'colcon_meta'
[0.951s] Level 1:colcon.colcon_core.package_identification:_identify(.) by extensions ['ros']
[0.951s] Level 1:colcon.colcon_core.package_identification:_identify(.) by extension 'ros'
[0.973s] Level 1:colcon.colcon_core.package_identification:_identify(.) by extensions ['cmake', 'python']
[0.973s] Level 1:colcon.colcon_core.package_identification:_identify(.) by extension 'cmake'
[0.973s] Level 1:colcon.colcon_core.package_identification:_identify(.) by extension 'python'
[0.973s] Level 1:colcon.colcon_core.package_identification:_identify(.) by extensions ['python_setup_py']
[0.973s] Level 1:colcon.colcon_core.package_identification:_identify(.) by extension 'python_setup_py'
[0.973s] Level 1:colcon.colcon_core.package_identification:_identify(build) by extensions ['ignore', 'ignore_ament_install']
[0.973s] Level 1:colcon.colcon_core.package_identification:_identify(build) by extension 'ignore'
[0.973s] Level 1:colcon.colcon_core.package_identification:_identify(build) ignored
[0.973s] Level 1:colcon.colcon_core.package_identification:_identify(install) by extensions ['ignore', 'ignore_ament_install']
[0.973s] Level 1:colcon.colcon_core.package_identification:_identify(install) by extension 'ignore'
[0.973s] Level 1:colcon.colcon_core.package_identification:_identify(install) ignored
[0.973s] Level 1:colcon.colcon_core.package_identification:_identify(log) by extensions ['ignore', 'ignore_ament_install']
[0.973s] Level 1:colcon.colcon_core.package_identification:_identify(log) by extension 'ignore'
[0.973s] Level 1:colcon.colcon_core.package_identification:_identify(log) ignored
[0.974s] Level 1:colcon.colcon_core.package_identification:_identify(src) by extensions ['ignore', 'ignore_ament_install']
[0.974s] Level 1:colcon.colcon_core.package_identification:_identify(src) by extension 'ignore'
[0.974s] Level 1:colcon.colcon_core.package_identification:_identify(src) by extension 'ignore_ament_install'
[0.974s] Level 1:colcon.colcon_core.package_identification:_identify(src) by extensions ['colcon_pkg']
[0.974s] Level 1:colcon.colcon_core.package_identification:_identify(src) by extension 'colcon_pkg'
[0.974s] Level 1:colcon.colcon_core.package_identification:_identify(src) by extensions ['colcon_meta']
[0.974s] Level 1:colcon.colcon_core.package_identification:_identify(src) by extension 'colcon_meta'
[0.974s] Level 1:colcon.colcon_core.package_identification:_identify(src) by extensions ['ros']
[0.974s] Level 1:colcon.colcon_core.package_identification:_identify(src) by extension 'ros'
[0.974s] Level 1:colcon.colcon_core.package_identification:_identify(src) by extensions ['cmake', 'python']
[0.974s] Level 1:colcon.colcon_core.package_identification:_identify(src) by extension 'cmake'
[0.974s] Level 1:colcon.colcon_core.package_identification:_identify(src) by extension 'python'
[0.974s] Level 1:colcon.colcon_core.package_identification:_identify(src) by extensions ['python_setup_py']
[0.974s] Level 1:colcon.colcon_core.package_identification:_identify(src) by extension 'python_setup_py'
[0.974s] Level 1:colcon.colcon_core.package_identification:_identify(src/micro_ros_setup) by extensions ['ignore', 'ignore_ament_install']
[0.974s] Level 1:colcon.colcon_core.package_identification:_identify(src/micro_ros_setup) by extension 'ignore'
[0.974s] Level 1:colcon.colcon_core.package_identification:_identify(src/micro_ros_setup) by extension 'ignore_ament_install'
[0.974s] Level 1:colcon.colcon_core.package_identification:_identify(src/micro_ros_setup) by extensions ['colcon_pkg']
[0.974s] Level 1:colcon.colcon_core.package_identification:_identify(src/micro_ros_setup) by extension 'colcon_pkg'
[0.974s] Level 1:colcon.colcon_core.package_identification:_identify(src/micro_ros_setup) by extensions ['colcon_meta']
[0.974s] Level 1:colcon.colcon_core.package_identification:_identify(src/micro_ros_setup) by extension 'colcon_meta'
[0.974s] Level 1:colcon.colcon_core.package_identification:_identify(src/micro_ros_setup) by extensions ['ros']
[0.975s] Level 1:colcon.colcon_core.package_identification:_identify(src/micro_ros_setup) by extension 'ros'
[0.979s] DEBUG:colcon.colcon_core.package_identification:Package 'src/micro_ros_setup' with type 'ros.ament_cmake' and name 'micro_ros_setup'
[0.980s] Level 1:colcon.colcon_core.package_identification:_identify(src/robot) by extensions ['ignore', 'ignore_ament_install']
[0.980s] Level 1:colcon.colcon_core.package_identification:_identify(src/robot) by extension 'ignore'
[0.980s] Level 1:colcon.colcon_core.package_identification:_identify(src/robot) by extension 'ignore_ament_install'
[0.980s] Level 1:colcon.colcon_core.package_identification:_identify(src/robot) by extensions ['colcon_pkg']
[0.980s] Level 1:colcon.colcon_core.package_identification:_identify(src/robot) by extension 'colcon_pkg'
[0.980s] Level 1:colcon.colcon_core.package_identification:_identify(src/robot) by extensions ['colcon_meta']
[0.980s] Level 1:colcon.colcon_core.package_identification:_identify(src/robot) by extension 'colcon_meta'
[0.980s] Level 1:colcon.colcon_core.package_identification:_identify(src/robot) by extensions ['ros']
[0.980s] Level 1:colcon.colcon_core.package_identification:_identify(src/robot) by extension 'ros'
[0.981s] DEBUG:colcon.colcon_core.package_identification:Package 'src/robot' with type 'ros.ament_cmake' and name 'robot'
[0.982s] Level 1:colcon.colcon_core.package_identification:_identify(src/roverc) by extensions ['ignore', 'ignore_ament_install']
[0.982s] Level 1:colcon.colcon_core.package_identification:_identify(src/roverc) by extension 'ignore'
[0.982s] Level 1:colcon.colcon_core.package_identification:_identify(src/roverc) by extension 'ignore_ament_install'
[0.982s] Level 1:colcon.colcon_core.package_identification:_identify(src/roverc) by extensions ['colcon_pkg']
[0.982s] Level 1:colcon.colcon_core.package_identification:_identify(src/roverc) by extension 'colcon_pkg'
[0.982s] Level 1:colcon.colcon_core.package_identification:_identify(src/roverc) by extensions ['colcon_meta']
[0.982s] Level 1:colcon.colcon_core.package_identification:_identify(src/roverc) by extension 'colcon_meta'
[0.982s] Level 1:colcon.colcon_core.package_identification:_identify(src/roverc) by extensions ['ros']
[0.982s] Level 1:colcon.colcon_core.package_identification:_identify(src/roverc) by extension 'ros'
[0.984s] DEBUG:colcon.colcon_core.package_identification:Package 'src/roverc' with type 'ros.ament_cmake' and name 'roverc'
[0.984s] Level 1:colcon.colcon_core.package_identification:_identify(src/uros) by extensions ['ignore', 'ignore_ament_install']
[0.984s] Level 1:colcon.colcon_core.package_identification:_identify(src/uros) by extension 'ignore'
[0.984s] Level 1:colcon.colcon_core.package_identification:_identify(src/uros) by extension 'ignore_ament_install'
[0.984s] Level 1:colcon.colcon_core.package_identification:_identify(src/uros) by extensions ['colcon_pkg']
[0.984s] Level 1:colcon.colcon_core.package_identification:_identify(src/uros) by extension 'colcon_pkg'
[0.984s] Level 1:colcon.colcon_core.package_identification:_identify(src/uros) by extensions ['colcon_meta']
[0.984s] Level 1:colcon.colcon_core.package_identification:_identify(src/uros) by extension 'colcon_meta'
[0.984s] Level 1:colcon.colcon_core.package_identification:_identify(src/uros) by extensions ['ros']
[0.984s] Level 1:colcon.colcon_core.package_identification:_identify(src/uros) by extension 'ros'
[0.984s] Level 1:colcon.colcon_core.package_identification:_identify(src/uros) by extensions ['cmake', 'python']
[0.984s] Level 1:colcon.colcon_core.package_identification:_identify(src/uros) by extension 'cmake'
[0.984s] Level 1:colcon.colcon_core.package_identification:_identify(src/uros) by extension 'python'
[0.984s] Level 1:colcon.colcon_core.package_identification:_identify(src/uros) by extensions ['python_setup_py']
[0.984s] Level 1:colcon.colcon_core.package_identification:_identify(src/uros) by extension 'python_setup_py'
[0.985s] Level 1:colcon.colcon_core.package_identification:_identify(src/uros/micro-ROS-Agent) by extensions ['ignore', 'ignore_ament_install']
[0.985s] Level 1:colcon.colcon_core.package_identification:_identify(src/uros/micro-ROS-Agent) by extension 'ignore'
[0.985s] Level 1:colcon.colcon_core.package_identification:_identify(src/uros/micro-ROS-Agent) by extension 'ignore_ament_install'
[0.985s] Level 1:colcon.colcon_core.package_identification:_identify(src/uros/micro-ROS-Agent) by extensions ['colcon_pkg']
[0.985s] Level 1:colcon.colcon_core.package_identification:_identify(src/uros/micro-ROS-Agent) by extension 'colcon_pkg'
[0.986s] Level 1:colcon.colcon_core.package_identification:_identify(src/uros/micro-ROS-Agent) by extensions ['colcon_meta']
[0.986s] Level 1:colcon.colcon_core.package_identification:_identify(src/uros/micro-ROS-Agent) by extension 'colcon_meta'
[0.986s] Level 1:colcon.colcon_core.package_identification:_identify(src/uros/micro-ROS-Agent) by extensions ['ros']
[0.986s] Level 1:colcon.colcon_core.package_identification:_identify(src/uros/micro-ROS-Agent) by extension 'ros'
[0.986s] Level 1:colcon.colcon_core.package_identification:_identify(src/uros/micro-ROS-Agent) by extensions ['cmake', 'python']
[0.986s] Level 1:colcon.colcon_core.package_identification:_identify(src/uros/micro-ROS-Agent) by extension 'cmake'
[0.986s] Level 1:colcon.colcon_core.package_identification:_identify(src/uros/micro-ROS-Agent) by extension 'python'
[0.986s] Level 1:colcon.colcon_core.package_identification:_identify(src/uros/micro-ROS-Agent) by extensions ['python_setup_py']
[0.986s] Level 1:colcon.colcon_core.package_identification:_identify(src/uros/micro-ROS-Agent) by extension 'python_setup_py'
[0.987s] Level 1:colcon.colcon_core.package_identification:_identify(src/uros/micro-ROS-Agent/micro_ros_agent) by extensions ['ignore', 'ignore_ament_install']
[0.987s] Level 1:colcon.colcon_core.package_identification:_identify(src/uros/micro-ROS-Agent/micro_ros_agent) by extension 'ignore'
[0.987s] Level 1:colcon.colcon_core.package_identification:_identify(src/uros/micro-ROS-Agent/micro_ros_agent) by extension 'ignore_ament_install'
[0.987s] Level 1:colcon.colcon_core.package_identification:_identify(src/uros/micro-ROS-Agent/micro_ros_agent) by extensions ['colcon_pkg']
[0.987s] Level 1:colcon.colcon_core.package_identification:_identify(src/uros/micro-ROS-Agent/micro_ros_agent) by extension 'colcon_pkg'
[0.987s] Level 1:colcon.colcon_core.package_identification:_identify(src/uros/micro-ROS-Agent/micro_ros_agent) by extensions ['colcon_meta']
[0.987s] Level 1:colcon.colcon_core.package_identification:_identify(src/uros/micro-ROS-Agent/micro_ros_agent) by extension 'colcon_meta'
[0.987s] Level 1:colcon.colcon_core.package_identification:_identify(src/uros/micro-ROS-Agent/micro_ros_agent) by extensions ['ros']
[0.987s] Level 1:colcon.colcon_core.package_identification:_identify(src/uros/micro-ROS-Agent/micro_ros_agent) by extension 'ros'
[0.988s] DEBUG:colcon.colcon_core.package_identification:Package 'src/uros/micro-ROS-Agent/micro_ros_agent' with type 'ros.ament_cmake' and name 'micro_ros_agent'
[0.989s] Level 1:colcon.colcon_core.package_identification:_identify(src/uros/micro-ROS-Agent/snap) by extensions ['ignore', 'ignore_ament_install']
[0.989s] Level 1:colcon.colcon_core.package_identification:_identify(src/uros/micro-ROS-Agent/snap) by extension 'ignore'
[0.989s] Level 1:colcon.colcon_core.package_identification:_identify(src/uros/micro-ROS-Agent/snap) by extension 'ignore_ament_install'
[0.989s] Level 1:colcon.colcon_core.package_identification:_identify(src/uros/micro-ROS-Agent/snap) by extensions ['colcon_pkg']
[0.989s] Level 1:colcon.colcon_core.package_identification:_identify(src/uros/micro-ROS-Agent/snap) by extension 'colcon_pkg'
[0.989s] Level 1:colcon.colcon_core.package_identification:_identify(src/uros/micro-ROS-Agent/snap) by extensions ['colcon_meta']
[0.989s] Level 1:colcon.colcon_core.package_identification:_identify(src/uros/micro-ROS-Agent/snap) by extension 'colcon_meta'
[0.989s] Level 1:colcon.colcon_core.package_identification:_identify(src/uros/micro-ROS-Agent/snap) by extensions ['ros']
[0.989s] Level 1:colcon.colcon_core.package_identification:_identify(src/uros/micro-ROS-Agent/snap) by extension 'ros'
[0.990s] Level 1:colcon.colcon_core.package_identification:_identify(src/uros/micro-ROS-Agent/snap) by extensions ['cmake', 'python']
[0.990s] Level 1:colcon.colcon_core.package_identification:_identify(src/uros/micro-ROS-Agent/snap) by extension 'cmake'
[0.990s] Level 1:colcon.colcon_core.package_identification:_identify(src/uros/micro-ROS-Agent/snap) by extension 'python'
[0.990s] Level 1:colcon.colcon_core.package_identification:_identify(src/uros/micro-ROS-Agent/snap) by extensions ['python_setup_py']
[0.990s] Level 1:colcon.colcon_core.package_identification:_identify(src/uros/micro-ROS-Agent/snap) by extension 'python_setup_py'
[0.990s] Level 1:colcon.colcon_core.package_identification:_identify(src/uros/micro-ROS-Agent/snap/hooks) by extensions ['ignore', 'ignore_ament_install']
[0.991s] Level 1:colcon.colcon_core.package_identification:_identify(src/uros/micro-ROS-Agent/snap/hooks) by extension 'ignore'
[0.991s] Level 1:colcon.colcon_core.package_identification:_identify(src/uros/micro-ROS-Agent/snap/hooks) by extension 'ignore_ament_install'
[0.991s] Level 1:colcon.colcon_core.package_identification:_identify(src/uros/micro-ROS-Agent/snap/hooks) by extensions ['colcon_pkg']
[0.991s] Level 1:colcon.colcon_core.package_identification:_identify(src/uros/micro-ROS-Agent/snap/hooks) by extension 'colcon_pkg'
[0.991s] Level 1:colcon.colcon_core.package_identification:_identify(src/uros/micro-ROS-Agent/snap/hooks) by extensions ['colcon_meta']
[0.991s] Level 1:colcon.colcon_core.package_identification:_identify(src/uros/micro-ROS-Agent/snap/hooks) by extension 'colcon_meta'
[0.991s] Level 1:colcon.colcon_core.package_identification:_identify(src/uros/micro-ROS-Agent/snap/hooks) by extensions ['ros']
[0.991s] Level 1:colcon.colcon_core.package_identification:_identify(src/uros/micro-ROS-Agent/snap/hooks) by extension 'ros'
[0.991s] Level 1:colcon.colcon_core.package_identification:_identify(src/uros/micro-ROS-Agent/snap/hooks) by extensions ['cmake', 'python']
[0.991s] Level 1:colcon.colcon_core.package_identification:_identify(src/uros/micro-ROS-Agent/snap/hooks) by extension 'cmake'
[0.991s] Level 1:colcon.colcon_core.package_identification:_identify(src/uros/micro-ROS-Agent/snap/hooks) by extension 'python'
[0.991s] Level 1:colcon.colcon_core.package_identification:_identify(src/uros/micro-ROS-Agent/snap/hooks) by extensions ['python_setup_py']
[0.991s] Level 1:colcon.colcon_core.package_identification:_identify(src/uros/micro-ROS-Agent/snap/hooks) by extension 'python_setup_py'
[0.992s] Level 1:colcon.colcon_core.package_identification:_identify(src/uros/micro-ROS-Agent/snap/local) by extensions ['ignore', 'ignore_ament_install']
[0.992s] Level 1:colcon.colcon_core.package_identification:_identify(src/uros/micro-ROS-Agent/snap/local) by extension 'ignore'
[0.992s] Level 1:colcon.colcon_core.package_identification:_identify(src/uros/micro-ROS-Agent/snap/local) by extension 'ignore_ament_install'
[0.992s] Level 1:colcon.colcon_core.package_identification:_identify(src/uros/micro-ROS-Agent/snap/local) by extensions ['colcon_pkg']
[0.992s] Level 1:colcon.colcon_core.package_identification:_identify(src/uros/micro-ROS-Agent/snap/local) by extension 'colcon_pkg'
[0.992s] Level 1:colcon.colcon_core.package_identification:_identify(src/uros/micro-ROS-Agent/snap/local) by extensions ['colcon_meta']
[0.992s] Level 1:colcon.colcon_core.package_identification:_identify(src/uros/micro-ROS-Agent/snap/local) by extension 'colcon_meta'
[0.992s] Level 1:colcon.colcon_core.package_identification:_identify(src/uros/micro-ROS-Agent/snap/local) by extensions ['ros']
[0.992s] Level 1:colcon.colcon_core.package_identification:_identify(src/uros/micro-ROS-Agent/snap/local) by extension 'ros'
[0.992s] Level 1:colcon.colcon_core.package_identification:_identify(src/uros/micro-ROS-Agent/snap/local) by extensions ['cmake', 'python']
[0.992s] Level 1:colcon.colcon_core.package_identification:_identify(src/uros/micro-ROS-Agent/snap/local) by extension 'cmake'
[0.992s] Level 1:colcon.colcon_core.package_identification:_identify(src/uros/micro-ROS-Agent/snap/local) by extension 'python'
[0.992s] Level 1:colcon.colcon_core.package_identification:_identify(src/uros/micro-ROS-Agent/snap/local) by extensions ['python_setup_py']
[0.992s] Level 1:colcon.colcon_core.package_identification:_identify(src/uros/micro-ROS-Agent/snap/local) by extension 'python_setup_py'
[0.993s] Level 1:colcon.colcon_core.package_identification:_identify(src/uros/micro_ros_msgs) by extensions ['ignore', 'ignore_ament_install']
[0.993s] Level 1:colcon.colcon_core.package_identification:_identify(src/uros/micro_ros_msgs) by extension 'ignore'
[0.993s] Level 1:colcon.colcon_core.package_identification:_identify(src/uros/micro_ros_msgs) by extension 'ignore_ament_install'
[0.993s] Level 1:colcon.colcon_core.package_identification:_identify(src/uros/micro_ros_msgs) by extensions ['colcon_pkg']
[0.993s] Level 1:colcon.colcon_core.package_identification:_identify(src/uros/micro_ros_msgs) by extension 'colcon_pkg'
[0.993s] Level 1:colcon.colcon_core.package_identification:_identify(src/uros/micro_ros_msgs) by extensions ['colcon_meta']
[0.993s] Level 1:colcon.colcon_core.package_identification:_identify(src/uros/micro_ros_msgs) by extension 'colcon_meta'
[0.993s] Level 1:colcon.colcon_core.package_identification:_identify(src/uros/micro_ros_msgs) by extensions ['ros']
[0.993s] Level 1:colcon.colcon_core.package_identification:_identify(src/uros/micro_ros_msgs) by extension 'ros'
[0.994s] DEBUG:colcon.colcon_core.package_identification:Package 'src/uros/micro_ros_msgs' with type 'ros.ament_cmake' and name 'micro_ros_msgs'
[0.994s] Level 1:colcon.colcon_core.package_discovery:discover_packages(recursive) using defaults
[0.994s] Level 1:colcon.colcon_core.package_discovery:discover_packages(ignore) discover
[0.994s] Level 1:colcon.colcon_core.package_discovery:discover_packages(ignore) using defaults
[0.994s] Level 1:colcon.colcon_core.package_discovery:discover_packages(path) discover
[0.994s] Level 1:colcon.colcon_core.package_discovery:discover_packages(path) using defaults
[1.039s] Level 1:colcon.colcon_core.package_discovery:discover_packages(prefix_path) check parameters
[1.040s] Level 1:colcon.colcon_core.package_discovery:discover_packages(prefix_path) discover
[1.046s] DEBUG:colcon.colcon_installed_package_information.package_discovery:Found 293 installed packages in /opt/ros/humble
[1.047s] Level 1:colcon.colcon_core.package_discovery:discover_packages(prefix_path) using defaults
[1.104s] Level 5:colcon.colcon_core.verb:set package 'micro_ros_msgs' build argument 'cmake_args' from command line to 'None'
[1.104s] Level 5:colcon.colcon_core.verb:set package 'micro_ros_msgs' build argument 'cmake_target' from command line to 'None'
[1.104s] Level 5:colcon.colcon_core.verb:set package 'micro_ros_msgs' build argument 'cmake_target_skip_unavailable' from command line to 'False'
[1.104s] Level 5:colcon.colcon_core.verb:set package 'micro_ros_msgs' build argument 'cmake_clean_cache' from command line to 'False'
[1.104s] Level 5:colcon.colcon_core.verb:set package 'micro_ros_msgs' build argument 'cmake_clean_first' from command line to 'False'
[1.104s] Level 5:colcon.colcon_core.verb:set package 'micro_ros_msgs' build argument 'cmake_force_configure' from command line to 'False'
[1.104s] Level 5:colcon.colcon_core.verb:set package 'micro_ros_msgs' build argument 'ament_cmake_args' from command line to 'None'
[1.104s] Level 5:colcon.colcon_core.verb:set package 'micro_ros_msgs' build argument 'catkin_cmake_args' from command line to 'None'
[1.104s] Level 5:colcon.colcon_core.verb:set package 'micro_ros_msgs' build argument 'catkin_skip_building_tests' from command line to 'False'
[1.104s] DEBUG:colcon.colcon_core.verb:Building package 'micro_ros_msgs' with the following arguments: {'ament_cmake_args': None, 'build_base': '/home/robotique/microros_ws/build/micro_ros_msgs', 'catkin_cmake_args': None, 'catkin_skip_building_tests': False, 'cmake_args': None, 'cmake_clean_cache': False, 'cmake_clean_first': False, 'cmake_force_configure': False, 'cmake_target': None, 'cmake_target_skip_unavailable': False, 'install_base': '/home/robotique/microros_ws/install/micro_ros_msgs', 'merge_install': False, 'path': '/home/robotique/microros_ws/src/uros/micro_ros_msgs', 'symlink_install': False, 'test_result_base': None}
[1.105s] Level 5:colcon.colcon_core.verb:set package 'micro_ros_setup' build argument 'cmake_args' from command line to 'None'
[1.105s] Level 5:colcon.colcon_core.verb:set package 'micro_ros_setup' build argument 'cmake_target' from command line to 'None'
[1.105s] Level 5:colcon.colcon_core.verb:set package 'micro_ros_setup' build argument 'cmake_target_skip_unavailable' from command line to 'False'
[1.105s] Level 5:colcon.colcon_core.verb:set package 'micro_ros_setup' build argument 'cmake_clean_cache' from command line to 'False'
[1.105s] Level 5:colcon.colcon_core.verb:set package 'micro_ros_setup' build argument 'cmake_clean_first' from command line to 'False'
[1.105s] Level 5:colcon.colcon_core.verb:set package 'micro_ros_setup' build argument 'cmake_force_configure' from command line to 'False'
[1.105s] Level 5:colcon.colcon_core.verb:set package 'micro_ros_setup' build argument 'ament_cmake_args' from command line to 'None'
[1.105s] Level 5:colcon.colcon_core.verb:set package 'micro_ros_setup' build argument 'catkin_cmake_args' from command line to 'None'
[1.105s] Level 5:colcon.colcon_core.verb:set package 'micro_ros_setup' build argument 'catkin_skip_building_tests' from command line to 'False'
[1.105s] DEBUG:colcon.colcon_core.verb:Building package 'micro_ros_setup' with the following arguments: {'ament_cmake_args': None, 'build_base': '/home/robotique/microros_ws/build/micro_ros_setup', 'catkin_cmake_args': None, 'catkin_skip_building_tests': False, 'cmake_args': None, 'cmake_clean_cache': False, 'cmake_clean_first': False, 'cmake_force_configure': False, 'cmake_target': None, 'cmake_target_skip_unavailable': False, 'install_base': '/home/robotique/microros_ws/install/micro_ros_setup', 'merge_install': False, 'path': '/home/robotique/microros_ws/src/micro_ros_setup', 'symlink_install': False, 'test_result_base': None}
[1.106s] Level 5:colcon.colcon_core.verb:set package 'roverc' build argument 'cmake_args' from command line to 'None'
[1.106s] Level 5:colcon.colcon_core.verb:set package 'roverc' build argument 'cmake_target' from command line to 'None'
[1.106s] Level 5:colcon.colcon_core.verb:set package 'roverc' build argument 'cmake_target_skip_unavailable' from command line to 'False'
[1.106s] Level 5:colcon.colcon_core.verb:set package 'roverc' build argument 'cmake_clean_cache' from command line to 'False'
[1.106s] Level 5:colcon.colcon_core.verb:set package 'roverc' build argument 'cmake_clean_first' from command line to 'False'
[1.106s] Level 5:colcon.colcon_core.verb:set package 'roverc' build argument 'cmake_force_configure' from command line to 'False'
[1.106s] Level 5:colcon.colcon_core.verb:set package 'roverc' build argument 'ament_cmake_args' from command line to 'None'
[1.106s] Level 5:colcon.colcon_core.verb:set package 'roverc' build argument 'catkin_cmake_args' from command line to 'None'
[1.106s] Level 5:colcon.colcon_core.verb:set package 'roverc' build argument 'catkin_skip_building_tests' from command line to 'False'
[1.106s] DEBUG:colcon.colcon_core.verb:Building package 'roverc' with the following arguments: {'ament_cmake_args': None, 'build_base': '/home/robotique/microros_ws/build/roverc', 'catkin_cmake_args': None, 'catkin_skip_building_tests': False, 'cmake_args': None, 'cmake_clean_cache': False, 'cmake_clean_first': False, 'cmake_force_configure': False, 'cmake_target': None, 'cmake_target_skip_unavailable': False, 'install_base': '/home/robotique/microros_ws/install/roverc', 'merge_install': False, 'path': '/home/robotique/microros_ws/src/roverc', 'symlink_install': False, 'test_result_base': None}
[1.107s] Level 5:colcon.colcon_core.verb:set package 'micro_ros_agent' build argument 'cmake_args' from command line to 'None'
[1.107s] Level 5:colcon.colcon_core.verb:set package 'micro_ros_agent' build argument 'cmake_target' from command line to 'None'
[1.107s] Level 5:colcon.colcon_core.verb:set package 'micro_ros_agent' build argument 'cmake_target_skip_unavailable' from command line to 'False'
[1.107s] Level 5:colcon.colcon_core.verb:set package 'micro_ros_agent' build argument 'cmake_clean_cache' from command line to 'False'
[1.107s] Level 5:colcon.colcon_core.verb:set package 'micro_ros_agent' build argument 'cmake_clean_first' from command line to 'False'
[1.107s] Level 5:colcon.colcon_core.verb:set package 'micro_ros_agent' build argument 'cmake_force_configure' from command line to 'False'
[1.107s] Level 5:colcon.colcon_core.verb:set package 'micro_ros_agent' build argument 'ament_cmake_args' from command line to 'None'
[1.107s] Level 5:colcon.colcon_core.verb:set package 'micro_ros_agent' build argument 'catkin_cmake_args' from command line to 'None'
[1.107s] Level 5:colcon.colcon_core.verb:set package 'micro_ros_agent' build argument 'catkin_skip_building_tests' from command line to 'False'
[1.107s] DEBUG:colcon.colcon_core.verb:Building package 'micro_ros_agent' with the following arguments: {'ament_cmake_args': None, 'build_base': '/home/robotique/microros_ws/build/micro_ros_agent', 'catkin_cmake_args': None, 'catkin_skip_building_tests': False, 'cmake_args': None, 'cmake_clean_cache': False, 'cmake_clean_first': False, 'cmake_force_configure': False, 'cmake_target': None, 'cmake_target_skip_unavailable': False, 'install_base': '/home/robotique/microros_ws/install/micro_ros_agent', 'merge_install': False, 'path': '/home/robotique/microros_ws/src/uros/micro-ROS-Agent/micro_ros_agent', 'symlink_install': False, 'test_result_base': None}
[1.108s] Level 5:colcon.colcon_core.verb:set package 'robot' build argument 'cmake_args' from command line to 'None'
[1.108s] Level 5:colcon.colcon_core.verb:set package 'robot' build argument 'cmake_target' from command line to 'None'
[1.108s] Level 5:colcon.colcon_core.verb:set package 'robot' build argument 'cmake_target_skip_unavailable' from command line to 'False'
[1.108s] Level 5:colcon.colcon_core.verb:set package 'robot' build argument 'cmake_clean_cache' from command line to 'False'
[1.108s] Level 5:colcon.colcon_core.verb:set package 'robot' build argument 'cmake_clean_first' from command line to 'False'
[1.108s] Level 5:colcon.colcon_core.verb:set package 'robot' build argument 'cmake_force_configure' from command line to 'False'
[1.108s] Level 5:colcon.colcon_core.verb:set package 'robot' build argument 'ament_cmake_args' from command line to 'None'
[1.108s] Level 5:colcon.colcon_core.verb:set package 'robot' build argument 'catkin_cmake_args' from command line to 'None'
[1.108s] Level 5:colcon.colcon_core.verb:set package 'robot' build argument 'catkin_skip_building_tests' from command line to 'False'
[1.108s] DEBUG:colcon.colcon_core.verb:Building package 'robot' with the following arguments: {'ament_cmake_args': None, 'build_base': '/home/robotique/microros_ws/build/robot', 'catkin_cmake_args': None, 'catkin_skip_building_tests': False, 'cmake_args': None, 'cmake_clean_cache': False, 'cmake_clean_first': False, 'cmake_force_configure': False, 'cmake_target': None, 'cmake_target_skip_unavailable': False, 'install_base': '/home/robotique/microros_ws/install/robot', 'merge_install': False, 'path': '/home/robotique/microros_ws/src/robot', 'symlink_install': False, 'test_result_base': None}
[1.109s] INFO:colcon.colcon_core.executor:Executing jobs using 'parallel' executor
[1.112s] DEBUG:colcon.colcon_parallel_executor.executor.parallel:run_until_complete
[1.112s] INFO:colcon.colcon_ros.task.ament_cmake.build:Building ROS package in '/home/robotique/microros_ws/src/uros/micro_ros_msgs' with build type 'ament_cmake'
[1.112s] INFO:colcon.colcon_cmake.task.cmake.build:Building CMake package in '/home/robotique/microros_ws/src/uros/micro_ros_msgs'
[1.127s] INFO:colcon.colcon_core.plugin_system:Skipping extension 'colcon_core.shell.bat': Not used on non-Windows systems
[1.127s] INFO:colcon.colcon_core.shell:Skip shell extension 'powershell' for command environment: Not usable outside of PowerShell
[1.127s] DEBUG:colcon.colcon_core.shell:Skip shell extension 'dsv' for command environment
[1.131s] INFO:colcon.colcon_ros.task.ament_cmake.build:Building ROS package in '/home/robotique/microros_ws/src/roverc' with build type 'ament_cmake'
[1.131s] INFO:colcon.colcon_cmake.task.cmake.build:Building CMake package in '/home/robotique/microros_ws/src/roverc'
[1.132s] INFO:colcon.colcon_core.shell:Skip shell extension 'powershell' for command environment: Not usable outside of PowerShell
[1.132s] DEBUG:colcon.colcon_core.shell:Skip shell extension 'dsv' for command environment
[1.146s] INFO:colcon.colcon_ros.task.ament_cmake.build:Building ROS package in '/home/robotique/microros_ws/src/micro_ros_setup' with build type 'ament_cmake'
[1.146s] INFO:colcon.colcon_cmake.task.cmake.build:Building CMake package in '/home/robotique/microros_ws/src/micro_ros_setup'
[1.148s] INFO:colcon.colcon_core.shell:Skip shell extension 'powershell' for command environment: Not usable outside of PowerShell
[1.148s] DEBUG:colcon.colcon_core.shell:Skip shell extension 'dsv' for command environment
[1.154s] DEBUG:colcon.colcon_core.event_handler.log_command:Invoking command in '/home/robotique/microros_ws/build/micro_ros_msgs': CMAKE_PREFIX_PATH=/opt/ros/humble /usr/bin/cmake /home/robotique/microros_ws/src/uros/micro_ros_msgs -DCMAKE_INSTALL_PREFIX=/home/robotique/microros_ws/install/micro_ros_msgs
[1.190s] DEBUG:colcon.colcon_core.event_handler.log_command:Invoking command in '/home/robotique/microros_ws/build/roverc': CMAKE_PREFIX_PATH=/opt/ros/humble /usr/bin/cmake /home/robotique/microros_ws/src/roverc -DCMAKE_INSTALL_PREFIX=/home/robotique/microros_ws/install/roverc
[1.200s] DEBUG:colcon.colcon_core.event_handler.log_command:Invoking command in '/home/robotique/microros_ws/build/micro_ros_setup': CMAKE_PREFIX_PATH=/opt/ros/humble /usr/bin/cmake /home/robotique/microros_ws/src/micro_ros_setup -DCMAKE_INSTALL_PREFIX=/home/robotique/microros_ws/install/micro_ros_setup
[2.357s] DEBUG:colcon.colcon_core.event_handler.log_command:Invoked command in '/home/robotique/microros_ws/build/micro_ros_setup' returned '0': CMAKE_PREFIX_PATH=/opt/ros/humble /usr/bin/cmake /home/robotique/microros_ws/src/micro_ros_setup -DCMAKE_INSTALL_PREFIX=/home/robotique/microros_ws/install/micro_ros_setup
[2.357s] DEBUG:colcon.colcon_core.event_handler.log_command:Invoking command in '/home/robotique/microros_ws/build/micro_ros_setup': CMAKE_PREFIX_PATH=/opt/ros/humble /usr/bin/cmake --build /home/robotique/microros_ws/build/micro_ros_setup -- -j4 -l4
[2.391s] DEBUG:colcon.colcon_core.event_handler.log_command:Invoked command in '/home/robotique/microros_ws/build/micro_ros_setup' returned '0': CMAKE_PREFIX_PATH=/opt/ros/humble /usr/bin/cmake --build /home/robotique/microros_ws/build/micro_ros_setup -- -j4 -l4
[2.431s] DEBUG:colcon.colcon_core.event_handler.log_command:Invoking command in '/home/robotique/microros_ws/build/micro_ros_setup': CMAKE_PREFIX_PATH=/opt/ros/humble /usr/bin/cmake --install /home/robotique/microros_ws/build/micro_ros_setup
[2.538s] Level 1:colcon.colcon_core.environment:create_environment_scripts_only(micro_ros_setup)
[2.538s] DEBUG:colcon.colcon_core.event_handler.log_command:Invoked command in '/home/robotique/microros_ws/build/micro_ros_setup' returned '0': CMAKE_PREFIX_PATH=/opt/ros/humble /usr/bin/cmake --install /home/robotique/microros_ws/build/micro_ros_setup
[2.557s] Level 1:colcon.colcon_core.environment:checking '/home/robotique/microros_ws/install/micro_ros_setup' for CMake module files
[2.557s] Level 1:colcon.colcon_core.environment:checking '/home/robotique/microros_ws/install/micro_ros_setup' for CMake config files
[2.558s] Level 1:colcon.colcon_core.shell:create_environment_hook('micro_ros_setup', 'cmake_prefix_path')
[2.559s] INFO:colcon.colcon_core.shell:Creating environment hook '/home/robotique/microros_ws/install/micro_ros_setup/share/micro_ros_setup/hook/cmake_prefix_path.ps1'
[2.560s] INFO:colcon.colcon_core.shell:Creating environment descriptor '/home/robotique/microros_ws/install/micro_ros_setup/share/micro_ros_setup/hook/cmake_prefix_path.dsv'
[2.561s] INFO:colcon.colcon_core.shell:Creating environment hook '/home/robotique/microros_ws/install/micro_ros_setup/share/micro_ros_setup/hook/cmake_prefix_path.sh'
[2.562s] Level 1:colcon.colcon_core.environment:checking '/home/robotique/microros_ws/install/micro_ros_setup/lib'
[2.563s] Level 1:colcon.colcon_core.environment:checking '/home/robotique/microros_ws/install/micro_ros_setup/bin'
[2.563s] Level 1:colcon.colcon_core.environment:checking '/home/robotique/microros_ws/install/micro_ros_setup/lib/pkgconfig/micro_ros_setup.pc'
[2.563s] Level 1:colcon.colcon_core.environment:checking '/home/robotique/microros_ws/install/micro_ros_setup/lib/python3.10/site-packages'
[2.563s] Level 1:colcon.colcon_core.environment:checking '/home/robotique/microros_ws/install/micro_ros_setup/bin'
[2.564s] INFO:colcon.colcon_core.shell:Creating package script '/home/robotique/microros_ws/install/micro_ros_setup/share/micro_ros_setup/package.ps1'
[2.566s] INFO:colcon.colcon_core.shell:Creating package descriptor '/home/robotique/microros_ws/install/micro_ros_setup/share/micro_ros_setup/package.dsv'
[2.567s] INFO:colcon.colcon_core.shell:Creating package script '/home/robotique/microros_ws/install/micro_ros_setup/share/micro_ros_setup/package.sh'
[2.568s] INFO:colcon.colcon_core.shell:Creating package script '/home/robotique/microros_ws/install/micro_ros_setup/share/micro_ros_setup/package.bash'
[2.569s] INFO:colcon.colcon_core.shell:Creating package script '/home/robotique/microros_ws/install/micro_ros_setup/share/micro_ros_setup/package.zsh'
[2.571s] Level 1:colcon.colcon_core.environment:create_file_with_runtime_dependencies(/home/robotique/microros_ws/install/micro_ros_setup/share/colcon-core/packages/micro_ros_setup)
[2.612s] Level 1:colcon.colcon_core.environment:create_environment_scripts_only(micro_ros_setup)
[2.614s] Level 1:colcon.colcon_core.environment:checking '/home/robotique/microros_ws/install/micro_ros_setup' for CMake module files
[2.614s] Level 1:colcon.colcon_core.environment:checking '/home/robotique/microros_ws/install/micro_ros_setup' for CMake config files
[2.614s] Level 1:colcon.colcon_core.shell:create_environment_hook('micro_ros_setup', 'cmake_prefix_path')
[2.615s] INFO:colcon.colcon_core.shell:Creating environment hook '/home/robotique/microros_ws/install/micro_ros_setup/share/micro_ros_setup/hook/cmake_prefix_path.ps1'
[2.616s] INFO:colcon.colcon_core.shell:Creating environment descriptor '/home/robotique/microros_ws/install/micro_ros_setup/share/micro_ros_setup/hook/cmake_prefix_path.dsv'
[2.617s] INFO:colcon.colcon_core.shell:Creating environment hook '/home/robotique/microros_ws/install/micro_ros_setup/share/micro_ros_setup/hook/cmake_prefix_path.sh'
[2.617s] Level 1:colcon.colcon_core.environment:checking '/home/robotique/microros_ws/install/micro_ros_setup/lib'
[2.617s] Level 1:colcon.colcon_core.environment:checking '/home/robotique/microros_ws/install/micro_ros_setup/bin'
[2.617s] Level 1:colcon.colcon_core.environment:checking '/home/robotique/microros_ws/install/micro_ros_setup/lib/pkgconfig/micro_ros_setup.pc'
[2.618s] Level 1:colcon.colcon_core.environment:checking '/home/robotique/microros_ws/install/micro_ros_setup/lib/python3.10/site-packages'
[2.618s] Level 1:colcon.colcon_core.environment:checking '/home/robotique/microros_ws/install/micro_ros_setup/bin'
[2.619s] INFO:colcon.colcon_core.shell:Creating package script '/home/robotique/microros_ws/install/micro_ros_setup/share/micro_ros_setup/package.ps1'
[2.620s] INFO:colcon.colcon_core.shell:Creating package descriptor '/home/robotique/microros_ws/install/micro_ros_setup/share/micro_ros_setup/package.dsv'
[2.620s] INFO:colcon.colcon_core.shell:Creating package script '/home/robotique/microros_ws/install/micro_ros_setup/share/micro_ros_setup/package.sh'
[2.621s] INFO:colcon.colcon_core.shell:Creating package script '/home/robotique/microros_ws/install/micro_ros_setup/share/micro_ros_setup/package.bash'
[2.621s] INFO:colcon.colcon_core.shell:Creating package script '/home/robotique/microros_ws/install/micro_ros_setup/share/micro_ros_setup/package.zsh'
[2.622s] Level 1:colcon.colcon_core.environment:create_file_with_runtime_dependencies(/home/robotique/microros_ws/install/micro_ros_setup/share/colcon-core/packages/micro_ros_setup)
[3.253s] DEBUG:colcon.colcon_core.event_handler.log_command:Invoked command in '/home/robotique/microros_ws/build/roverc' returned '0': CMAKE_PREFIX_PATH=/opt/ros/humble /usr/bin/cmake /home/robotique/microros_ws/src/roverc -DCMAKE_INSTALL_PREFIX=/home/robotique/microros_ws/install/roverc
[3.253s] DEBUG:colcon.colcon_core.event_handler.log_command:Invoking command in '/home/robotique/microros_ws/build/roverc': CMAKE_PREFIX_PATH=/opt/ros/humble /usr/bin/cmake --build /home/robotique/microros_ws/build/roverc -- -j4 -l4
[3.255s] DEBUG:colcon.colcon_core.event_handler.log_command:Invoked command in '/home/robotique/microros_ws/build/micro_ros_msgs' returned '0': CMAKE_PREFIX_PATH=/opt/ros/humble /usr/bin/cmake /home/robotique/microros_ws/src/uros/micro_ros_msgs -DCMAKE_INSTALL_PREFIX=/home/robotique/microros_ws/install/micro_ros_msgs
[3.255s] DEBUG:colcon.colcon_core.event_handler.log_command:Invoking command in '/home/robotique/microros_ws/build/micro_ros_msgs': CMAKE_PREFIX_PATH=/opt/ros/humble /usr/bin/cmake --build /home/robotique/microros_ws/build/micro_ros_msgs -- -j4 -l4
[8.151s] DEBUG:colcon.colcon_core.event_handler.log_command:Invoked command in '/home/robotique/microros_ws/build/roverc' returned '0': CMAKE_PREFIX_PATH=/opt/ros/humble /usr/bin/cmake --build /home/robotique/microros_ws/build/roverc -- -j4 -l4
[8.301s] DEBUG:colcon.colcon_core.event_handler.log_command:Invoking command in '/home/robotique/microros_ws/build/roverc': CMAKE_PREFIX_PATH=/opt/ros/humble /usr/bin/cmake --install /home/robotique/microros_ws/build/roverc
[8.389s] DEBUG:colcon.colcon_core.event_handler.log_command:Invoked command in '/home/robotique/microros_ws/build/micro_ros_msgs' returned '0': CMAKE_PREFIX_PATH=/opt/ros/humble /usr/bin/cmake --build /home/robotique/microros_ws/build/micro_ros_msgs -- -j4 -l4
[8.405s] Level 1:colcon.colcon_core.environment:create_environment_scripts_only(roverc)
[8.407s] Level 1:colcon.colcon_core.environment:checking '/home/robotique/microros_ws/install/roverc' for CMake module files
[8.408s] DEBUG:colcon.colcon_core.event_handler.log_command:Invoked command in '/home/robotique/microros_ws/build/roverc' returned '0': CMAKE_PREFIX_PATH=/opt/ros/humble /usr/bin/cmake --install /home/robotique/microros_ws/build/roverc
[8.408s] Level 1:colcon.colcon_core.environment:checking '/home/robotique/microros_ws/install/roverc' for CMake config files
[8.408s] Level 1:colcon.colcon_core.shell:create_environment_hook('roverc', 'cmake_prefix_path')
[8.410s] INFO:colcon.colcon_core.shell:Creating environment hook '/home/robotique/microros_ws/install/roverc/share/roverc/hook/cmake_prefix_path.ps1'
[8.410s] INFO:colcon.colcon_core.shell:Creating environment descriptor '/home/robotique/microros_ws/install/roverc/share/roverc/hook/cmake_prefix_path.dsv'
[8.410s] INFO:colcon.colcon_core.shell:Creating environment hook '/home/robotique/microros_ws/install/roverc/share/roverc/hook/cmake_prefix_path.sh'
[8.411s] Level 1:colcon.colcon_core.environment:checking '/home/robotique/microros_ws/install/roverc/lib'
[8.411s] Level 1:colcon.colcon_core.shell:create_environment_hook('roverc', 'ld_library_path_lib')
[8.412s] INFO:colcon.colcon_core.shell:Creating environment hook '/home/robotique/microros_ws/install/roverc/share/roverc/hook/ld_library_path_lib.ps1'
[8.412s] INFO:colcon.colcon_core.shell:Creating environment descriptor '/home/robotique/microros_ws/install/roverc/share/roverc/hook/ld_library_path_lib.dsv'
[8.412s] INFO:colcon.colcon_core.shell:Creating environment hook '/home/robotique/microros_ws/install/roverc/share/roverc/hook/ld_library_path_lib.sh'
[8.413s] Level 1:colcon.colcon_core.environment:checking '/home/robotique/microros_ws/install/roverc/bin'
[8.413s] Level 1:colcon.colcon_core.environment:checking '/home/robotique/microros_ws/install/roverc/lib/pkgconfig/roverc.pc'
[8.413s] Level 1:colcon.colcon_core.environment:checking '/home/robotique/microros_ws/install/roverc/lib/python3.10/site-packages'
[8.413s] Level 1:colcon.colcon_core.environment:checking '/home/robotique/microros_ws/install/roverc/bin'
[8.414s] INFO:colcon.colcon_core.shell:Creating package script '/home/robotique/microros_ws/install/roverc/share/roverc/package.ps1'
[8.415s] INFO:colcon.colcon_core.shell:Creating package descriptor '/home/robotique/microros_ws/install/roverc/share/roverc/package.dsv'
[8.415s] INFO:colcon.colcon_core.shell:Creating package script '/home/robotique/microros_ws/install/roverc/share/roverc/package.sh'
[8.416s] INFO:colcon.colcon_core.shell:Creating package script '/home/robotique/microros_ws/install/roverc/share/roverc/package.bash'
[8.416s] INFO:colcon.colcon_core.shell:Creating package script '/home/robotique/microros_ws/install/roverc/share/roverc/package.zsh'
[8.416s] Level 1:colcon.colcon_core.environment:create_file_with_runtime_dependencies(/home/robotique/microros_ws/install/roverc/share/colcon-core/packages/roverc)
[8.562s] Level 1:colcon.colcon_core.environment:create_environment_scripts_only(roverc)
[8.564s] Level 1:colcon.colcon_core.environment:checking '/home/robotique/microros_ws/install/roverc' for CMake module files
[8.564s] Level 1:colcon.colcon_core.environment:checking '/home/robotique/microros_ws/install/roverc' for CMake config files
[8.565s] Level 1:colcon.colcon_core.shell:create_environment_hook('roverc', 'cmake_prefix_path')
[8.566s] INFO:colcon.colcon_core.shell:Creating environment hook '/home/robotique/microros_ws/install/roverc/share/roverc/hook/cmake_prefix_path.ps1'
[8.566s] INFO:colcon.colcon_core.shell:Creating environment descriptor '/home/robotique/microros_ws/install/roverc/share/roverc/hook/cmake_prefix_path.dsv'
[8.567s] INFO:colcon.colcon_core.shell:Creating environment hook '/home/robotique/microros_ws/install/roverc/share/roverc/hook/cmake_prefix_path.sh'
[8.567s] Level 1:colcon.colcon_core.environment:checking '/home/robotique/microros_ws/install/roverc/lib'
[8.568s] Level 1:colcon.colcon_core.shell:create_environment_hook('roverc', 'ld_library_path_lib')
[8.569s] INFO:colcon.colcon_core.shell:Creating environment hook '/home/robotique/microros_ws/install/roverc/share/roverc/hook/ld_library_path_lib.ps1'
[8.569s] INFO:colcon.colcon_core.shell:Creating environment descriptor '/home/robotique/microros_ws/install/roverc/share/roverc/hook/ld_library_path_lib.dsv'
[8.569s] INFO:colcon.colcon_core.shell:Creating environment hook '/home/robotique/microros_ws/install/roverc/share/roverc/hook/ld_library_path_lib.sh'
[8.570s] Level 1:colcon.colcon_core.environment:checking '/home/robotique/microros_ws/install/roverc/bin'
[8.570s] Level 1:colcon.colcon_core.environment:checking '/home/robotique/microros_ws/install/roverc/lib/pkgconfig/roverc.pc'
[8.570s] Level 1:colcon.colcon_core.environment:checking '/home/robotique/microros_ws/install/roverc/lib/python3.10/site-packages'
[8.571s] Level 1:colcon.colcon_core.environment:checking '/home/robotique/microros_ws/install/roverc/bin'
[8.572s] INFO:colcon.colcon_core.shell:Creating package script '/home/robotique/microros_ws/install/roverc/share/roverc/package.ps1'
[8.572s] INFO:colcon.colcon_core.shell:Creating package descriptor '/home/robotique/microros_ws/install/roverc/share/roverc/package.dsv'
[8.573s] INFO:colcon.colcon_core.shell:Creating package script '/home/robotique/microros_ws/install/roverc/share/roverc/package.sh'
[8.574s] INFO:colcon.colcon_core.shell:Creating package script '/home/robotique/microros_ws/install/roverc/share/roverc/package.bash'
[8.578s] INFO:colcon.colcon_core.shell:Creating package script '/home/robotique/microros_ws/install/roverc/share/roverc/package.zsh'
[8.579s] Level 1:colcon.colcon_core.environment:create_file_with_runtime_dependencies(/home/robotique/microros_ws/install/roverc/share/colcon-core/packages/roverc)
[8.580s] INFO:colcon.colcon_ros.task.ament_cmake.build:Building ROS package in '/home/robotique/microros_ws/src/robot' with build type 'ament_cmake'
[8.580s] INFO:colcon.colcon_cmake.task.cmake.build:Building CMake package in '/home/robotique/microros_ws/src/robot'
[8.581s] INFO:colcon.colcon_core.shell:Skip shell extension 'powershell' for command environment: Not usable outside of PowerShell
[8.581s] DEBUG:colcon.colcon_core.shell:Skip shell extension 'dsv' for command environment
[8.588s] DEBUG:colcon.colcon_core.event_handler.log_command:Invoking command in '/home/robotique/microros_ws/build/micro_ros_msgs': CMAKE_PREFIX_PATH=/opt/ros/humble /usr/bin/cmake --install /home/robotique/microros_ws/build/micro_ros_msgs
[8.594s] DEBUG:colcon.colcon_core.event_handler.log_command:Invoking command in '/home/robotique/microros_ws/build/robot': AMENT_PREFIX_PATH=/home/robotique/microros_ws/install/roverc:${AMENT_PREFIX_PATH} CMAKE_PREFIX_PATH=/home/robotique/microros_ws/install/roverc:/opt/ros/humble LD_LIBRARY_PATH=/home/robotique/microros_ws/install/roverc/lib:${LD_LIBRARY_PATH} PYTHONPATH=/home/robotique/microros_ws/install/roverc/local/lib/python3.10/dist-packages:${PYTHONPATH} /usr/bin/cmake /home/robotique/microros_ws/src/robot -DCMAKE_INSTALL_PREFIX=/home/robotique/microros_ws/install/robot
[8.664s] Level 1:colcon.colcon_core.environment:create_environment_scripts_only(micro_ros_msgs)
[8.665s] Level 1:colcon.colcon_core.environment:checking '/home/robotique/microros_ws/install/micro_ros_msgs' for CMake module files
[8.666s] Level 1:colcon.colcon_core.environment:checking '/home/robotique/microros_ws/install/micro_ros_msgs' for CMake config files
[8.666s] Level 1:colcon.colcon_core.shell:create_environment_hook('micro_ros_msgs', 'cmake_prefix_path')
[8.668s] INFO:colcon.colcon_core.shell:Creating environment hook '/home/robotique/microros_ws/install/micro_ros_msgs/share/micro_ros_msgs/hook/cmake_prefix_path.ps1'
[8.668s] INFO:colcon.colcon_core.shell:Creating environment descriptor '/home/robotique/microros_ws/install/micro_ros_msgs/share/micro_ros_msgs/hook/cmake_prefix_path.dsv'
[8.668s] INFO:colcon.colcon_core.shell:Creating environment hook '/home/robotique/microros_ws/install/micro_ros_msgs/share/micro_ros_msgs/hook/cmake_prefix_path.sh'
[8.669s] Level 1:colcon.colcon_core.environment:checking '/home/robotique/microros_ws/install/micro_ros_msgs/lib'
[8.669s] Level 1:colcon.colcon_core.shell:create_environment_hook('micro_ros_msgs', 'ld_library_path_lib')
[8.670s] INFO:colcon.colcon_core.shell:Creating environment hook '/home/robotique/microros_ws/install/micro_ros_msgs/share/micro_ros_msgs/hook/ld_library_path_lib.ps1'
[8.670s] INFO:colcon.colcon_core.shell:Creating environment descriptor '/home/robotique/microros_ws/install/micro_ros_msgs/share/micro_ros_msgs/hook/ld_library_path_lib.dsv'
[8.671s] INFO:colcon.colcon_core.shell:Creating environment hook '/home/robotique/microros_ws/install/micro_ros_msgs/share/micro_ros_msgs/hook/ld_library_path_lib.sh'
[8.671s] Level 1:colcon.colcon_core.environment:checking '/home/robotique/microros_ws/install/micro_ros_msgs/bin'
[8.671s] Level 1:colcon.colcon_core.environment:checking '/home/robotique/microros_ws/install/micro_ros_msgs/lib/pkgconfig/micro_ros_msgs.pc'
[8.671s] Level 1:colcon.colcon_core.environment:checking '/home/robotique/microros_ws/install/micro_ros_msgs/lib/python3.10/site-packages'
[8.672s] Level 1:colcon.colcon_core.environment:checking '/home/robotique/microros_ws/install/micro_ros_msgs/bin'
[8.673s] INFO:colcon.colcon_core.shell:Creating package script '/home/robotique/microros_ws/install/micro_ros_msgs/share/micro_ros_msgs/package.ps1'
[8.673s] INFO:colcon.colcon_core.shell:Creating package descriptor '/home/robotique/microros_ws/install/micro_ros_msgs/share/micro_ros_msgs/package.dsv'
[8.674s] INFO:colcon.colcon_core.shell:Creating package script '/home/robotique/microros_ws/install/micro_ros_msgs/share/micro_ros_msgs/package.sh'
[8.677s] DEBUG:colcon.colcon_core.event_handler.log_command:Invoked command in '/home/robotique/microros_ws/build/micro_ros_msgs' returned '0': CMAKE_PREFIX_PATH=/opt/ros/humble /usr/bin/cmake --install /home/robotique/microros_ws/build/micro_ros_msgs
[8.677s] INFO:colcon.colcon_core.shell:Creating package script '/home/robotique/microros_ws/install/micro_ros_msgs/share/micro_ros_msgs/package.bash'
[8.677s] INFO:colcon.colcon_core.shell:Creating package script '/home/robotique/microros_ws/install/micro_ros_msgs/share/micro_ros_msgs/package.zsh'
[8.677s] Level 1:colcon.colcon_core.environment:create_file_with_runtime_dependencies(/home/robotique/microros_ws/install/micro_ros_msgs/share/colcon-core/packages/micro_ros_msgs)
[8.880s] Level 1:colcon.colcon_core.environment:create_environment_scripts_only(micro_ros_msgs)
[8.882s] Level 1:colcon.colcon_core.environment:checking '/home/robotique/microros_ws/install/micro_ros_msgs' for CMake module files
[8.882s] Level 1:colcon.colcon_core.environment:checking '/home/robotique/microros_ws/install/micro_ros_msgs' for CMake config files
[8.882s] Level 1:colcon.colcon_core.shell:create_environment_hook('micro_ros_msgs', 'cmake_prefix_path')
[8.883s] INFO:colcon.colcon_core.shell:Creating environment hook '/home/robotique/microros_ws/install/micro_ros_msgs/share/micro_ros_msgs/hook/cmake_prefix_path.ps1'
[8.884s] INFO:colcon.colcon_core.shell:Creating environment descriptor '/home/robotique/microros_ws/install/micro_ros_msgs/share/micro_ros_msgs/hook/cmake_prefix_path.dsv'
[8.885s] INFO:colcon.colcon_core.shell:Creating environment hook '/home/robotique/microros_ws/install/micro_ros_msgs/share/micro_ros_msgs/hook/cmake_prefix_path.sh'
[8.885s] Level 1:colcon.colcon_core.environment:checking '/home/robotique/microros_ws/install/micro_ros_msgs/lib'
[8.885s] Level 1:colcon.colcon_core.shell:create_environment_hook('micro_ros_msgs', 'ld_library_path_lib')
[8.887s] INFO:colcon.colcon_core.shell:Creating environment hook '/home/robotique/microros_ws/install/micro_ros_msgs/share/micro_ros_msgs/hook/ld_library_path_lib.ps1'
[8.887s] INFO:colcon.colcon_core.shell:Creating environment descriptor '/home/robotique/microros_ws/install/micro_ros_msgs/share/micro_ros_msgs/hook/ld_library_path_lib.dsv'
[8.888s] INFO:colcon.colcon_core.shell:Creating environment hook '/home/robotique/microros_ws/install/micro_ros_msgs/share/micro_ros_msgs/hook/ld_library_path_lib.sh'
[8.888s] Level 1:colcon.colcon_core.environment:checking '/home/robotique/microros_ws/install/micro_ros_msgs/bin'
[8.888s] Level 1:colcon.colcon_core.environment:checking '/home/robotique/microros_ws/install/micro_ros_msgs/lib/pkgconfig/micro_ros_msgs.pc'
[8.889s] Level 1:colcon.colcon_core.environment:checking '/home/robotique/microros_ws/install/micro_ros_msgs/lib/python3.10/site-packages'
[8.889s] Level 1:colcon.colcon_core.environment:checking '/home/robotique/microros_ws/install/micro_ros_msgs/bin'
[8.890s] INFO:colcon.colcon_core.shell:Creating package script '/home/robotique/microros_ws/install/micro_ros_msgs/share/micro_ros_msgs/package.ps1'
[8.891s] INFO:colcon.colcon_core.shell:Creating package descriptor '/home/robotique/microros_ws/install/micro_ros_msgs/share/micro_ros_msgs/package.dsv'
[8.892s] INFO:colcon.colcon_core.shell:Creating package script '/home/robotique/microros_ws/install/micro_ros_msgs/share/micro_ros_msgs/package.sh'
[8.893s] INFO:colcon.colcon_core.shell:Creating package script '/home/robotique/microros_ws/install/micro_ros_msgs/share/micro_ros_msgs/package.bash'
[8.893s] INFO:colcon.colcon_core.shell:Creating package script '/home/robotique/microros_ws/install/micro_ros_msgs/share/micro_ros_msgs/package.zsh'
[8.894s] Level 1:colcon.colcon_core.environment:create_file_with_runtime_dependencies(/home/robotique/microros_ws/install/micro_ros_msgs/share/colcon-core/packages/micro_ros_msgs)
[8.895s] INFO:colcon.colcon_ros.task.ament_cmake.build:Building ROS package in '/home/robotique/microros_ws/src/uros/micro-ROS-Agent/micro_ros_agent' with build type 'ament_cmake'
[8.895s] INFO:colcon.colcon_cmake.task.cmake.build:Building CMake package in '/home/robotique/microros_ws/src/uros/micro-ROS-Agent/micro_ros_agent'
[8.896s] INFO:colcon.colcon_core.shell:Skip shell extension 'powershell' for command environment: Not usable outside of PowerShell
[8.896s] DEBUG:colcon.colcon_core.shell:Skip shell extension 'dsv' for command environment
[8.921s] DEBUG:colcon.colcon_core.event_handler.log_command:Invoking command in '/home/robotique/microros_ws/build/micro_ros_agent': AMENT_PREFIX_PATH=/home/robotique/microros_ws/install/micro_ros_msgs:${AMENT_PREFIX_PATH} CMAKE_PREFIX_PATH=/home/robotique/microros_ws/install/micro_ros_msgs:/opt/ros/humble LD_LIBRARY_PATH=/home/robotique/microros_ws/install/micro_ros_msgs/lib:${LD_LIBRARY_PATH} PYTHONPATH=/home/robotique/microros_ws/install/micro_ros_msgs/local/lib/python3.10/dist-packages:${PYTHONPATH} /usr/bin/cmake /home/robotique/microros_ws/src/uros/micro-ROS-Agent/micro_ros_agent -DCMAKE_INSTALL_PREFIX=/home/robotique/microros_ws/install/micro_ros_agent
[9.309s] DEBUG:colcon.colcon_core.event_handler.log_command:Invoked command in '/home/robotique/microros_ws/build/micro_ros_agent' returned '0': AMENT_PREFIX_PATH=/home/robotique/microros_ws/install/micro_ros_msgs:${AMENT_PREFIX_PATH} CMAKE_PREFIX_PATH=/home/robotique/microros_ws/install/micro_ros_msgs:/opt/ros/humble LD_LIBRARY_PATH=/home/robotique/microros_ws/install/micro_ros_msgs/lib:${LD_LIBRARY_PATH} PYTHONPATH=/home/robotique/microros_ws/install/micro_ros_msgs/local/lib/python3.10/dist-packages:${PYTHONPATH} /usr/bin/cmake /home/robotique/microros_ws/src/uros/micro-ROS-Agent/micro_ros_agent -DCMAKE_INSTALL_PREFIX=/home/robotique/microros_ws/install/micro_ros_agent
[9.310s] DEBUG:colcon.colcon_core.event_handler.log_command:Invoking command in '/home/robotique/microros_ws/build/micro_ros_agent': AMENT_PREFIX_PATH=/home/robotique/microros_ws/install/micro_ros_msgs:${AMENT_PREFIX_PATH} CMAKE_PREFIX_PATH=/home/robotique/microros_ws/install/micro_ros_msgs:/opt/ros/humble LD_LIBRARY_PATH=/home/robotique/microros_ws/install/micro_ros_msgs/lib:${LD_LIBRARY_PATH} PYTHONPATH=/home/robotique/microros_ws/install/micro_ros_msgs/local/lib/python3.10/dist-packages:${PYTHONPATH} /usr/bin/cmake --build /home/robotique/microros_ws/build/micro_ros_agent -- -j4 -l4
[10.456s] DEBUG:colcon.colcon_core.event_handler.log_command:Invoked command in '/home/robotique/microros_ws/build/robot' returned '0': AMENT_PREFIX_PATH=/home/robotique/microros_ws/install/roverc:${AMENT_PREFIX_PATH} CMAKE_PREFIX_PATH=/home/robotique/microros_ws/install/roverc:/opt/ros/humble LD_LIBRARY_PATH=/home/robotique/microros_ws/install/roverc/lib:${LD_LIBRARY_PATH} PYTHONPATH=/home/robotique/microros_ws/install/roverc/local/lib/python3.10/dist-packages:${PYTHONPATH} /usr/bin/cmake /home/robotique/microros_ws/src/robot -DCMAKE_INSTALL_PREFIX=/home/robotique/microros_ws/install/robot
[10.458s] DEBUG:colcon.colcon_core.event_handler.log_command:Invoking command in '/home/robotique/microros_ws/build/robot': AMENT_PREFIX_PATH=/home/robotique/microros_ws/install/roverc:${AMENT_PREFIX_PATH} CMAKE_PREFIX_PATH=/home/robotique/microros_ws/install/roverc:/opt/ros/humble LD_LIBRARY_PATH=/home/robotique/microros_ws/install/roverc/lib:${LD_LIBRARY_PATH} PYTHONPATH=/home/robotique/microros_ws/install/roverc/local/lib/python3.10/dist-packages:${PYTHONPATH} /usr/bin/cmake --build /home/robotique/microros_ws/build/robot -- -j4 -l4
[24.238s] DEBUG:colcon.colcon_core.event_handler.log_command:Invoked command in '/home/robotique/microros_ws/build/robot' returned '0': AMENT_PREFIX_PATH=/home/robotique/microros_ws/install/roverc:${AMENT_PREFIX_PATH} CMAKE_PREFIX_PATH=/home/robotique/microros_ws/install/roverc:/opt/ros/humble LD_LIBRARY_PATH=/home/robotique/microros_ws/install/roverc/lib:${LD_LIBRARY_PATH} PYTHONPATH=/home/robotique/microros_ws/install/roverc/local/lib/python3.10/dist-packages:${PYTHONPATH} /usr/bin/cmake --build /home/robotique/microros_ws/build/robot -- -j4 -l4
[25.234s] DEBUG:colcon.colcon_core.event_handler.log_command:Invoking command in '/home/robotique/microros_ws/build/robot': AMENT_PREFIX_PATH=/home/robotique/microros_ws/install/roverc:${AMENT_PREFIX_PATH} CMAKE_PREFIX_PATH=/home/robotique/microros_ws/install/roverc:/opt/ros/humble LD_LIBRARY_PATH=/home/robotique/microros_ws/install/roverc/lib:${LD_LIBRARY_PATH} PYTHONPATH=/home/robotique/microros_ws/install/roverc/local/lib/python3.10/dist-packages:${PYTHONPATH} /usr/bin/cmake --install /home/robotique/microros_ws/build/robot
[25.270s] Level 1:colcon.colcon_core.environment:create_environment_scripts_only(robot)
[25.272s] Level 1:colcon.colcon_core.environment:checking '/home/robotique/microros_ws/install/robot' for CMake module files
[25.273s] DEBUG:colcon.colcon_core.event_handler.log_command:Invoked command in '/home/robotique/microros_ws/build/robot' returned '0': AMENT_PREFIX_PATH=/home/robotique/microros_ws/install/roverc:${AMENT_PREFIX_PATH} CMAKE_PREFIX_PATH=/home/robotique/microros_ws/install/roverc:/opt/ros/humble LD_LIBRARY_PATH=/home/robotique/microros_ws/install/roverc/lib:${LD_LIBRARY_PATH} PYTHONPATH=/home/robotique/microros_ws/install/roverc/local/lib/python3.10/dist-packages:${PYTHONPATH} /usr/bin/cmake --install /home/robotique/microros_ws/build/robot
[25.274s] Level 1:colcon.colcon_core.environment:checking '/home/robotique/microros_ws/install/robot' for CMake config files
[25.274s] Level 1:colcon.colcon_core.shell:create_environment_hook('robot', 'cmake_prefix_path')
[25.275s] INFO:colcon.colcon_core.shell:Creating environment hook '/home/robotique/microros_ws/install/robot/share/robot/hook/cmake_prefix_path.ps1'
[25.278s] INFO:colcon.colcon_core.shell:Creating environment descriptor '/home/robotique/microros_ws/install/robot/share/robot/hook/cmake_prefix_path.dsv'
[25.281s] INFO:colcon.colcon_core.shell:Creating environment hook '/home/robotique/microros_ws/install/robot/share/robot/hook/cmake_prefix_path.sh'
[25.281s] Level 1:colcon.colcon_core.environment:checking '/home/robotique/microros_ws/install/robot/lib'
[25.281s] Level 1:colcon.colcon_core.environment:checking '/home/robotique/microros_ws/install/robot/bin'
[25.281s] Level 1:colcon.colcon_core.environment:checking '/home/robotique/microros_ws/install/robot/lib/pkgconfig/robot.pc'
[25.282s] Level 1:colcon.colcon_core.environment:checking '/home/robotique/microros_ws/install/robot/lib/python3.10/site-packages'
[25.282s] Level 1:colcon.colcon_core.environment:checking '/home/robotique/microros_ws/install/robot/bin'
[25.283s] INFO:colcon.colcon_core.shell:Creating package script '/home/robotique/microros_ws/install/robot/share/robot/package.ps1'
[25.283s] INFO:colcon.colcon_core.shell:Creating package descriptor '/home/robotique/microros_ws/install/robot/share/robot/package.dsv'
[25.284s] INFO:colcon.colcon_core.shell:Creating package script '/home/robotique/microros_ws/install/robot/share/robot/package.sh'
[25.284s] INFO:colcon.colcon_core.shell:Creating package script '/home/robotique/microros_ws/install/robot/share/robot/package.bash'
[25.287s] INFO:colcon.colcon_core.shell:Creating package script '/home/robotique/microros_ws/install/robot/share/robot/package.zsh'
[25.288s] Level 1:colcon.colcon_core.environment:create_file_with_runtime_dependencies(/home/robotique/microros_ws/install/robot/share/colcon-core/packages/robot)
[26.066s] Level 1:colcon.colcon_core.environment:create_environment_scripts_only(robot)
[26.068s] Level 1:colcon.colcon_core.environment:checking '/home/robotique/microros_ws/install/robot' for CMake module files
[26.068s] Level 1:colcon.colcon_core.environment:checking '/home/robotique/microros_ws/install/robot' for CMake config files
[26.068s] Level 1:colcon.colcon_core.shell:create_environment_hook('robot', 'cmake_prefix_path')
[26.070s] INFO:colcon.colcon_core.shell:Creating environment hook '/home/robotique/microros_ws/install/robot/share/robot/hook/cmake_prefix_path.ps1'
[26.070s] INFO:colcon.colcon_core.shell:Creating environment descriptor '/home/robotique/microros_ws/install/robot/share/robot/hook/cmake_prefix_path.dsv'
[26.071s] INFO:colcon.colcon_core.shell:Creating environment hook '/home/robotique/microros_ws/install/robot/share/robot/hook/cmake_prefix_path.sh'
[26.071s] Level 1:colcon.colcon_core.environment:checking '/home/robotique/microros_ws/install/robot/lib'
[26.071s] Level 1:colcon.colcon_core.environment:checking '/home/robotique/microros_ws/install/robot/bin'
[26.071s] Level 1:colcon.colcon_core.environment:checking '/home/robotique/microros_ws/install/robot/lib/pkgconfig/robot.pc'
[26.071s] Level 1:colcon.colcon_core.environment:checking '/home/robotique/microros_ws/install/robot/lib/python3.10/site-packages'
[26.072s] Level 1:colcon.colcon_core.environment:checking '/home/robotique/microros_ws/install/robot/bin'
[26.076s] INFO:colcon.colcon_core.shell:Creating package script '/home/robotique/microros_ws/install/robot/share/robot/package.ps1'
[26.076s] INFO:colcon.colcon_core.shell:Creating package descriptor '/home/robotique/microros_ws/install/robot/share/robot/package.dsv'
[26.078s] INFO:colcon.colcon_core.shell:Creating package script '/home/robotique/microros_ws/install/robot/share/robot/package.sh'
[26.081s] INFO:colcon.colcon_core.shell:Creating package script '/home/robotique/microros_ws/install/robot/share/robot/package.bash'
[26.082s] INFO:colcon.colcon_core.shell:Creating package script '/home/robotique/microros_ws/install/robot/share/robot/package.zsh'
[26.084s] Level 1:colcon.colcon_core.environment:create_file_with_runtime_dependencies(/home/robotique/microros_ws/install/robot/share/colcon-core/packages/robot)
[60.470s] DEBUG:colcon.colcon_core.event_handler.log_command:Invoked command in '/home/robotique/microros_ws/build/micro_ros_agent' returned '0': AMENT_PREFIX_PATH=/home/robotique/microros_ws/install/micro_ros_msgs:${AMENT_PREFIX_PATH} CMAKE_PREFIX_PATH=/home/robotique/microros_ws/install/micro_ros_msgs:/opt/ros/humble LD_LIBRARY_PATH=/home/robotique/microros_ws/install/micro_ros_msgs/lib:${LD_LIBRARY_PATH} PYTHONPATH=/home/robotique/microros_ws/install/micro_ros_msgs/local/lib/python3.10/dist-packages:${PYTHONPATH} /usr/bin/cmake --build /home/robotique/microros_ws/build/micro_ros_agent -- -j4 -l4
[60.525s] DEBUG:colcon.colcon_core.event_handler.log_command:Invoking command in '/home/robotique/microros_ws/build/micro_ros_agent': AMENT_PREFIX_PATH=/home/robotique/microros_ws/install/micro_ros_msgs:${AMENT_PREFIX_PATH} CMAKE_PREFIX_PATH=/home/robotique/microros_ws/install/micro_ros_msgs:/opt/ros/humble LD_LIBRARY_PATH=/home/robotique/microros_ws/install/micro_ros_msgs/lib:${LD_LIBRARY_PATH} PYTHONPATH=/home/robotique/microros_ws/install/micro_ros_msgs/local/lib/python3.10/dist-packages:${PYTHONPATH} /usr/bin/cmake --install /home/robotique/microros_ws/build/micro_ros_agent
[60.538s] Level 1:colcon.colcon_core.environment:create_environment_scripts_only(micro_ros_agent)
[60.540s] Level 1:colcon.colcon_core.environment:checking '/home/robotique/microros_ws/install/micro_ros_agent' for CMake module files
[60.541s] DEBUG:colcon.colcon_core.event_handler.log_command:Invoked command in '/home/robotique/microros_ws/build/micro_ros_agent' returned '0': AMENT_PREFIX_PATH=/home/robotique/microros_ws/install/micro_ros_msgs:${AMENT_PREFIX_PATH} CMAKE_PREFIX_PATH=/home/robotique/microros_ws/install/micro_ros_msgs:/opt/ros/humble LD_LIBRARY_PATH=/home/robotique/microros_ws/install/micro_ros_msgs/lib:${LD_LIBRARY_PATH} PYTHONPATH=/home/robotique/microros_ws/install/micro_ros_msgs/local/lib/python3.10/dist-packages:${PYTHONPATH} /usr/bin/cmake --install /home/robotique/microros_ws/build/micro_ros_agent
[60.541s] Level 1:colcon.colcon_core.environment:checking '/home/robotique/microros_ws/install/micro_ros_agent' for CMake config files
[60.542s] Level 1:colcon.colcon_core.shell:create_environment_hook('micro_ros_agent', 'cmake_prefix_path')
[60.544s] INFO:colcon.colcon_core.shell:Creating environment hook '/home/robotique/microros_ws/install/micro_ros_agent/share/micro_ros_agent/hook/cmake_prefix_path.ps1'
[60.545s] INFO:colcon.colcon_core.shell:Creating environment descriptor '/home/robotique/microros_ws/install/micro_ros_agent/share/micro_ros_agent/hook/cmake_prefix_path.dsv'
[60.545s] INFO:colcon.colcon_core.shell:Creating environment hook '/home/robotique/microros_ws/install/micro_ros_agent/share/micro_ros_agent/hook/cmake_prefix_path.sh'
[60.545s] Level 1:colcon.colcon_core.environment:checking '/home/robotique/microros_ws/install/micro_ros_agent/lib'
[60.545s] Level 1:colcon.colcon_core.shell:create_environment_hook('micro_ros_agent', 'ld_library_path_lib')
[60.546s] INFO:colcon.colcon_core.shell:Creating environment hook '/home/robotique/microros_ws/install/micro_ros_agent/share/micro_ros_agent/hook/ld_library_path_lib.ps1'
[60.547s] INFO:colcon.colcon_core.shell:Creating environment descriptor '/home/robotique/microros_ws/install/micro_ros_agent/share/micro_ros_agent/hook/ld_library_path_lib.dsv'
[60.547s] INFO:colcon.colcon_core.shell:Creating environment hook '/home/robotique/microros_ws/install/micro_ros_agent/share/micro_ros_agent/hook/ld_library_path_lib.sh'
[60.547s] Level 1:colcon.colcon_core.environment:checking '/home/robotique/microros_ws/install/micro_ros_agent/bin'
[60.547s] Level 1:colcon.colcon_core.environment:checking '/home/robotique/microros_ws/install/micro_ros_agent/lib/pkgconfig/micro_ros_agent.pc'
[60.548s] Level 1:colcon.colcon_core.environment:checking '/home/robotique/microros_ws/install/micro_ros_agent/lib/python3.10/site-packages'
[60.548s] Level 1:colcon.colcon_core.environment:checking '/home/robotique/microros_ws/install/micro_ros_agent/bin'
[60.549s] INFO:colcon.colcon_core.shell:Creating package script '/home/robotique/microros_ws/install/micro_ros_agent/share/micro_ros_agent/package.ps1'
[60.549s] INFO:colcon.colcon_core.shell:Creating package descriptor '/home/robotique/microros_ws/install/micro_ros_agent/share/micro_ros_agent/package.dsv'
[60.549s] INFO:colcon.colcon_core.shell:Creating package script '/home/robotique/microros_ws/install/micro_ros_agent/share/micro_ros_agent/package.sh'
[60.550s] INFO:colcon.colcon_core.shell:Creating package script '/home/robotique/microros_ws/install/micro_ros_agent/share/micro_ros_agent/package.bash'
[60.550s] INFO:colcon.colcon_core.shell:Creating package script '/home/robotique/microros_ws/install/micro_ros_agent/share/micro_ros_agent/package.zsh'
[60.550s] Level 1:colcon.colcon_core.environment:create_file_with_runtime_dependencies(/home/robotique/microros_ws/install/micro_ros_agent/share/colcon-core/packages/micro_ros_agent)
[60.602s] Level 1:colcon.colcon_core.environment:create_environment_scripts_only(micro_ros_agent)
[60.603s] Level 1:colcon.colcon_core.environment:checking '/home/robotique/microros_ws/install/micro_ros_agent' for CMake module files
[60.604s] Level 1:colcon.colcon_core.environment:checking '/home/robotique/microros_ws/install/micro_ros_agent' for CMake config files
[60.604s] Level 1:colcon.colcon_core.shell:create_environment_hook('micro_ros_agent', 'cmake_prefix_path')
[60.605s] INFO:colcon.colcon_core.shell:Creating environment hook '/home/robotique/microros_ws/install/micro_ros_agent/share/micro_ros_agent/hook/cmake_prefix_path.ps1'
[60.605s] INFO:colcon.colcon_core.shell:Creating environment descriptor '/home/robotique/microros_ws/install/micro_ros_agent/share/micro_ros_agent/hook/cmake_prefix_path.dsv'
[60.606s] INFO:colcon.colcon_core.shell:Creating environment hook '/home/robotique/microros_ws/install/micro_ros_agent/share/micro_ros_agent/hook/cmake_prefix_path.sh'
[60.606s] Level 1:colcon.colcon_core.environment:checking '/home/robotique/microros_ws/install/micro_ros_agent/lib'
[60.606s] Level 1:colcon.colcon_core.shell:create_environment_hook('micro_ros_agent', 'ld_library_path_lib')
[60.608s] INFO:colcon.colcon_core.shell:Creating environment hook '/home/robotique/microros_ws/install/micro_ros_agent/share/micro_ros_agent/hook/ld_library_path_lib.ps1'
[60.608s] INFO:colcon.colcon_core.shell:Creating environment descriptor '/home/robotique/microros_ws/install/micro_ros_agent/share/micro_ros_agent/hook/ld_library_path_lib.dsv'
[60.608s] INFO:colcon.colcon_core.shell:Creating environment hook '/home/robotique/microros_ws/install/micro_ros_agent/share/micro_ros_agent/hook/ld_library_path_lib.sh'
[60.609s] Level 1:colcon.colcon_core.environment:checking '/home/robotique/microros_ws/install/micro_ros_agent/bin'
[60.609s] Level 1:colcon.colcon_core.environment:checking '/home/robotique/microros_ws/install/micro_ros_agent/lib/pkgconfig/micro_ros_agent.pc'
[60.609s] Level 1:colcon.colcon_core.environment:checking '/home/robotique/microros_ws/install/micro_ros_agent/lib/python3.10/site-packages'
[60.609s] Level 1:colcon.colcon_core.environment:checking '/home/robotique/microros_ws/install/micro_ros_agent/bin'
[60.611s] INFO:colcon.colcon_core.shell:Creating package script '/home/robotique/microros_ws/install/micro_ros_agent/share/micro_ros_agent/package.ps1'
[60.611s] INFO:colcon.colcon_core.shell:Creating package descriptor '/home/robotique/microros_ws/install/micro_ros_agent/share/micro_ros_agent/package.dsv'
[60.612s] INFO:colcon.colcon_core.shell:Creating package script '/home/robotique/microros_ws/install/micro_ros_agent/share/micro_ros_agent/package.sh'
[60.613s] INFO:colcon.colcon_core.shell:Creating package script '/home/robotique/microros_ws/install/micro_ros_agent/share/micro_ros_agent/package.bash'
[60.618s] INFO:colcon.colcon_core.shell:Creating package script '/home/robotique/microros_ws/install/micro_ros_agent/share/micro_ros_agent/package.zsh'
[60.619s] Level 1:colcon.colcon_core.environment:create_file_with_runtime_dependencies(/home/robotique/microros_ws/install/micro_ros_agent/share/colcon-core/packages/micro_ros_agent)
[60.620s] DEBUG:colcon.colcon_parallel_executor.executor.parallel:closing loop
[60.620s] DEBUG:colcon.colcon_parallel_executor.executor.parallel:loop closed
[60.621s] DEBUG:colcon.colcon_parallel_executor.executor.parallel:run_until_complete finished with '0'
[60.621s] DEBUG:colcon.colcon_core.event_reactor:joining thread
[60.645s] INFO:colcon.colcon_core.plugin_system:Skipping extension 'colcon_notification.desktop_notification.terminal_notifier': Not used on non-Darwin systems
[60.645s] INFO:colcon.colcon_core.plugin_system:Skipping extension 'colcon_notification.desktop_notification.win32': Not used on non-Windows systems
[60.645s] INFO:colcon.colcon_notification.desktop_notification:Sending desktop notification using 'notify2'
[60.750s] DEBUG:colcon.colcon_core.event_reactor:joined thread
[60.760s] INFO:colcon.colcon_core.shell:Creating prefix script '/home/robotique/microros_ws/install/local_setup.ps1'
[60.762s] INFO:colcon.colcon_core.shell:Creating prefix util module '/home/robotique/microros_ws/install/_local_setup_util_ps1.py'
[60.766s] INFO:colcon.colcon_core.shell:Creating prefix chain script '/home/robotique/microros_ws/install/setup.ps1'
[60.768s] INFO:colcon.colcon_core.shell:Creating prefix script '/home/robotique/microros_ws/install/local_setup.sh'
[60.769s] INFO:colcon.colcon_core.shell:Creating prefix util module '/home/robotique/microros_ws/install/_local_setup_util_sh.py'
[60.769s] INFO:colcon.colcon_core.shell:Creating prefix chain script '/home/robotique/microros_ws/install/setup.sh'
[60.770s] INFO:colcon.colcon_core.shell:Creating prefix script '/home/robotique/microros_ws/install/local_setup.bash'
[60.772s] INFO:colcon.colcon_core.shell:Creating prefix chain script '/home/robotique/microros_ws/install/setup.bash'
[60.773s] INFO:colcon.colcon_core.shell:Creating prefix script '/home/robotique/microros_ws/install/local_setup.zsh'
[60.774s] INFO:colcon.colcon_core.shell:Creating prefix chain script '/home/robotique/microros_ws/install/setup.zsh'
