[0.080s] Invoking command in '/home/robotique/microros_ws/build/robot': CMAKE_PREFIX_PATH=/home/robotique/microros_ws/install/roverc:/home/robotique/microros_ws/install/robot:/home/robotique/microros_ws/install/micro_ros_setup:/home/robotique/microros_ws/install/micro_ros_agent:/home/robotique/microros_ws/install/micro_ros_msgs:/opt/ros/humble /usr/bin/cmake --build /home/robotique/microros_ws/build/robot -- -j4 -l4
[0.309s] [100%] Built target algo_node
[0.331s] Invoked command in '/home/robotique/microros_ws/build/robot' returned '0': CMAKE_PREFIX_PATH=/home/robotique/microros_ws/install/roverc:/home/robotique/microros_ws/install/robot:/home/robotique/microros_ws/install/micro_ros_setup:/home/robotique/microros_ws/install/micro_ros_agent:/home/robotique/microros_ws/install/micro_ros_msgs:/opt/ros/humble /usr/bin/cmake --build /home/robotique/microros_ws/build/robot -- -j4 -l4
[0.463s] Invoking command in '/home/robotique/microros_ws/build/robot': CMAKE_PREFIX_PATH=/home/robotique/microros_ws/install/roverc:/home/robotique/microros_ws/install/robot:/home/robotique/microros_ws/install/micro_ros_setup:/home/robotique/microros_ws/install/micro_ros_agent:/home/robotique/microros_ws/install/micro_ros_msgs:/opt/ros/humble /usr/bin/cmake --install /home/robotique/microros_ws/build/robot
[0.470s] -- Install configuration: ""
[0.470s] -- Up-to-date: /home/robotique/microros_ws/install/robot/lib/robot/algo_node
[0.474s] -- Up-to-date: /home/robotique/microros_ws/install/robot/share/ament_index/resource_index/package_run_dependencies/robot
[0.474s] -- Up-to-date: /home/robotique/microros_ws/install/robot/share/ament_index/resource_index/parent_prefix_path/robot
[0.474s] -- Up-to-date: /home/robotique/microros_ws/install/robot/share/robot/environment/ament_prefix_path.sh
[0.474s] -- Up-to-date: /home/robotique/microros_ws/install/robot/share/robot/environment/ament_prefix_path.dsv
[0.474s] -- Up-to-date: /home/robotique/microros_ws/install/robot/share/robot/environment/path.sh
[0.474s] -- Up-to-date: /home/robotique/microros_ws/install/robot/share/robot/environment/path.dsv
[0.474s] -- Up-to-date: /home/robotique/microros_ws/install/robot/share/robot/local_setup.bash
[0.474s] -- Up-to-date: /home/robotique/microros_ws/install/robot/share/robot/local_setup.sh
[0.474s] -- Up-to-date: /home/robotique/microros_ws/install/robot/share/robot/local_setup.zsh
[0.474s] -- Up-to-date: /home/robotique/microros_ws/install/robot/share/robot/local_setup.dsv
[0.474s] -- Installing: /home/robotique/microros_ws/install/robot/share/robot/package.dsv
[0.479s] -- Up-to-date: /home/robotique/microros_ws/install/robot/share/ament_index/resource_index/packages/robot
[0.480s] -- Up-to-date: /home/robotique/microros_ws/install/robot/share/robot/cmake/robotConfig.cmake
[0.480s] -- Up-to-date: /home/robotique/microros_ws/install/robot/share/robot/cmake/robotConfig-version.cmake
[0.480s] -- Up-to-date: /home/robotique/microros_ws/install/robot/share/robot/package.xml
[0.512s] Invoked command in '/home/robotique/microros_ws/build/robot' returned '0': CMAKE_PREFIX_PATH=/home/robotique/microros_ws/install/roverc:/home/robotique/microros_ws/install/robot:/home/robotique/microros_ws/install/micro_ros_setup:/home/robotique/microros_ws/install/micro_ros_agent:/home/robotique/microros_ws/install/micro_ros_msgs:/opt/ros/humble /usr/bin/cmake --install /home/robotique/microros_ws/build/robot
