-- The C compiler identification is GNU 11.3.0
-- The CXX compiler identification is GNU 11.3.0
-- Detecting C compiler ABI info
-- Detecting C compiler ABI info - done
-- Check for working C compiler: /usr/bin/cc - skipped
-- Detecting C compile features
-- Detecting C compile features - done
-- Detecting CXX compiler ABI info
-- Detecting CXX compiler ABI info - done
-- Check for working CXX compiler: /usr/bin/c++ - skipped
-- Detecting CXX compile features
-- Detecting CXX compile features - done
-- Found ament_cmake: 1.3.3 (/opt/ros/humble/share/ament_cmake/cmake)
-- Found Python3: /usr/bin/python3.10 (found version "3.10.6") found components: Interpreter 
-- Found rosidl_default_generators: 1.2.0 (/opt/ros/humble/share/rosidl_default_generators/cmake)
-- Using all available rosidl_typesupport_c: rosidl_typesupport_fastrtps_c;rosidl_typesupport_introspection_c
-- Found rosidl_adapter: 3.1.4 (/opt/ros/humble/share/rosidl_adapter/cmake)
-- Using all available rosidl_typesupport_cpp: rosidl_typesupport_fastrtps_cpp;rosidl_typesupport_introspection_cpp
-- Found ament_cmake_ros: 0.10.0 (/opt/ros/humble/share/ament_cmake_ros/cmake)
-- Using all available rosidl_typesupport_c: rosidl_typesupport_fastrtps_c;rosidl_typesupport_introspection_c
-- Using all available rosidl_typesupport_cpp: rosidl_typesupport_fastrtps_cpp;rosidl_typesupport_introspection_cpp
-- Found PythonInterp: /usr/bin/python3 (found suitable version "3.10.6", minimum required is "3.6") 
-- Found python_cmake_module: 0.10.0 (/opt/ros/humble/share/python_cmake_module/cmake)
-- Found PythonLibs: /usr/lib/x86_64-linux-gnu/libpython3.10.so (found suitable version "3.10.6", minimum required is "3.5") 
-- Using PYTHON_EXECUTABLE: /usr/bin/python3
-- Using PYTHON_INCLUDE_DIRS: /usr/include/python3.10
-- Using PYTHON_LIBRARIES: /usr/lib/x86_64-linux-gnu/libpython3.10.so
-- Found PythonExtra: .so  
-- Found ament_lint_auto: 0.12.4 (/opt/ros/humble/share/ament_lint_auto/cmake)
-- Added test 'lint_cmake' to check CMake code style
-- Added test 'xmllint' to check XML markup files
-- Configuring done
-- Generating done
-- Build files have been written to: /home/robotique/microros_ws/build/roverc
[  2%] [34m[1mGenerating C code for ROS interfaces[0m
[  5%] [34m[1mGenerating C++ code for ROS interfaces[0m
[  5%] Built target ament_cmake_python_copy_roverc
running egg_info
creating roverc.egg-info
writing roverc.egg-info/PKG-INFO
writing dependency_links to roverc.egg-info/dependency_links.txt
writing top-level names to roverc.egg-info/top_level.txt
writing manifest file 'roverc.egg-info/SOURCES.txt'
[  5%] Built target roverc__cpp
reading manifest file 'roverc.egg-info/SOURCES.txt'
writing manifest file 'roverc.egg-info/SOURCES.txt'
[  7%] [34m[1mGenerating C++ type support for eProsima Fast-RTPS[0m
[  7%] Built target ament_cmake_python_build_roverc_egg
[ 10%] [34m[1mGenerating C++ introspection for ROS interfaces[0m
[ 12%] [34m[1mGenerating C++ type support dispatch for ROS interfaces[0m
[ 15%] [32mBuilding C object CMakeFiles/roverc__rosidl_generator_c.dir/rosidl_generator_c/roverc/msg/detail/rgb__functions.c.o[0m
[ 17%] [32mBuilding CXX object CMakeFiles/roverc__rosidl_typesupport_introspection_cpp.dir/rosidl_typesupport_introspection_cpp/roverc/msg/detail/rgb__type_support.cpp.o[0m
[ 20%] [32mBuilding C object CMakeFiles/roverc__rosidl_generator_c.dir/rosidl_generator_c/roverc/msg/detail/wheel_speed__functions.c.o[0m
[ 23%] [32mBuilding CXX object CMakeFiles/roverc__rosidl_typesupport_fastrtps_cpp.dir/rosidl_typesupport_fastrtps_cpp/roverc/msg/detail/dds_fastrtps/rgb__type_support.cpp.o[0m
[ 25%] [32mBuilding CXX object CMakeFiles/roverc__rosidl_typesupport_cpp.dir/rosidl_typesupport_cpp/roverc/msg/rgb__type_support.cpp.o[0m
[ 28%] [32m[1mLinking C shared library libroverc__rosidl_generator_c.so[0m
[ 28%] Built target roverc__rosidl_generator_c
[ 30%] [34m[1mGenerating C type support for eProsima Fast-RTPS[0m
[ 33%] [32mBuilding CXX object CMakeFiles/roverc__rosidl_typesupport_fastrtps_c.dir/rosidl_typesupport_fastrtps_c/roverc/msg/detail/rgb__type_support_c.cpp.o[0m
[ 35%] [32mBuilding CXX object CMakeFiles/roverc__rosidl_typesupport_fastrtps_cpp.dir/rosidl_typesupport_fastrtps_cpp/roverc/msg/detail/dds_fastrtps/wheel_speed__type_support.cpp.o[0m
[ 38%] [32mBuilding CXX object CMakeFiles/roverc__rosidl_typesupport_cpp.dir/rosidl_typesupport_cpp/roverc/msg/wheel_speed__type_support.cpp.o[0m
[ 41%] [32mBuilding CXX object CMakeFiles/roverc__rosidl_typesupport_introspection_cpp.dir/rosidl_typesupport_introspection_cpp/roverc/msg/detail/wheel_speed__type_support.cpp.o[0m
[ 43%] [32m[1mLinking CXX shared library libroverc__rosidl_typesupport_fastrtps_cpp.so[0m
[ 46%] [32m[1mLinking CXX shared library libroverc__rosidl_typesupport_cpp.so[0m
[ 48%] [32mBuilding CXX object CMakeFiles/roverc__rosidl_typesupport_fastrtps_c.dir/rosidl_typesupport_fastrtps_c/roverc/msg/detail/wheel_speed__type_support_c.cpp.o[0m
[ 48%] Built target roverc__rosidl_typesupport_fastrtps_cpp
[ 51%] [32m[1mLinking CXX shared library libroverc__rosidl_typesupport_introspection_cpp.so[0m
[ 51%] Built target roverc__rosidl_typesupport_cpp
[ 53%] [34m[1mGenerating C introspection for ROS interfaces[0m
[ 53%] Built target roverc__rosidl_typesupport_introspection_cpp
[ 56%] [34m[1mGenerating C type support dispatch for ROS interfaces[0m
[ 58%] [32m[1mLinking CXX shared library libroverc__rosidl_typesupport_fastrtps_c.so[0m
[ 61%] [32mBuilding C object CMakeFiles/roverc__rosidl_typesupport_introspection_c.dir/rosidl_typesupport_introspection_c/roverc/msg/detail/rgb__type_support.c.o[0m
[ 61%] Built target roverc__rosidl_typesupport_fastrtps_c
[ 64%] [32mBuilding C object CMakeFiles/roverc__rosidl_typesupport_introspection_c.dir/rosidl_typesupport_introspection_c/roverc/msg/detail/wheel_speed__type_support.c.o[0m
[ 66%] [32m[1mLinking C shared library libroverc__rosidl_typesupport_introspection_c.so[0m
[ 69%] [32mBuilding CXX object CMakeFiles/roverc__rosidl_typesupport_c.dir/rosidl_typesupport_c/roverc/msg/rgb__type_support.cpp.o[0m
[ 69%] Built target roverc__rosidl_typesupport_introspection_c
[ 71%] [32mBuilding CXX object CMakeFiles/roverc__rosidl_typesupport_c.dir/rosidl_typesupport_c/roverc/msg/wheel_speed__type_support.cpp.o[0m
[ 74%] [32m[1mLinking CXX shared library libroverc__rosidl_typesupport_c.so[0m
[ 74%] Built target roverc__rosidl_typesupport_c
[ 74%] Built target roverc
[ 76%] [34m[1mGenerating Python code for ROS interfaces[0m
[ 76%] Built target roverc__py
[ 82%] [32mBuilding C object CMakeFiles/roverc__rosidl_generator_py.dir/rosidl_generator_py/roverc/msg/_rgb_s.c.o[0m
[ 82%] [32mBuilding C object CMakeFiles/roverc__rosidl_generator_py.dir/rosidl_generator_py/roverc/msg/_wheel_speed_s.c.o[0m
[ 84%] [32m[1mLinking C shared library rosidl_generator_py/roverc/libroverc__rosidl_generator_py.so[0m
[ 84%] Built target roverc__rosidl_generator_py
[ 89%] [32mBuilding C object CMakeFiles/roverc__rosidl_typesupport_introspection_c__pyext.dir/rosidl_generator_py/roverc/_roverc_s.ep.rosidl_typesupport_introspection_c.c.o[0m
[ 89%] [32mBuilding C object CMakeFiles/roverc__rosidl_typesupport_fastrtps_c__pyext.dir/rosidl_generator_py/roverc/_roverc_s.ep.rosidl_typesupport_fastrtps_c.c.o[0m
[ 92%] [32mBuilding C object CMakeFiles/roverc__rosidl_typesupport_c__pyext.dir/rosidl_generator_py/roverc/_roverc_s.ep.rosidl_typesupport_c.c.o[0m
[ 97%] [32m[1mLinking C shared library rosidl_generator_py/roverc/roverc_s__rosidl_typesupport_fastrtps_c.cpython-310-x86_64-linux-gnu.so[0m
[ 97%] [32m[1mLinking C shared library rosidl_generator_py/roverc/roverc_s__rosidl_typesupport_c.cpython-310-x86_64-linux-gnu.so[0m
[100%] [32m[1mLinking C shared library rosidl_generator_py/roverc/roverc_s__rosidl_typesupport_introspection_c.cpython-310-x86_64-linux-gnu.so[0m
[100%] Built target roverc__rosidl_typesupport_c__pyext
[100%] Built target roverc__rosidl_typesupport_fastrtps_c__pyext
[100%] Built target roverc__rosidl_typesupport_introspection_c__pyext
-- Install configuration: ""
-- Installing: /home/robotique/microros_ws/install/roverc/share/ament_index/resource_index/rosidl_interfaces/roverc
-- Installing: /home/robotique/microros_ws/install/roverc/include/roverc/roverc
-- Installing: /home/robotique/microros_ws/install/roverc/include/roverc/roverc/msg
-- Installing: /home/robotique/microros_ws/install/roverc/include/roverc/roverc/msg/detail
-- Installing: /home/robotique/microros_ws/install/roverc/include/roverc/roverc/msg/detail/rgb__type_support.h
-- Installing: /home/robotique/microros_ws/install/roverc/include/roverc/roverc/msg/detail/rgb__functions.h
-- Installing: /home/robotique/microros_ws/install/roverc/include/roverc/roverc/msg/detail/rgb__functions.c
-- Installing: /home/robotique/microros_ws/install/roverc/include/roverc/roverc/msg/detail/rgb__struct.h
-- Installing: /home/robotique/microros_ws/install/roverc/include/roverc/roverc/msg/detail/wheel_speed__functions.c
-- Installing: /home/robotique/microros_ws/install/roverc/include/roverc/roverc/msg/detail/wheel_speed__functions.h
-- Installing: /home/robotique/microros_ws/install/roverc/include/roverc/roverc/msg/detail/wheel_speed__type_support.h
-- Installing: /home/robotique/microros_ws/install/roverc/include/roverc/roverc/msg/detail/wheel_speed__struct.h
-- Installing: /home/robotique/microros_ws/install/roverc/include/roverc/roverc/msg/rosidl_generator_c__visibility_control.h
-- Installing: /home/robotique/microros_ws/install/roverc/include/roverc/roverc/msg/wheel_speed.h
-- Installing: /home/robotique/microros_ws/install/roverc/include/roverc/roverc/msg/rgb.h
-- Installing: /home/robotique/microros_ws/install/roverc/share/roverc/environment/library_path.sh
-- Installing: /home/robotique/microros_ws/install/roverc/share/roverc/environment/library_path.dsv
-- Installing: /home/robotique/microros_ws/install/roverc/lib/libroverc__rosidl_generator_c.so
-- Set runtime path of "/home/robotique/microros_ws/install/roverc/lib/libroverc__rosidl_generator_c.so" to ""
-- Up-to-date: /home/robotique/microros_ws/install/roverc/include/roverc/roverc
-- Up-to-date: /home/robotique/microros_ws/install/roverc/include/roverc/roverc/msg
-- Up-to-date: /home/robotique/microros_ws/install/roverc/include/roverc/roverc/msg/detail
-- Installing: /home/robotique/microros_ws/install/roverc/include/roverc/roverc/msg/detail/rgb__rosidl_typesupport_fastrtps_c.h
-- Installing: /home/robotique/microros_ws/install/roverc/include/roverc/roverc/msg/detail/wheel_speed__rosidl_typesupport_fastrtps_c.h
-- Installing: /home/robotique/microros_ws/install/roverc/include/roverc/roverc/msg/rosidl_typesupport_fastrtps_c__visibility_control.h
-- Installing: /home/robotique/microros_ws/install/roverc/lib/libroverc__rosidl_typesupport_fastrtps_c.so
-- Set runtime path of "/home/robotique/microros_ws/install/roverc/lib/libroverc__rosidl_typesupport_fastrtps_c.so" to ""
-- Up-to-date: /home/robotique/microros_ws/install/roverc/include/roverc/roverc
-- Up-to-date: /home/robotique/microros_ws/install/roverc/include/roverc/roverc/msg
-- Up-to-date: /home/robotique/microros_ws/install/roverc/include/roverc/roverc/msg/detail
-- Installing: /home/robotique/microros_ws/install/roverc/include/roverc/roverc/msg/detail/rgb__rosidl_typesupport_introspection_c.h
-- Installing: /home/robotique/microros_ws/install/roverc/include/roverc/roverc/msg/detail/wheel_speed__type_support.c
-- Installing: /home/robotique/microros_ws/install/roverc/include/roverc/roverc/msg/detail/rgb__type_support.c
-- Installing: /home/robotique/microros_ws/install/roverc/include/roverc/roverc/msg/detail/wheel_speed__rosidl_typesupport_introspection_c.h
-- Installing: /home/robotique/microros_ws/install/roverc/include/roverc/roverc/msg/rosidl_typesupport_introspection_c__visibility_control.h
-- Installing: /home/robotique/microros_ws/install/roverc/lib/libroverc__rosidl_typesupport_introspection_c.so
-- Set runtime path of "/home/robotique/microros_ws/install/roverc/lib/libroverc__rosidl_typesupport_introspection_c.so" to ""
-- Installing: /home/robotique/microros_ws/install/roverc/lib/libroverc__rosidl_typesupport_c.so
-- Set runtime path of "/home/robotique/microros_ws/install/roverc/lib/libroverc__rosidl_typesupport_c.so" to ""
-- Up-to-date: /home/robotique/microros_ws/install/roverc/include/roverc/roverc
-- Up-to-date: /home/robotique/microros_ws/install/roverc/include/roverc/roverc/msg
-- Up-to-date: /home/robotique/microros_ws/install/roverc/include/roverc/roverc/msg/detail
-- Installing: /home/robotique/microros_ws/install/roverc/include/roverc/roverc/msg/detail/wheel_speed__builder.hpp
-- Installing: /home/robotique/microros_ws/install/roverc/include/roverc/roverc/msg/detail/wheel_speed__struct.hpp
-- Installing: /home/robotique/microros_ws/install/roverc/include/roverc/roverc/msg/detail/rgb__traits.hpp
-- Installing: /home/robotique/microros_ws/install/roverc/include/roverc/roverc/msg/detail/rgb__struct.hpp
-- Installing: /home/robotique/microros_ws/install/roverc/include/roverc/roverc/msg/detail/rgb__builder.hpp
-- Installing: /home/robotique/microros_ws/install/roverc/include/roverc/roverc/msg/detail/wheel_speed__traits.hpp
-- Installing: /home/robotique/microros_ws/install/roverc/include/roverc/roverc/msg/rgb.hpp
-- Installing: /home/robotique/microros_ws/install/roverc/include/roverc/roverc/msg/wheel_speed.hpp
-- Up-to-date: /home/robotique/microros_ws/install/roverc/include/roverc/roverc
-- Up-to-date: /home/robotique/microros_ws/install/roverc/include/roverc/roverc/msg
-- Up-to-date: /home/robotique/microros_ws/install/roverc/include/roverc/roverc/msg/detail
-- Installing: /home/robotique/microros_ws/install/roverc/include/roverc/roverc/msg/detail/wheel_speed__rosidl_typesupport_fastrtps_cpp.hpp
-- Installing: /home/robotique/microros_ws/install/roverc/include/roverc/roverc/msg/detail/rgb__rosidl_typesupport_fastrtps_cpp.hpp
-- Installing: /home/robotique/microros_ws/install/roverc/include/roverc/roverc/msg/detail/dds_fastrtps
-- Installing: /home/robotique/microros_ws/install/roverc/include/roverc/roverc/msg/rosidl_typesupport_fastrtps_cpp__visibility_control.h
-- Installing: /home/robotique/microros_ws/install/roverc/lib/libroverc__rosidl_typesupport_fastrtps_cpp.so
-- Set runtime path of "/home/robotique/microros_ws/install/roverc/lib/libroverc__rosidl_typesupport_fastrtps_cpp.so" to ""
-- Up-to-date: /home/robotique/microros_ws/install/roverc/include/roverc/roverc
-- Up-to-date: /home/robotique/microros_ws/install/roverc/include/roverc/roverc/msg
-- Up-to-date: /home/robotique/microros_ws/install/roverc/include/roverc/roverc/msg/detail
-- Installing: /home/robotique/microros_ws/install/roverc/include/roverc/roverc/msg/detail/wheel_speed__type_support.cpp
-- Installing: /home/robotique/microros_ws/install/roverc/include/roverc/roverc/msg/detail/rgb__rosidl_typesupport_introspection_cpp.hpp
-- Installing: /home/robotique/microros_ws/install/roverc/include/roverc/roverc/msg/detail/wheel_speed__rosidl_typesupport_introspection_cpp.hpp
-- Installing: /home/robotique/microros_ws/install/roverc/include/roverc/roverc/msg/detail/rgb__type_support.cpp
-- Installing: /home/robotique/microros_ws/install/roverc/lib/libroverc__rosidl_typesupport_introspection_cpp.so
-- Set runtime path of "/home/robotique/microros_ws/install/roverc/lib/libroverc__rosidl_typesupport_introspection_cpp.so" to ""
-- Installing: /home/robotique/microros_ws/install/roverc/lib/libroverc__rosidl_typesupport_cpp.so
-- Set runtime path of "/home/robotique/microros_ws/install/roverc/lib/libroverc__rosidl_typesupport_cpp.so" to ""
-- Installing: /home/robotique/microros_ws/install/roverc/share/roverc/environment/pythonpath.sh
-- Installing: /home/robotique/microros_ws/install/roverc/share/roverc/environment/pythonpath.dsv
-- Installing: /home/robotique/microros_ws/install/roverc/local/lib/python3.10/dist-packages/roverc-0.0.0-py3.10.egg-info
-- Installing: /home/robotique/microros_ws/install/roverc/local/lib/python3.10/dist-packages/roverc-0.0.0-py3.10.egg-info/PKG-INFO
-- Installing: /home/robotique/microros_ws/install/roverc/local/lib/python3.10/dist-packages/roverc-0.0.0-py3.10.egg-info/SOURCES.txt
-- Installing: /home/robotique/microros_ws/install/roverc/local/lib/python3.10/dist-packages/roverc-0.0.0-py3.10.egg-info/dependency_links.txt
-- Installing: /home/robotique/microros_ws/install/roverc/local/lib/python3.10/dist-packages/roverc-0.0.0-py3.10.egg-info/top_level.txt
-- Installing: /home/robotique/microros_ws/install/roverc/local/lib/python3.10/dist-packages/roverc
-- Installing: /home/robotique/microros_ws/install/roverc/local/lib/python3.10/dist-packages/roverc/roverc_s__rosidl_typesupport_introspection_c.cpython-310-x86_64-linux-gnu.so
-- Installing: /home/robotique/microros_ws/install/roverc/local/lib/python3.10/dist-packages/roverc/_roverc_s.ep.rosidl_typesupport_fastrtps_c.c
-- Installing: /home/robotique/microros_ws/install/roverc/local/lib/python3.10/dist-packages/roverc/__init__.py
-- Installing: /home/robotique/microros_ws/install/roverc/local/lib/python3.10/dist-packages/roverc/msg
-- Installing: /home/robotique/microros_ws/install/roverc/local/lib/python3.10/dist-packages/roverc/msg/_rgb.py
-- Installing: /home/robotique/microros_ws/install/roverc/local/lib/python3.10/dist-packages/roverc/msg/_wheel_speed_s.c
-- Installing: /home/robotique/microros_ws/install/roverc/local/lib/python3.10/dist-packages/roverc/msg/__init__.py
-- Installing: /home/robotique/microros_ws/install/roverc/local/lib/python3.10/dist-packages/roverc/msg/_rgb_s.c
-- Installing: /home/robotique/microros_ws/install/roverc/local/lib/python3.10/dist-packages/roverc/msg/_wheel_speed.py
-- Installing: /home/robotique/microros_ws/install/roverc/local/lib/python3.10/dist-packages/roverc/_roverc_s.ep.rosidl_typesupport_c.c
-- Installing: /home/robotique/microros_ws/install/roverc/local/lib/python3.10/dist-packages/roverc/_roverc_s.ep.rosidl_typesupport_introspection_c.c
-- Installing: /home/robotique/microros_ws/install/roverc/local/lib/python3.10/dist-packages/roverc/roverc_s__rosidl_typesupport_fastrtps_c.cpython-310-x86_64-linux-gnu.so
-- Installing: /home/robotique/microros_ws/install/roverc/local/lib/python3.10/dist-packages/roverc/roverc_s__rosidl_typesupport_c.cpython-310-x86_64-linux-gnu.so
-- Installing: /home/robotique/microros_ws/install/roverc/local/lib/python3.10/dist-packages/roverc/libroverc__rosidl_generator_py.so
Listing '/home/robotique/microros_ws/install/roverc/local/lib/python3.10/dist-packages/roverc'...
Compiling '/home/robotique/microros_ws/install/roverc/local/lib/python3.10/dist-packages/roverc/__init__.py'...
Listing '/home/robotique/microros_ws/install/roverc/local/lib/python3.10/dist-packages/roverc/msg'...
Compiling '/home/robotique/microros_ws/install/roverc/local/lib/python3.10/dist-packages/roverc/msg/__init__.py'...
Compiling '/home/robotique/microros_ws/install/roverc/local/lib/python3.10/dist-packages/roverc/msg/_rgb.py'...
Compiling '/home/robotique/microros_ws/install/roverc/local/lib/python3.10/dist-packages/roverc/msg/_wheel_speed.py'...
-- Installing: /home/robotique/microros_ws/install/roverc/local/lib/python3.10/dist-packages/roverc/roverc_s__rosidl_typesupport_fastrtps_c.cpython-310-x86_64-linux-gnu.so
-- Set runtime path of "/home/robotique/microros_ws/install/roverc/local/lib/python3.10/dist-packages/roverc/roverc_s__rosidl_typesupport_fastrtps_c.cpython-310-x86_64-linux-gnu.so" to ""
-- Installing: /home/robotique/microros_ws/install/roverc/local/lib/python3.10/dist-packages/roverc/roverc_s__rosidl_typesupport_introspection_c.cpython-310-x86_64-linux-gnu.so
-- Set runtime path of "/home/robotique/microros_ws/install/roverc/local/lib/python3.10/dist-packages/roverc/roverc_s__rosidl_typesupport_introspection_c.cpython-310-x86_64-linux-gnu.so" to ""
-- Installing: /home/robotique/microros_ws/install/roverc/local/lib/python3.10/dist-packages/roverc/roverc_s__rosidl_typesupport_c.cpython-310-x86_64-linux-gnu.so
-- Set runtime path of "/home/robotique/microros_ws/install/roverc/local/lib/python3.10/dist-packages/roverc/roverc_s__rosidl_typesupport_c.cpython-310-x86_64-linux-gnu.so" to ""
-- Installing: /home/robotique/microros_ws/install/roverc/lib/libroverc__rosidl_generator_py.so
-- Set runtime path of "/home/robotique/microros_ws/install/roverc/lib/libroverc__rosidl_generator_py.so" to ""
-- Installing: /home/robotique/microros_ws/install/roverc/share/roverc/msg/RGB.idl
-- Installing: /home/robotique/microros_ws/install/roverc/share/roverc/msg/WheelSpeed.idl
-- Installing: /home/robotique/microros_ws/install/roverc/share/roverc/msg/RGB.msg
-- Installing: /home/robotique/microros_ws/install/roverc/share/roverc/msg/WheelSpeed.msg
-- Installing: /home/robotique/microros_ws/install/roverc/share/ament_index/resource_index/package_run_dependencies/roverc
-- Installing: /home/robotique/microros_ws/install/roverc/share/ament_index/resource_index/parent_prefix_path/roverc
-- Installing: /home/robotique/microros_ws/install/roverc/share/roverc/environment/ament_prefix_path.sh
-- Installing: /home/robotique/microros_ws/install/roverc/share/roverc/environment/ament_prefix_path.dsv
-- Installing: /home/robotique/microros_ws/install/roverc/share/roverc/environment/path.sh
-- Installing: /home/robotique/microros_ws/install/roverc/share/roverc/environment/path.dsv
-- Installing: /home/robotique/microros_ws/install/roverc/share/roverc/local_setup.bash
-- Installing: /home/robotique/microros_ws/install/roverc/share/roverc/local_setup.sh
-- Installing: /home/robotique/microros_ws/install/roverc/share/roverc/local_setup.zsh
-- Installing: /home/robotique/microros_ws/install/roverc/share/roverc/local_setup.dsv
-- Installing: /home/robotique/microros_ws/install/roverc/share/roverc/package.dsv
-- Installing: /home/robotique/microros_ws/install/roverc/share/ament_index/resource_index/packages/roverc
-- Installing: /home/robotique/microros_ws/install/roverc/share/roverc/cmake/export_roverc__rosidl_generator_cExport.cmake
-- Installing: /home/robotique/microros_ws/install/roverc/share/roverc/cmake/export_roverc__rosidl_generator_cExport-noconfig.cmake
-- Installing: /home/robotique/microros_ws/install/roverc/share/roverc/cmake/export_roverc__rosidl_typesupport_fastrtps_cExport.cmake
-- Installing: /home/robotique/microros_ws/install/roverc/share/roverc/cmake/export_roverc__rosidl_typesupport_fastrtps_cExport-noconfig.cmake
-- Installing: /home/robotique/microros_ws/install/roverc/share/roverc/cmake/roverc__rosidl_typesupport_introspection_cExport.cmake
-- Installing: /home/robotique/microros_ws/install/roverc/share/roverc/cmake/roverc__rosidl_typesupport_introspection_cExport-noconfig.cmake
-- Installing: /home/robotique/microros_ws/install/roverc/share/roverc/cmake/roverc__rosidl_typesupport_cExport.cmake
-- Installing: /home/robotique/microros_ws/install/roverc/share/roverc/cmake/roverc__rosidl_typesupport_cExport-noconfig.cmake
-- Installing: /home/robotique/microros_ws/install/roverc/share/roverc/cmake/export_roverc__rosidl_generator_cppExport.cmake
-- Installing: /home/robotique/microros_ws/install/roverc/share/roverc/cmake/export_roverc__rosidl_typesupport_fastrtps_cppExport.cmake
-- Installing: /home/robotique/microros_ws/install/roverc/share/roverc/cmake/export_roverc__rosidl_typesupport_fastrtps_cppExport-noconfig.cmake
-- Installing: /home/robotique/microros_ws/install/roverc/share/roverc/cmake/roverc__rosidl_typesupport_introspection_cppExport.cmake
-- Installing: /home/robotique/microros_ws/install/roverc/share/roverc/cmake/roverc__rosidl_typesupport_introspection_cppExport-noconfig.cmake
-- Installing: /home/robotique/microros_ws/install/roverc/share/roverc/cmake/roverc__rosidl_typesupport_cppExport.cmake
-- Installing: /home/robotique/microros_ws/install/roverc/share/roverc/cmake/roverc__rosidl_typesupport_cppExport-noconfig.cmake
-- Installing: /home/robotique/microros_ws/install/roverc/share/roverc/cmake/export_roverc__rosidl_generator_pyExport.cmake
-- Installing: /home/robotique/microros_ws/install/roverc/share/roverc/cmake/export_roverc__rosidl_generator_pyExport-noconfig.cmake
-- Installing: /home/robotique/microros_ws/install/roverc/share/roverc/cmake/rosidl_cmake-extras.cmake
-- Installing: /home/robotique/microros_ws/install/roverc/share/roverc/cmake/ament_cmake_export_include_directories-extras.cmake
-- Installing: /home/robotique/microros_ws/install/roverc/share/roverc/cmake/ament_cmake_export_libraries-extras.cmake
-- Installing: /home/robotique/microros_ws/install/roverc/share/roverc/cmake/ament_cmake_export_targets-extras.cmake
-- Installing: /home/robotique/microros_ws/install/roverc/share/roverc/cmake/rosidl_cmake_export_typesupport_targets-extras.cmake
-- Installing: /home/robotique/microros_ws/install/roverc/share/roverc/cmake/ament_cmake_export_dependencies-extras.cmake
-- Installing: /home/robotique/microros_ws/install/roverc/share/roverc/cmake/rosidl_cmake_export_typesupport_libraries-extras.cmake
-- Installing: /home/robotique/microros_ws/install/roverc/share/roverc/cmake/rovercConfig.cmake
-- Installing: /home/robotique/microros_ws/install/roverc/share/roverc/cmake/rovercConfig-version.cmake
-- Installing: /home/robotique/microros_ws/install/roverc/share/roverc/package.xml
