[0.057s] Invoking command in '/home/robotique/microros_ws/build/roverc': CMAKE_PREFIX_PATH=/opt/ros/humble /usr/bin/cmake /home/robotique/microros_ws/src/roverc -DCMAKE_INSTALL_PREFIX=/home/robotique/microros_ws/install/roverc
[0.289s] -- The C compiler identification is GNU 11.3.0
[0.495s] -- The CXX compiler identification is GNU 11.3.0
[0.521s] -- Detecting C compiler ABI info
[0.608s] -- Detecting C compiler ABI info - done
[0.618s] -- Check for working C compiler: /usr/bin/cc - skipped
[0.619s] -- Detecting C compile features
[0.619s] -- Detecting C compile features - done
[0.622s] -- Detecting CXX compiler ABI info
[0.725s] -- Detecting CXX compiler ABI info - done
[0.739s] -- Check for working CXX compiler: /usr/bin/c++ - skipped
[0.740s] -- Detecting CXX compile features
[0.741s] -- Detecting CXX compile features - done
[0.744s] -- Found ament_cmake: 1.3.3 (/opt/ros/humble/share/ament_cmake/cmake)
[0.913s] -- Found Python3: /usr/bin/python3.10 (found version "3.10.6") found components: Interpreter 
[1.053s] -- Found rosidl_default_generators: 1.2.0 (/opt/ros/humble/share/rosidl_default_generators/cmake)
[1.061s] -- Using all available rosidl_typesupport_c: rosidl_typesupport_fastrtps_c;rosidl_typesupport_introspection_c
[1.074s] -- Found rosidl_adapter: 3.1.4 (/opt/ros/humble/share/rosidl_adapter/cmake)
[1.184s] -- Using all available rosidl_typesupport_cpp: rosidl_typesupport_fastrtps_cpp;rosidl_typesupport_introspection_cpp
[1.516s] -- Found ament_cmake_ros: 0.10.0 (/opt/ros/humble/share/ament_cmake_ros/cmake)
[1.705s] -- Using all available rosidl_typesupport_c: rosidl_typesupport_fastrtps_c;rosidl_typesupport_introspection_c
[1.939s] -- Using all available rosidl_typesupport_cpp: rosidl_typesupport_fastrtps_cpp;rosidl_typesupport_introspection_cpp
[1.959s] -- Found PythonInterp: /usr/bin/python3 (found suitable version "3.10.6", minimum required is "3.6") 
[1.963s] -- Found python_cmake_module: 0.10.0 (/opt/ros/humble/share/python_cmake_module/cmake)
[1.992s] -- Found PythonLibs: /usr/lib/x86_64-linux-gnu/libpython3.10.so (found suitable version "3.10.6", minimum required is "3.5") 
[1.992s] -- Using PYTHON_EXECUTABLE: /usr/bin/python3
[1.992s] -- Using PYTHON_INCLUDE_DIRS: /usr/include/python3.10
[1.992s] -- Using PYTHON_LIBRARIES: /usr/lib/x86_64-linux-gnu/libpython3.10.so
[2.009s] -- Found PythonExtra: .so  
[2.046s] -- Found ament_lint_auto: 0.12.4 (/opt/ros/humble/share/ament_lint_auto/cmake)
[2.076s] -- Added test 'lint_cmake' to check CMake code style
[2.077s] -- Added test 'xmllint' to check XML markup files
[2.079s] -- Configuring done
[2.109s] -- Generating done
[2.112s] -- Build files have been written to: /home/robotique/microros_ws/build/roverc
[2.119s] Invoked command in '/home/robotique/microros_ws/build/roverc' returned '0': CMAKE_PREFIX_PATH=/opt/ros/humble /usr/bin/cmake /home/robotique/microros_ws/src/roverc -DCMAKE_INSTALL_PREFIX=/home/robotique/microros_ws/install/roverc
[2.120s] Invoking command in '/home/robotique/microros_ws/build/roverc': CMAKE_PREFIX_PATH=/opt/ros/humble /usr/bin/cmake --build /home/robotique/microros_ws/build/roverc -- -j4 -l4
[2.170s] [  2%] [34m[1mGenerating C code for ROS interfaces[0m
[2.177s] [  5%] [34m[1mGenerating C++ code for ROS interfaces[0m
[2.208s] [  5%] Built target ament_cmake_python_copy_roverc
[2.642s] running egg_info
[2.642s] creating roverc.egg-info
[2.643s] writing roverc.egg-info/PKG-INFO
[2.643s] writing dependency_links to roverc.egg-info/dependency_links.txt
[2.645s] writing top-level names to roverc.egg-info/top_level.txt
[2.645s] writing manifest file 'roverc.egg-info/SOURCES.txt'
[2.652s] [  5%] Built target roverc__cpp
[2.655s] reading manifest file 'roverc.egg-info/SOURCES.txt'
[2.656s] writing manifest file 'roverc.egg-info/SOURCES.txt'
[2.673s] [  7%] [34m[1mGenerating C++ type support for eProsima Fast-RTPS[0m
[2.693s] [  7%] Built target ament_cmake_python_build_roverc_egg
[2.702s] [ 10%] [34m[1mGenerating C++ introspection for ROS interfaces[0m
[2.703s] [ 12%] [34m[1mGenerating C++ type support dispatch for ROS interfaces[0m
[2.899s] [ 15%] [32mBuilding C object CMakeFiles/roverc__rosidl_generator_c.dir/rosidl_generator_c/roverc/msg/detail/rgb__functions.c.o[0m
[3.121s] [ 17%] [32mBuilding CXX object CMakeFiles/roverc__rosidl_typesupport_introspection_cpp.dir/rosidl_typesupport_introspection_cpp/roverc/msg/detail/rgb__type_support.cpp.o[0m
[3.144s] [ 20%] [32mBuilding C object CMakeFiles/roverc__rosidl_generator_c.dir/rosidl_generator_c/roverc/msg/detail/wheel_speed__functions.c.o[0m
[3.199s] [ 23%] [32mBuilding CXX object CMakeFiles/roverc__rosidl_typesupport_fastrtps_cpp.dir/rosidl_typesupport_fastrtps_cpp/roverc/msg/detail/dds_fastrtps/rgb__type_support.cpp.o[0m
[3.206s] [ 25%] [32mBuilding CXX object CMakeFiles/roverc__rosidl_typesupport_cpp.dir/rosidl_typesupport_cpp/roverc/msg/rgb__type_support.cpp.o[0m
[3.288s] [ 28%] [32m[1mLinking C shared library libroverc__rosidl_generator_c.so[0m
[3.455s] [ 28%] Built target roverc__rosidl_generator_c
[3.476s] [ 30%] [34m[1mGenerating C type support for eProsima Fast-RTPS[0m
[4.083s] [ 33%] [32mBuilding CXX object CMakeFiles/roverc__rosidl_typesupport_fastrtps_c.dir/rosidl_typesupport_fastrtps_c/roverc/msg/detail/rgb__type_support_c.cpp.o[0m
[4.093s] [ 35%] [32mBuilding CXX object CMakeFiles/roverc__rosidl_typesupport_fastrtps_cpp.dir/rosidl_typesupport_fastrtps_cpp/roverc/msg/detail/dds_fastrtps/wheel_speed__type_support.cpp.o[0m
[4.104s] [ 38%] [32mBuilding CXX object CMakeFiles/roverc__rosidl_typesupport_cpp.dir/rosidl_typesupport_cpp/roverc/msg/wheel_speed__type_support.cpp.o[0m
[4.124s] [ 41%] [32mBuilding CXX object CMakeFiles/roverc__rosidl_typesupport_introspection_cpp.dir/rosidl_typesupport_introspection_cpp/roverc/msg/detail/wheel_speed__type_support.cpp.o[0m
[4.822s] [ 43%] [32m[1mLinking CXX shared library libroverc__rosidl_typesupport_fastrtps_cpp.so[0m
[4.862s] [ 46%] [32m[1mLinking CXX shared library libroverc__rosidl_typesupport_cpp.so[0m
[4.903s] [ 48%] [32mBuilding CXX object CMakeFiles/roverc__rosidl_typesupport_fastrtps_c.dir/rosidl_typesupport_fastrtps_c/roverc/msg/detail/wheel_speed__type_support_c.cpp.o[0m
[5.075s] [ 48%] Built target roverc__rosidl_typesupport_fastrtps_cpp
[5.103s] [ 51%] [32m[1mLinking CXX shared library libroverc__rosidl_typesupport_introspection_cpp.so[0m
[5.150s] [ 51%] Built target roverc__rosidl_typesupport_cpp
[5.163s] [ 53%] [34m[1mGenerating C introspection for ROS interfaces[0m
[5.220s] [ 53%] Built target roverc__rosidl_typesupport_introspection_cpp
[5.220s] [ 56%] [34m[1mGenerating C type support dispatch for ROS interfaces[0m
[5.366s] [ 58%] [32m[1mLinking CXX shared library libroverc__rosidl_typesupport_fastrtps_c.so[0m
[5.543s] [ 61%] [32mBuilding C object CMakeFiles/roverc__rosidl_typesupport_introspection_c.dir/rosidl_typesupport_introspection_c/roverc/msg/detail/rgb__type_support.c.o[0m
[5.568s] [ 61%] Built target roverc__rosidl_typesupport_fastrtps_c
[5.572s] [ 64%] [32mBuilding C object CMakeFiles/roverc__rosidl_typesupport_introspection_c.dir/rosidl_typesupport_introspection_c/roverc/msg/detail/wheel_speed__type_support.c.o[0m
[5.765s] [ 66%] [32m[1mLinking C shared library libroverc__rosidl_typesupport_introspection_c.so[0m
[5.821s] [ 69%] [32mBuilding CXX object CMakeFiles/roverc__rosidl_typesupport_c.dir/rosidl_typesupport_c/roverc/msg/rgb__type_support.cpp.o[0m
[5.825s] [ 69%] Built target roverc__rosidl_typesupport_introspection_c
[5.833s] [ 71%] [32mBuilding CXX object CMakeFiles/roverc__rosidl_typesupport_c.dir/rosidl_typesupport_c/roverc/msg/wheel_speed__type_support.cpp.o[0m
[5.907s] [ 74%] [32m[1mLinking CXX shared library libroverc__rosidl_typesupport_c.so[0m
[6.008s] [ 74%] Built target roverc__rosidl_typesupport_c
[6.039s] [ 74%] Built target roverc
[6.091s] [ 76%] [34m[1mGenerating Python code for ROS interfaces[0m
[6.499s] [ 76%] Built target roverc__py
[6.523s] [ 82%] [32mBuilding C object CMakeFiles/roverc__rosidl_generator_py.dir/rosidl_generator_py/roverc/msg/_rgb_s.c.o[0m
[6.523s] [ 82%] [32mBuilding C object CMakeFiles/roverc__rosidl_generator_py.dir/rosidl_generator_py/roverc/msg/_wheel_speed_s.c.o[0m
[6.728s] [ 84%] [32m[1mLinking C shared library rosidl_generator_py/roverc/libroverc__rosidl_generator_py.so[0m
[6.771s] [ 84%] Built target roverc__rosidl_generator_py
[6.798s] [ 89%] [32mBuilding C object CMakeFiles/roverc__rosidl_typesupport_introspection_c__pyext.dir/rosidl_generator_py/roverc/_roverc_s.ep.rosidl_typesupport_introspection_c.c.o[0m
[6.798s] [ 89%] [32mBuilding C object CMakeFiles/roverc__rosidl_typesupport_fastrtps_c__pyext.dir/rosidl_generator_py/roverc/_roverc_s.ep.rosidl_typesupport_fastrtps_c.c.o[0m
[6.800s] [ 92%] [32mBuilding C object CMakeFiles/roverc__rosidl_typesupport_c__pyext.dir/rosidl_generator_py/roverc/_roverc_s.ep.rosidl_typesupport_c.c.o[0m
[6.886s] [ 97%] [32m[1mLinking C shared library rosidl_generator_py/roverc/roverc_s__rosidl_typesupport_fastrtps_c.cpython-310-x86_64-linux-gnu.so[0m
[6.887s] [ 97%] [32m[1mLinking C shared library rosidl_generator_py/roverc/roverc_s__rosidl_typesupport_c.cpython-310-x86_64-linux-gnu.so[0m
[6.895s] [100%] [32m[1mLinking C shared library rosidl_generator_py/roverc/roverc_s__rosidl_typesupport_introspection_c.cpython-310-x86_64-linux-gnu.so[0m
[6.935s] [100%] Built target roverc__rosidl_typesupport_c__pyext
[6.943s] [100%] Built target roverc__rosidl_typesupport_fastrtps_c__pyext
[7.005s] [100%] Built target roverc__rosidl_typesupport_introspection_c__pyext
[7.017s] Invoked command in '/home/robotique/microros_ws/build/roverc' returned '0': CMAKE_PREFIX_PATH=/opt/ros/humble /usr/bin/cmake --build /home/robotique/microros_ws/build/roverc -- -j4 -l4
[7.168s] Invoking command in '/home/robotique/microros_ws/build/roverc': CMAKE_PREFIX_PATH=/opt/ros/humble /usr/bin/cmake --install /home/robotique/microros_ws/build/roverc
[7.178s] -- Install configuration: ""
[7.178s] -- Installing: /home/robotique/microros_ws/install/roverc/share/ament_index/resource_index/rosidl_interfaces/roverc
[7.179s] -- Installing: /home/robotique/microros_ws/install/roverc/include/roverc/roverc
[7.179s] -- Installing: /home/robotique/microros_ws/install/roverc/include/roverc/roverc/msg
[7.179s] -- Installing: /home/robotique/microros_ws/install/roverc/include/roverc/roverc/msg/detail
[7.181s] -- Installing: /home/robotique/microros_ws/install/roverc/include/roverc/roverc/msg/detail/rgb__type_support.h
[7.181s] -- Installing: /home/robotique/microros_ws/install/roverc/include/roverc/roverc/msg/detail/rgb__functions.h
[7.186s] -- Installing: /home/robotique/microros_ws/install/roverc/include/roverc/roverc/msg/detail/rgb__functions.c
[7.186s] -- Installing: /home/robotique/microros_ws/install/roverc/include/roverc/roverc/msg/detail/rgb__struct.h
[7.186s] -- Installing: /home/robotique/microros_ws/install/roverc/include/roverc/roverc/msg/detail/wheel_speed__functions.c
[7.186s] -- Installing: /home/robotique/microros_ws/install/roverc/include/roverc/roverc/msg/detail/wheel_speed__functions.h
[7.186s] -- Installing: /home/robotique/microros_ws/install/roverc/include/roverc/roverc/msg/detail/wheel_speed__type_support.h
[7.186s] -- Installing: /home/robotique/microros_ws/install/roverc/include/roverc/roverc/msg/detail/wheel_speed__struct.h
[7.186s] -- Installing: /home/robotique/microros_ws/install/roverc/include/roverc/roverc/msg/rosidl_generator_c__visibility_control.h
[7.186s] -- Installing: /home/robotique/microros_ws/install/roverc/include/roverc/roverc/msg/wheel_speed.h
[7.187s] -- Installing: /home/robotique/microros_ws/install/roverc/include/roverc/roverc/msg/rgb.h
[7.187s] -- Installing: /home/robotique/microros_ws/install/roverc/share/roverc/environment/library_path.sh
[7.188s] -- Installing: /home/robotique/microros_ws/install/roverc/share/roverc/environment/library_path.dsv
[7.188s] -- Installing: /home/robotique/microros_ws/install/roverc/lib/libroverc__rosidl_generator_c.so
[7.189s] -- Set runtime path of "/home/robotique/microros_ws/install/roverc/lib/libroverc__rosidl_generator_c.so" to ""
[7.189s] -- Up-to-date: /home/robotique/microros_ws/install/roverc/include/roverc/roverc
[7.190s] -- Up-to-date: /home/robotique/microros_ws/install/roverc/include/roverc/roverc/msg
[7.190s] -- Up-to-date: /home/robotique/microros_ws/install/roverc/include/roverc/roverc/msg/detail
[7.190s] -- Installing: /home/robotique/microros_ws/install/roverc/include/roverc/roverc/msg/detail/rgb__rosidl_typesupport_fastrtps_c.h
[7.190s] -- Installing: /home/robotique/microros_ws/install/roverc/include/roverc/roverc/msg/detail/wheel_speed__rosidl_typesupport_fastrtps_c.h
[7.191s] -- Installing: /home/robotique/microros_ws/install/roverc/include/roverc/roverc/msg/rosidl_typesupport_fastrtps_c__visibility_control.h
[7.191s] -- Installing: /home/robotique/microros_ws/install/roverc/lib/libroverc__rosidl_typesupport_fastrtps_c.so
[7.192s] -- Set runtime path of "/home/robotique/microros_ws/install/roverc/lib/libroverc__rosidl_typesupport_fastrtps_c.so" to ""
[7.192s] -- Up-to-date: /home/robotique/microros_ws/install/roverc/include/roverc/roverc
[7.193s] -- Up-to-date: /home/robotique/microros_ws/install/roverc/include/roverc/roverc/msg
[7.193s] -- Up-to-date: /home/robotique/microros_ws/install/roverc/include/roverc/roverc/msg/detail
[7.193s] -- Installing: /home/robotique/microros_ws/install/roverc/include/roverc/roverc/msg/detail/rgb__rosidl_typesupport_introspection_c.h
[7.193s] -- Installing: /home/robotique/microros_ws/install/roverc/include/roverc/roverc/msg/detail/wheel_speed__type_support.c
[7.194s] -- Installing: /home/robotique/microros_ws/install/roverc/include/roverc/roverc/msg/detail/rgb__type_support.c
[7.194s] -- Installing: /home/robotique/microros_ws/install/roverc/include/roverc/roverc/msg/detail/wheel_speed__rosidl_typesupport_introspection_c.h
[7.194s] -- Installing: /home/robotique/microros_ws/install/roverc/include/roverc/roverc/msg/rosidl_typesupport_introspection_c__visibility_control.h
[7.195s] -- Installing: /home/robotique/microros_ws/install/roverc/lib/libroverc__rosidl_typesupport_introspection_c.so
[7.195s] -- Set runtime path of "/home/robotique/microros_ws/install/roverc/lib/libroverc__rosidl_typesupport_introspection_c.so" to ""
[7.196s] -- Installing: /home/robotique/microros_ws/install/roverc/lib/libroverc__rosidl_typesupport_c.so
[7.197s] -- Set runtime path of "/home/robotique/microros_ws/install/roverc/lib/libroverc__rosidl_typesupport_c.so" to ""
[7.197s] -- Up-to-date: /home/robotique/microros_ws/install/roverc/include/roverc/roverc
[7.197s] -- Up-to-date: /home/robotique/microros_ws/install/roverc/include/roverc/roverc/msg
[7.198s] -- Up-to-date: /home/robotique/microros_ws/install/roverc/include/roverc/roverc/msg/detail
[7.198s] -- Installing: /home/robotique/microros_ws/install/roverc/include/roverc/roverc/msg/detail/wheel_speed__builder.hpp
[7.198s] -- Installing: /home/robotique/microros_ws/install/roverc/include/roverc/roverc/msg/detail/wheel_speed__struct.hpp
[7.199s] -- Installing: /home/robotique/microros_ws/install/roverc/include/roverc/roverc/msg/detail/rgb__traits.hpp
[7.199s] -- Installing: /home/robotique/microros_ws/install/roverc/include/roverc/roverc/msg/detail/rgb__struct.hpp
[7.199s] -- Installing: /home/robotique/microros_ws/install/roverc/include/roverc/roverc/msg/detail/rgb__builder.hpp
[7.200s] -- Installing: /home/robotique/microros_ws/install/roverc/include/roverc/roverc/msg/detail/wheel_speed__traits.hpp
[7.200s] -- Installing: /home/robotique/microros_ws/install/roverc/include/roverc/roverc/msg/rgb.hpp
[7.200s] -- Installing: /home/robotique/microros_ws/install/roverc/include/roverc/roverc/msg/wheel_speed.hpp
[7.200s] -- Up-to-date: /home/robotique/microros_ws/install/roverc/include/roverc/roverc
[7.201s] -- Up-to-date: /home/robotique/microros_ws/install/roverc/include/roverc/roverc/msg
[7.201s] -- Up-to-date: /home/robotique/microros_ws/install/roverc/include/roverc/roverc/msg/detail
[7.201s] -- Installing: /home/robotique/microros_ws/install/roverc/include/roverc/roverc/msg/detail/wheel_speed__rosidl_typesupport_fastrtps_cpp.hpp
[7.201s] -- Installing: /home/robotique/microros_ws/install/roverc/include/roverc/roverc/msg/detail/rgb__rosidl_typesupport_fastrtps_cpp.hpp
[7.202s] -- Installing: /home/robotique/microros_ws/install/roverc/include/roverc/roverc/msg/detail/dds_fastrtps
[7.202s] -- Installing: /home/robotique/microros_ws/install/roverc/include/roverc/roverc/msg/rosidl_typesupport_fastrtps_cpp__visibility_control.h
[7.202s] -- Installing: /home/robotique/microros_ws/install/roverc/lib/libroverc__rosidl_typesupport_fastrtps_cpp.so
[7.203s] -- Set runtime path of "/home/robotique/microros_ws/install/roverc/lib/libroverc__rosidl_typesupport_fastrtps_cpp.so" to ""
[7.203s] -- Up-to-date: /home/robotique/microros_ws/install/roverc/include/roverc/roverc
[7.203s] -- Up-to-date: /home/robotique/microros_ws/install/roverc/include/roverc/roverc/msg
[7.203s] -- Up-to-date: /home/robotique/microros_ws/install/roverc/include/roverc/roverc/msg/detail
[7.204s] -- Installing: /home/robotique/microros_ws/install/roverc/include/roverc/roverc/msg/detail/wheel_speed__type_support.cpp
[7.204s] -- Installing: /home/robotique/microros_ws/install/roverc/include/roverc/roverc/msg/detail/rgb__rosidl_typesupport_introspection_cpp.hpp
[7.204s] -- Installing: /home/robotique/microros_ws/install/roverc/include/roverc/roverc/msg/detail/wheel_speed__rosidl_typesupport_introspection_cpp.hpp
[7.204s] -- Installing: /home/robotique/microros_ws/install/roverc/include/roverc/roverc/msg/detail/rgb__type_support.cpp
[7.205s] -- Installing: /home/robotique/microros_ws/install/roverc/lib/libroverc__rosidl_typesupport_introspection_cpp.so
[7.206s] -- Set runtime path of "/home/robotique/microros_ws/install/roverc/lib/libroverc__rosidl_typesupport_introspection_cpp.so" to ""
[7.206s] -- Installing: /home/robotique/microros_ws/install/roverc/lib/libroverc__rosidl_typesupport_cpp.so
[7.206s] -- Set runtime path of "/home/robotique/microros_ws/install/roverc/lib/libroverc__rosidl_typesupport_cpp.so" to ""
[7.206s] -- Installing: /home/robotique/microros_ws/install/roverc/share/roverc/environment/pythonpath.sh
[7.207s] -- Installing: /home/robotique/microros_ws/install/roverc/share/roverc/environment/pythonpath.dsv
[7.207s] -- Installing: /home/robotique/microros_ws/install/roverc/local/lib/python3.10/dist-packages/roverc-0.0.0-py3.10.egg-info
[7.208s] -- Installing: /home/robotique/microros_ws/install/roverc/local/lib/python3.10/dist-packages/roverc-0.0.0-py3.10.egg-info/PKG-INFO
[7.208s] -- Installing: /home/robotique/microros_ws/install/roverc/local/lib/python3.10/dist-packages/roverc-0.0.0-py3.10.egg-info/SOURCES.txt
[7.208s] -- Installing: /home/robotique/microros_ws/install/roverc/local/lib/python3.10/dist-packages/roverc-0.0.0-py3.10.egg-info/dependency_links.txt
[7.208s] -- Installing: /home/robotique/microros_ws/install/roverc/local/lib/python3.10/dist-packages/roverc-0.0.0-py3.10.egg-info/top_level.txt
[7.209s] -- Installing: /home/robotique/microros_ws/install/roverc/local/lib/python3.10/dist-packages/roverc
[7.209s] -- Installing: /home/robotique/microros_ws/install/roverc/local/lib/python3.10/dist-packages/roverc/roverc_s__rosidl_typesupport_introspection_c.cpython-310-x86_64-linux-gnu.so
[7.209s] -- Installing: /home/robotique/microros_ws/install/roverc/local/lib/python3.10/dist-packages/roverc/_roverc_s.ep.rosidl_typesupport_fastrtps_c.c
[7.210s] -- Installing: /home/robotique/microros_ws/install/roverc/local/lib/python3.10/dist-packages/roverc/__init__.py
[7.210s] -- Installing: /home/robotique/microros_ws/install/roverc/local/lib/python3.10/dist-packages/roverc/msg
[7.210s] -- Installing: /home/robotique/microros_ws/install/roverc/local/lib/python3.10/dist-packages/roverc/msg/_rgb.py
[7.210s] -- Installing: /home/robotique/microros_ws/install/roverc/local/lib/python3.10/dist-packages/roverc/msg/_wheel_speed_s.c
[7.211s] -- Installing: /home/robotique/microros_ws/install/roverc/local/lib/python3.10/dist-packages/roverc/msg/__init__.py
[7.211s] -- Installing: /home/robotique/microros_ws/install/roverc/local/lib/python3.10/dist-packages/roverc/msg/_rgb_s.c
[7.211s] -- Installing: /home/robotique/microros_ws/install/roverc/local/lib/python3.10/dist-packages/roverc/msg/_wheel_speed.py
[7.212s] -- Installing: /home/robotique/microros_ws/install/roverc/local/lib/python3.10/dist-packages/roverc/_roverc_s.ep.rosidl_typesupport_c.c
[7.212s] -- Installing: /home/robotique/microros_ws/install/roverc/local/lib/python3.10/dist-packages/roverc/_roverc_s.ep.rosidl_typesupport_introspection_c.c
[7.212s] -- Installing: /home/robotique/microros_ws/install/roverc/local/lib/python3.10/dist-packages/roverc/roverc_s__rosidl_typesupport_fastrtps_c.cpython-310-x86_64-linux-gnu.so
[7.213s] -- Installing: /home/robotique/microros_ws/install/roverc/local/lib/python3.10/dist-packages/roverc/roverc_s__rosidl_typesupport_c.cpython-310-x86_64-linux-gnu.so
[7.213s] -- Installing: /home/robotique/microros_ws/install/roverc/local/lib/python3.10/dist-packages/roverc/libroverc__rosidl_generator_py.so
[7.252s] Listing '/home/robotique/microros_ws/install/roverc/local/lib/python3.10/dist-packages/roverc'...
[7.252s] Compiling '/home/robotique/microros_ws/install/roverc/local/lib/python3.10/dist-packages/roverc/__init__.py'...
[7.252s] Listing '/home/robotique/microros_ws/install/roverc/local/lib/python3.10/dist-packages/roverc/msg'...
[7.252s] Compiling '/home/robotique/microros_ws/install/roverc/local/lib/python3.10/dist-packages/roverc/msg/__init__.py'...
[7.252s] Compiling '/home/robotique/microros_ws/install/roverc/local/lib/python3.10/dist-packages/roverc/msg/_rgb.py'...
[7.252s] Compiling '/home/robotique/microros_ws/install/roverc/local/lib/python3.10/dist-packages/roverc/msg/_wheel_speed.py'...
[7.259s] -- Installing: /home/robotique/microros_ws/install/roverc/local/lib/python3.10/dist-packages/roverc/roverc_s__rosidl_typesupport_fastrtps_c.cpython-310-x86_64-linux-gnu.so
[7.259s] -- Set runtime path of "/home/robotique/microros_ws/install/roverc/local/lib/python3.10/dist-packages/roverc/roverc_s__rosidl_typesupport_fastrtps_c.cpython-310-x86_64-linux-gnu.so" to ""
[7.259s] -- Installing: /home/robotique/microros_ws/install/roverc/local/lib/python3.10/dist-packages/roverc/roverc_s__rosidl_typesupport_introspection_c.cpython-310-x86_64-linux-gnu.so
[7.259s] -- Set runtime path of "/home/robotique/microros_ws/install/roverc/local/lib/python3.10/dist-packages/roverc/roverc_s__rosidl_typesupport_introspection_c.cpython-310-x86_64-linux-gnu.so" to ""
[7.259s] -- Installing: /home/robotique/microros_ws/install/roverc/local/lib/python3.10/dist-packages/roverc/roverc_s__rosidl_typesupport_c.cpython-310-x86_64-linux-gnu.so
[7.260s] -- Set runtime path of "/home/robotique/microros_ws/install/roverc/local/lib/python3.10/dist-packages/roverc/roverc_s__rosidl_typesupport_c.cpython-310-x86_64-linux-gnu.so" to ""
[7.260s] -- Installing: /home/robotique/microros_ws/install/roverc/lib/libroverc__rosidl_generator_py.so
[7.260s] -- Set runtime path of "/home/robotique/microros_ws/install/roverc/lib/libroverc__rosidl_generator_py.so" to ""
[7.261s] -- Installing: /home/robotique/microros_ws/install/roverc/share/roverc/msg/RGB.idl
[7.261s] -- Installing: /home/robotique/microros_ws/install/roverc/share/roverc/msg/WheelSpeed.idl
[7.261s] -- Installing: /home/robotique/microros_ws/install/roverc/share/roverc/msg/RGB.msg
[7.261s] -- Installing: /home/robotique/microros_ws/install/roverc/share/roverc/msg/WheelSpeed.msg
[7.261s] -- Installing: /home/robotique/microros_ws/install/roverc/share/ament_index/resource_index/package_run_dependencies/roverc
[7.261s] -- Installing: /home/robotique/microros_ws/install/roverc/share/ament_index/resource_index/parent_prefix_path/roverc
[7.262s] -- Installing: /home/robotique/microros_ws/install/roverc/share/roverc/environment/ament_prefix_path.sh
[7.262s] -- Installing: /home/robotique/microros_ws/install/roverc/share/roverc/environment/ament_prefix_path.dsv
[7.262s] -- Installing: /home/robotique/microros_ws/install/roverc/share/roverc/environment/path.sh
[7.263s] -- Installing: /home/robotique/microros_ws/install/roverc/share/roverc/environment/path.dsv
[7.263s] -- Installing: /home/robotique/microros_ws/install/roverc/share/roverc/local_setup.bash
[7.263s] -- Installing: /home/robotique/microros_ws/install/roverc/share/roverc/local_setup.sh
[7.263s] -- Installing: /home/robotique/microros_ws/install/roverc/share/roverc/local_setup.zsh
[7.263s] -- Installing: /home/robotique/microros_ws/install/roverc/share/roverc/local_setup.dsv
[7.263s] -- Installing: /home/robotique/microros_ws/install/roverc/share/roverc/package.dsv
[7.263s] -- Installing: /home/robotique/microros_ws/install/roverc/share/ament_index/resource_index/packages/roverc
[7.264s] -- Installing: /home/robotique/microros_ws/install/roverc/share/roverc/cmake/export_roverc__rosidl_generator_cExport.cmake
[7.264s] -- Installing: /home/robotique/microros_ws/install/roverc/share/roverc/cmake/export_roverc__rosidl_generator_cExport-noconfig.cmake
[7.264s] -- Installing: /home/robotique/microros_ws/install/roverc/share/roverc/cmake/export_roverc__rosidl_typesupport_fastrtps_cExport.cmake
[7.264s] -- Installing: /home/robotique/microros_ws/install/roverc/share/roverc/cmake/export_roverc__rosidl_typesupport_fastrtps_cExport-noconfig.cmake
[7.264s] -- Installing: /home/robotique/microros_ws/install/roverc/share/roverc/cmake/roverc__rosidl_typesupport_introspection_cExport.cmake
[7.264s] -- Installing: /home/robotique/microros_ws/install/roverc/share/roverc/cmake/roverc__rosidl_typesupport_introspection_cExport-noconfig.cmake
[7.265s] -- Installing: /home/robotique/microros_ws/install/roverc/share/roverc/cmake/roverc__rosidl_typesupport_cExport.cmake
[7.265s] -- Installing: /home/robotique/microros_ws/install/roverc/share/roverc/cmake/roverc__rosidl_typesupport_cExport-noconfig.cmake
[7.266s] -- Installing: /home/robotique/microros_ws/install/roverc/share/roverc/cmake/export_roverc__rosidl_generator_cppExport.cmake
[7.266s] -- Installing: /home/robotique/microros_ws/install/roverc/share/roverc/cmake/export_roverc__rosidl_typesupport_fastrtps_cppExport.cmake
[7.266s] -- Installing: /home/robotique/microros_ws/install/roverc/share/roverc/cmake/export_roverc__rosidl_typesupport_fastrtps_cppExport-noconfig.cmake
[7.266s] -- Installing: /home/robotique/microros_ws/install/roverc/share/roverc/cmake/roverc__rosidl_typesupport_introspection_cppExport.cmake
[7.266s] -- Installing: /home/robotique/microros_ws/install/roverc/share/roverc/cmake/roverc__rosidl_typesupport_introspection_cppExport-noconfig.cmake
[7.267s] -- Installing: /home/robotique/microros_ws/install/roverc/share/roverc/cmake/roverc__rosidl_typesupport_cppExport.cmake
[7.267s] -- Installing: /home/robotique/microros_ws/install/roverc/share/roverc/cmake/roverc__rosidl_typesupport_cppExport-noconfig.cmake
[7.267s] -- Installing: /home/robotique/microros_ws/install/roverc/share/roverc/cmake/export_roverc__rosidl_generator_pyExport.cmake
[7.267s] -- Installing: /home/robotique/microros_ws/install/roverc/share/roverc/cmake/export_roverc__rosidl_generator_pyExport-noconfig.cmake
[7.267s] -- Installing: /home/robotique/microros_ws/install/roverc/share/roverc/cmake/rosidl_cmake-extras.cmake
[7.268s] -- Installing: /home/robotique/microros_ws/install/roverc/share/roverc/cmake/ament_cmake_export_include_directories-extras.cmake
[7.268s] -- Installing: /home/robotique/microros_ws/install/roverc/share/roverc/cmake/ament_cmake_export_libraries-extras.cmake
[7.268s] -- Installing: /home/robotique/microros_ws/install/roverc/share/roverc/cmake/ament_cmake_export_targets-extras.cmake
[7.268s] -- Installing: /home/robotique/microros_ws/install/roverc/share/roverc/cmake/rosidl_cmake_export_typesupport_targets-extras.cmake
[7.269s] -- Installing: /home/robotique/microros_ws/install/roverc/share/roverc/cmake/ament_cmake_export_dependencies-extras.cmake
[7.269s] -- Installing: /home/robotique/microros_ws/install/roverc/share/roverc/cmake/rosidl_cmake_export_typesupport_libraries-extras.cmake
[7.269s] -- Installing: /home/robotique/microros_ws/install/roverc/share/roverc/cmake/rovercConfig.cmake
[7.270s] -- Installing: /home/robotique/microros_ws/install/roverc/share/roverc/cmake/rovercConfig-version.cmake
[7.270s] -- Installing: /home/robotique/microros_ws/install/roverc/share/roverc/package.xml
[7.274s] Invoked command in '/home/robotique/microros_ws/build/roverc' returned '0': CMAKE_PREFIX_PATH=/opt/ros/humble /usr/bin/cmake --install /home/robotique/microros_ws/build/roverc
