[0.021s] Invoking command in '/home/robotique/microros_ws/build/robot': AMENT_PREFIX_PATH=/home/robotique/microros_ws/install/roverc:${AMENT_PREFIX_PATH} CMAKE_PREFIX_PATH=/home/robotique/microros_ws/install/roverc:/opt/ros/humble LD_LIBRARY_PATH=/home/robotique/microros_ws/install/roverc/lib:${LD_LIBRARY_PATH} PYTHONPATH=/home/robotique/microros_ws/install/roverc/local/lib/python3.10/dist-packages:${PYTHONPATH} /usr/bin/cmake --build /home/robotique/microros_ws/build/robot -- -j4 -l4
[0.076s] [35m[1mConsolidate compiler generated dependencies of target algo_node[0m
[0.102s] [100%] Built target algo_node
[0.113s] Invoked command in '/home/robotique/microros_ws/build/robot' returned '0': AMENT_PREFIX_PATH=/home/robotique/microros_ws/install/roverc:${AMENT_PREFIX_PATH} CMAKE_PREFIX_PATH=/home/robotique/microros_ws/install/roverc:/opt/ros/humble LD_LIBRARY_PATH=/home/robotique/microros_ws/install/roverc/lib:${LD_LIBRARY_PATH} PYTHONPATH=/home/robotique/microros_ws/install/roverc/local/lib/python3.10/dist-packages:${PYTHONPATH} /usr/bin/cmake --build /home/robotique/microros_ws/build/robot -- -j4 -l4
[0.162s] Invoking command in '/home/robotique/microros_ws/build/robot': AMENT_PREFIX_PATH=/home/robotique/microros_ws/install/roverc:${AMENT_PREFIX_PATH} CMAKE_PREFIX_PATH=/home/robotique/microros_ws/install/roverc:/opt/ros/humble LD_LIBRARY_PATH=/home/robotique/microros_ws/install/roverc/lib:${LD_LIBRARY_PATH} PYTHONPATH=/home/robotique/microros_ws/install/roverc/local/lib/python3.10/dist-packages:${PYTHONPATH} /usr/bin/cmake --install /home/robotique/microros_ws/build/robot
[0.169s] -- Install configuration: ""
[0.169s] -- Up-to-date: /home/robotique/microros_ws/install/robot/lib/robot/algo_node
[0.169s] -- Up-to-date: /home/robotique/microros_ws/install/robot/share/ament_index/resource_index/package_run_dependencies/robot
[0.170s] -- Up-to-date: /home/robotique/microros_ws/install/robot/share/ament_index/resource_index/parent_prefix_path/robot
[0.170s] -- Up-to-date: /home/robotique/microros_ws/install/robot/share/robot/environment/ament_prefix_path.sh
[0.170s] -- Up-to-date: /home/robotique/microros_ws/install/robot/share/robot/environment/ament_prefix_path.dsv
[0.170s] -- Up-to-date: /home/robotique/microros_ws/install/robot/share/robot/environment/path.sh
[0.171s] -- Up-to-date: /home/robotique/microros_ws/install/robot/share/robot/environment/path.dsv
[0.171s] -- Up-to-date: /home/robotique/microros_ws/install/robot/share/robot/local_setup.bash
[0.171s] -- Up-to-date: /home/robotique/microros_ws/install/robot/share/robot/local_setup.sh
[0.171s] -- Up-to-date: /home/robotique/microros_ws/install/robot/share/robot/local_setup.zsh
[0.171s] -- Up-to-date: /home/robotique/microros_ws/install/robot/share/robot/local_setup.dsv
[0.171s] -- Installing: /home/robotique/microros_ws/install/robot/share/robot/package.dsv
[0.171s] -- Up-to-date: /home/robotique/microros_ws/install/robot/share/ament_index/resource_index/packages/robot
[0.171s] -- Up-to-date: /home/robotique/microros_ws/install/robot/share/robot/cmake/robotConfig.cmake
[0.171s] -- Up-to-date: /home/robotique/microros_ws/install/robot/share/robot/cmake/robotConfig-version.cmake
[0.171s] -- Up-to-date: /home/robotique/microros_ws/install/robot/share/robot/package.xml
[0.175s] Invoked command in '/home/robotique/microros_ws/build/robot' returned '0': AMENT_PREFIX_PATH=/home/robotique/microros_ws/install/roverc:${AMENT_PREFIX_PATH} CMAKE_PREFIX_PATH=/home/robotique/microros_ws/install/roverc:/opt/ros/humble LD_LIBRARY_PATH=/home/robotique/microros_ws/install/roverc/lib:${LD_LIBRARY_PATH} PYTHONPATH=/home/robotique/microros_ws/install/roverc/local/lib/python3.10/dist-packages:${PYTHONPATH} /usr/bin/cmake --install /home/robotique/microros_ws/build/robot
