-- The C compiler identification is GNU 11.3.0
-- The CXX compiler identification is GNU 11.3.0
-- Detecting C compiler ABI info
-- Detecting C compiler ABI info - done
-- Check for working C compiler: /usr/bin/cc - skipped
-- Detecting C compile features
-- Detecting C compile features - done
-- Detecting CXX compiler ABI info
-- Detecting CXX compiler ABI info - done
-- Check for working CXX compiler: /usr/bin/c++ - skipped
-- Detecting CXX compile features
-- Detecting CXX compile features - done
-- Found ament_cmake: 1.3.3 (/opt/ros/humble/share/ament_cmake/cmake)
-- Found Python3: /usr/bin/python3.10 (found version "3.10.6") found components: Interpreter 
-- Found rcl: 5.3.2 (/opt/ros/humble/share/rcl/cmake)
-- Found rosidl_generator_c: 3.1.4 (/opt/ros/humble/share/rosidl_generator_c/cmake)
-- Found rosidl_adapter: 3.1.4 (/opt/ros/humble/share/rosidl_adapter/cmake)
-- Found rosidl_generator_cpp: 3.1.4 (/opt/ros/humble/share/rosidl_generator_cpp/cmake)
-- Using all available rosidl_typesupport_c: rosidl_typesupport_fastrtps_c;rosidl_typesupport_introspection_c
-- Using all available rosidl_typesupport_cpp: rosidl_typesupport_fastrtps_cpp;rosidl_typesupport_introspection_cpp
-- Found rmw_implementation_cmake: 6.1.1 (/opt/ros/humble/share/rmw_implementation_cmake/cmake)
-- Found rmw_fastrtps_cpp: 6.2.2 (/opt/ros/humble/share/rmw_fastrtps_cpp/cmake)
-- Found OpenSSL: /usr/lib/x86_64-linux-gnu/libcrypto.so (found version "3.0.2")  
-- Found FastRTPS: /opt/ros/humble/include  
-- Using RMW implementation 'rmw_fastrtps_cpp' as default
-- Looking for pthread.h
-- Looking for pthread.h - found
-- Performing Test CMAKE_HAVE_LIBC_PTHREAD
-- Performing Test CMAKE_HAVE_LIBC_PTHREAD - Success
-- Found Threads: TRUE  
-- Found rclc: 4.0.1 (/opt/ros/humble/share/rclc/cmake)
-- Found rclcpp: 16.0.2 (/opt/ros/humble/share/rclcpp/cmake)
-- Found geometry_msgs: 4.2.2 (/opt/ros/humble/share/geometry_msgs/cmake)
-- Found roverc: 0.0.0 (/home/robotique/microros_ws/install/roverc/share/roverc/cmake)
-- Configuring done
-- Generating done
-- Build files have been written to: /home/robotique/microros_ws/build/robot
[ 50%] [32mBuilding CXX object CMakeFiles/algo_node.dir/src/algo_node.cpp.o[0m
[100%] [32m[1mLinking CXX executable algo_node[0m
[100%] Built target algo_node
-- Install configuration: ""
-- Installing: /home/robotique/microros_ws/install/robot/lib/robot/algo_node
-- Set runtime path of "/home/robotique/microros_ws/install/robot/lib/robot/algo_node" to ""
-- Installing: /home/robotique/microros_ws/install/robot/share/ament_index/resource_index/package_run_dependencies/robot
-- Installing: /home/robotique/microros_ws/install/robot/share/ament_index/resource_index/parent_prefix_path/robot
-- Installing: /home/robotique/microros_ws/install/robot/share/robot/environment/ament_prefix_path.sh
-- Installing: /home/robotique/microros_ws/install/robot/share/robot/environment/ament_prefix_path.dsv
-- Installing: /home/robotique/microros_ws/install/robot/share/robot/environment/path.sh
-- Installing: /home/robotique/microros_ws/install/robot/share/robot/environment/path.dsv
-- Installing: /home/robotique/microros_ws/install/robot/share/robot/local_setup.bash
-- Installing: /home/robotique/microros_ws/install/robot/share/robot/local_setup.sh
-- Installing: /home/robotique/microros_ws/install/robot/share/robot/local_setup.zsh
-- Installing: /home/robotique/microros_ws/install/robot/share/robot/local_setup.dsv
-- Installing: /home/robotique/microros_ws/install/robot/share/robot/package.dsv
-- Installing: /home/robotique/microros_ws/install/robot/share/ament_index/resource_index/packages/robot
-- Installing: /home/robotique/microros_ws/install/robot/share/robot/cmake/robotConfig.cmake
-- Installing: /home/robotique/microros_ws/install/robot/share/robot/cmake/robotConfig-version.cmake
-- Installing: /home/robotique/microros_ws/install/robot/share/robot/package.xml
