[0.010s] Invoking command in '/home/robotique/microros_ws/build/robot': AMENT_PREFIX_PATH=/home/robotique/microros_ws/install/roverc:${AMENT_PREFIX_PATH} CMAKE_PREFIX_PATH=/home/robotique/microros_ws/install/roverc:/opt/ros/humble LD_LIBRARY_PATH=/home/robotique/microros_ws/install/roverc/lib:${LD_LIBRARY_PATH} PYTHONPATH=/home/robotique/microros_ws/install/roverc/local/lib/python3.10/dist-packages:${PYTHONPATH} /usr/bin/cmake /home/robotique/microros_ws/src/robot -DCMAKE_INSTALL_PREFIX=/home/robotique/microros_ws/install/robot
[0.116s] -- The C compiler identification is GNU 11.3.0
[0.189s] -- The CXX compiler identification is GNU 11.3.0
[0.196s] -- Detecting C compiler ABI info
[0.268s] -- Detecting C compiler ABI info - done
[0.273s] -- Check for working C compiler: /usr/bin/cc - skipped
[0.274s] -- Detecting C compile features
[0.274s] -- Detecting C compile features - done
[0.277s] -- Detecting CXX compiler ABI info
[0.372s] -- Detecting CXX compiler ABI info - done
[0.381s] -- Check for working CXX compiler: /usr/bin/c++ - skipped
[0.381s] -- Detecting CXX compile features
[0.381s] -- Detecting CXX compile features - done
[0.383s] -- Found ament_cmake: 1.3.3 (/opt/ros/humble/share/ament_cmake/cmake)
[0.550s] -- Found Python3: /usr/bin/python3.10 (found version "3.10.6") found components: Interpreter 
[0.641s] -- Found rcl: 5.3.2 (/opt/ros/humble/share/rcl/cmake)
[0.701s] -- Found rosidl_generator_c: 3.1.4 (/opt/ros/humble/share/rosidl_generator_c/cmake)
[0.705s] -- Found rosidl_adapter: 3.1.4 (/opt/ros/humble/share/rosidl_adapter/cmake)
[0.713s] -- Found rosidl_generator_cpp: 3.1.4 (/opt/ros/humble/share/rosidl_generator_cpp/cmake)
[0.729s] -- Using all available rosidl_typesupport_c: rosidl_typesupport_fastrtps_c;rosidl_typesupport_introspection_c
[0.746s] -- Using all available rosidl_typesupport_cpp: rosidl_typesupport_fastrtps_cpp;rosidl_typesupport_introspection_cpp
[0.863s] -- Found rmw_implementation_cmake: 6.1.1 (/opt/ros/humble/share/rmw_implementation_cmake/cmake)
[0.871s] -- Found rmw_fastrtps_cpp: 6.2.2 (/opt/ros/humble/share/rmw_fastrtps_cpp/cmake)
[1.037s] -- Found OpenSSL: /usr/lib/x86_64-linux-gnu/libcrypto.so (found version "3.0.2")  
[1.064s] -- Found FastRTPS: /opt/ros/humble/include  
[1.108s] -- Using RMW implementation 'rmw_fastrtps_cpp' as default
[1.132s] -- Looking for pthread.h
[1.202s] -- Looking for pthread.h - found
[1.202s] -- Performing Test CMAKE_HAVE_LIBC_PTHREAD
[1.273s] -- Performing Test CMAKE_HAVE_LIBC_PTHREAD - Success
[1.274s] -- Found Threads: TRUE  
[1.290s] -- Found rclc: 4.0.1 (/opt/ros/humble/share/rclc/cmake)
[1.477s] -- Found rclcpp: 16.0.2 (/opt/ros/humble/share/rclcpp/cmake)
[1.709s] -- Found geometry_msgs: 4.2.2 (/opt/ros/humble/share/geometry_msgs/cmake)
[1.769s] -- Found roverc: 0.0.0 (/home/robotique/microros_ws/install/roverc/share/roverc/cmake)
[1.852s] -- Configuring done
[1.861s] -- Generating done
[1.862s] -- Build files have been written to: /home/robotique/microros_ws/build/robot
[1.872s] Invoked command in '/home/robotique/microros_ws/build/robot' returned '0': AMENT_PREFIX_PATH=/home/robotique/microros_ws/install/roverc:${AMENT_PREFIX_PATH} CMAKE_PREFIX_PATH=/home/robotique/microros_ws/install/roverc:/opt/ros/humble LD_LIBRARY_PATH=/home/robotique/microros_ws/install/roverc/lib:${LD_LIBRARY_PATH} PYTHONPATH=/home/robotique/microros_ws/install/roverc/local/lib/python3.10/dist-packages:${PYTHONPATH} /usr/bin/cmake /home/robotique/microros_ws/src/robot -DCMAKE_INSTALL_PREFIX=/home/robotique/microros_ws/install/robot
[1.875s] Invoking command in '/home/robotique/microros_ws/build/robot': AMENT_PREFIX_PATH=/home/robotique/microros_ws/install/roverc:${AMENT_PREFIX_PATH} CMAKE_PREFIX_PATH=/home/robotique/microros_ws/install/roverc:/opt/ros/humble LD_LIBRARY_PATH=/home/robotique/microros_ws/install/roverc/lib:${LD_LIBRARY_PATH} PYTHONPATH=/home/robotique/microros_ws/install/roverc/local/lib/python3.10/dist-packages:${PYTHONPATH} /usr/bin/cmake --build /home/robotique/microros_ws/build/robot -- -j4 -l4
[1.933s] [ 50%] [32mBuilding CXX object CMakeFiles/algo_node.dir/src/algo_node.cpp.o[0m
[14.550s] [100%] [32m[1mLinking CXX executable algo_node[0m
[15.612s] [100%] Built target algo_node
[15.655s] Invoked command in '/home/robotique/microros_ws/build/robot' returned '0': AMENT_PREFIX_PATH=/home/robotique/microros_ws/install/roverc:${AMENT_PREFIX_PATH} CMAKE_PREFIX_PATH=/home/robotique/microros_ws/install/roverc:/opt/ros/humble LD_LIBRARY_PATH=/home/robotique/microros_ws/install/roverc/lib:${LD_LIBRARY_PATH} PYTHONPATH=/home/robotique/microros_ws/install/roverc/local/lib/python3.10/dist-packages:${PYTHONPATH} /usr/bin/cmake --build /home/robotique/microros_ws/build/robot -- -j4 -l4
[16.651s] Invoking command in '/home/robotique/microros_ws/build/robot': AMENT_PREFIX_PATH=/home/robotique/microros_ws/install/roverc:${AMENT_PREFIX_PATH} CMAKE_PREFIX_PATH=/home/robotique/microros_ws/install/roverc:/opt/ros/humble LD_LIBRARY_PATH=/home/robotique/microros_ws/install/roverc/lib:${LD_LIBRARY_PATH} PYTHONPATH=/home/robotique/microros_ws/install/roverc/local/lib/python3.10/dist-packages:${PYTHONPATH} /usr/bin/cmake --install /home/robotique/microros_ws/build/robot
[16.666s] -- Install configuration: ""
[16.669s] -- Installing: /home/robotique/microros_ws/install/robot/lib/robot/algo_node
[16.672s] -- Set runtime path of "/home/robotique/microros_ws/install/robot/lib/robot/algo_node" to ""
[16.673s] -- Installing: /home/robotique/microros_ws/install/robot/share/ament_index/resource_index/package_run_dependencies/robot
[16.674s] -- Installing: /home/robotique/microros_ws/install/robot/share/ament_index/resource_index/parent_prefix_path/robot
[16.677s] -- Installing: /home/robotique/microros_ws/install/robot/share/robot/environment/ament_prefix_path.sh
[16.677s] -- Installing: /home/robotique/microros_ws/install/robot/share/robot/environment/ament_prefix_path.dsv
[16.678s] -- Installing: /home/robotique/microros_ws/install/robot/share/robot/environment/path.sh
[16.678s] -- Installing: /home/robotique/microros_ws/install/robot/share/robot/environment/path.dsv
[16.679s] -- Installing: /home/robotique/microros_ws/install/robot/share/robot/local_setup.bash
[16.679s] -- Installing: /home/robotique/microros_ws/install/robot/share/robot/local_setup.sh
[16.680s] -- Installing: /home/robotique/microros_ws/install/robot/share/robot/local_setup.zsh
[16.681s] -- Installing: /home/robotique/microros_ws/install/robot/share/robot/local_setup.dsv
[16.682s] -- Installing: /home/robotique/microros_ws/install/robot/share/robot/package.dsv
[16.682s] -- Installing: /home/robotique/microros_ws/install/robot/share/ament_index/resource_index/packages/robot
[16.683s] -- Installing: /home/robotique/microros_ws/install/robot/share/robot/cmake/robotConfig.cmake
[16.684s] -- Installing: /home/robotique/microros_ws/install/robot/share/robot/cmake/robotConfig-version.cmake
[16.685s] -- Installing: /home/robotique/microros_ws/install/robot/share/robot/package.xml
[16.690s] Invoked command in '/home/robotique/microros_ws/build/robot' returned '0': AMENT_PREFIX_PATH=/home/robotique/microros_ws/install/roverc:${AMENT_PREFIX_PATH} CMAKE_PREFIX_PATH=/home/robotique/microros_ws/install/roverc:/opt/ros/humble LD_LIBRARY_PATH=/home/robotique/microros_ws/install/roverc/lib:${LD_LIBRARY_PATH} PYTHONPATH=/home/robotique/microros_ws/install/roverc/local/lib/python3.10/dist-packages:${PYTHONPATH} /usr/bin/cmake --install /home/robotique/microros_ws/build/robot
