[0.419s] DEBUG:colcon:Command line arguments: ['/usr/bin/colcon', 'build']
[0.420s] DEBUG:colcon:Parsed command line arguments: Namespace(log_base=None, log_level=None, verb_name='build', build_base='build', install_base='install', merge_install=False, symlink_install=False, test_result_base=None, continue_on_error=False, executor='parallel', parallel_workers=4, event_handlers=None, ignore_user_meta=False, metas=['./colcon.meta'], base_paths=['.'], packages_ignore=None, packages_ignore_regex=None, paths=None, packages_up_to=None, packages_up_to_regex=None, packages_above=None, packages_above_and_dependencies=None, packages_above_depth=None, packages_select_by_dep=None, packages_skip_by_dep=None, packages_skip_up_to=None, packages_select_build_failed=False, packages_skip_build_finished=False, packages_select_test_failures=False, packages_skip_test_passed=False, packages_select=None, packages_skip=None, packages_select_regex=None, packages_skip_regex=None, packages_start=None, packages_end=None, allow_overriding=[], cmake_args=None, cmake_target=None, cmake_target_skip_unavailable=False, cmake_clean_cache=False, cmake_clean_first=False, cmake_force_configure=False, ament_cmake_args=None, catkin_cmake_args=None, catkin_skip_building_tests=False, verb_parser=<colcon_defaults.argument_parser.defaults.DefaultArgumentsDecorator object at 0x7f55c8c9f400>, verb_extension=<colcon_core.verb.build.BuildVerb object at 0x7f55c964f1f0>, main=<bound method BuildVerb.main of <colcon_core.verb.build.BuildVerb object at 0x7f55c964f1f0>>)
[0.448s] Level 1:colcon.colcon_core.package_discovery:discover_packages(colcon_meta) check parameters
[0.448s] Level 1:colcon.colcon_core.package_discovery:discover_packages(recursive) check parameters
[0.448s] Level 1:colcon.colcon_core.package_discovery:discover_packages(ignore) check parameters
[0.448s] Level 1:colcon.colcon_core.package_discovery:discover_packages(path) check parameters
[0.448s] Level 1:colcon.colcon_core.package_discovery:discover_packages(colcon_meta) discover
[0.448s] Level 1:colcon.colcon_core.package_discovery:discover_packages(recursive) discover
[0.448s] INFO:colcon.colcon_core.package_discovery:Crawling recursively for packages in '/home/robotique/microros_ws'
[0.448s] Level 1:colcon.colcon_core.package_identification:_identify(.) by extensions ['ignore', 'ignore_ament_install']
[0.448s] Level 1:colcon.colcon_core.package_identification:_identify(.) by extension 'ignore'
[0.448s] Level 1:colcon.colcon_core.package_identification:_identify(.) by extension 'ignore_ament_install'
[0.449s] Level 1:colcon.colcon_core.package_identification:_identify(.) by extensions ['colcon_pkg']
[0.449s] Level 1:colcon.colcon_core.package_identification:_identify(.) by extension 'colcon_pkg'
[0.449s] Level 1:colcon.colcon_core.package_identification:_identify(.) by extensions ['colcon_meta']
[0.449s] Level 1:colcon.colcon_core.package_identification:_identify(.) by extension 'colcon_meta'
[0.449s] Level 1:colcon.colcon_core.package_identification:_identify(.) by extensions ['ros']
[0.449s] Level 1:colcon.colcon_core.package_identification:_identify(.) by extension 'ros'
[0.466s] Level 1:colcon.colcon_core.package_identification:_identify(.) by extensions ['cmake', 'python']
[0.466s] Level 1:colcon.colcon_core.package_identification:_identify(.) by extension 'cmake'
[0.466s] Level 1:colcon.colcon_core.package_identification:_identify(.) by extension 'python'
[0.467s] Level 1:colcon.colcon_core.package_identification:_identify(.) by extensions ['python_setup_py']
[0.467s] Level 1:colcon.colcon_core.package_identification:_identify(.) by extension 'python_setup_py'
[0.467s] Level 1:colcon.colcon_core.package_identification:_identify(build) by extensions ['ignore', 'ignore_ament_install']
[0.467s] Level 1:colcon.colcon_core.package_identification:_identify(build) by extension 'ignore'
[0.467s] Level 1:colcon.colcon_core.package_identification:_identify(build) ignored
[0.467s] Level 1:colcon.colcon_core.package_identification:_identify(install) by extensions ['ignore', 'ignore_ament_install']
[0.467s] Level 1:colcon.colcon_core.package_identification:_identify(install) by extension 'ignore'
[0.467s] Level 1:colcon.colcon_core.package_identification:_identify(install) ignored
[0.468s] Level 1:colcon.colcon_core.package_identification:_identify(log) by extensions ['ignore', 'ignore_ament_install']
[0.468s] Level 1:colcon.colcon_core.package_identification:_identify(log) by extension 'ignore'
[0.468s] Level 1:colcon.colcon_core.package_identification:_identify(log) ignored
[0.468s] Level 1:colcon.colcon_core.package_identification:_identify(src) by extensions ['ignore', 'ignore_ament_install']
[0.468s] Level 1:colcon.colcon_core.package_identification:_identify(src) by extension 'ignore'
[0.468s] Level 1:colcon.colcon_core.package_identification:_identify(src) by extension 'ignore_ament_install'
[0.468s] Level 1:colcon.colcon_core.package_identification:_identify(src) by extensions ['colcon_pkg']
[0.468s] Level 1:colcon.colcon_core.package_identification:_identify(src) by extension 'colcon_pkg'
[0.468s] Level 1:colcon.colcon_core.package_identification:_identify(src) by extensions ['colcon_meta']
[0.468s] Level 1:colcon.colcon_core.package_identification:_identify(src) by extension 'colcon_meta'
[0.468s] Level 1:colcon.colcon_core.package_identification:_identify(src) by extensions ['ros']
[0.468s] Level 1:colcon.colcon_core.package_identification:_identify(src) by extension 'ros'
[0.468s] Level 1:colcon.colcon_core.package_identification:_identify(src) by extensions ['cmake', 'python']
[0.469s] Level 1:colcon.colcon_core.package_identification:_identify(src) by extension 'cmake'
[0.469s] Level 1:colcon.colcon_core.package_identification:_identify(src) by extension 'python'
[0.469s] Level 1:colcon.colcon_core.package_identification:_identify(src) by extensions ['python_setup_py']
[0.469s] Level 1:colcon.colcon_core.package_identification:_identify(src) by extension 'python_setup_py'
[0.469s] Level 1:colcon.colcon_core.package_identification:_identify(src/micro_ros_setup) by extensions ['ignore', 'ignore_ament_install']
[0.469s] Level 1:colcon.colcon_core.package_identification:_identify(src/micro_ros_setup) by extension 'ignore'
[0.469s] Level 1:colcon.colcon_core.package_identification:_identify(src/micro_ros_setup) by extension 'ignore_ament_install'
[0.469s] Level 1:colcon.colcon_core.package_identification:_identify(src/micro_ros_setup) by extensions ['colcon_pkg']
[0.469s] Level 1:colcon.colcon_core.package_identification:_identify(src/micro_ros_setup) by extension 'colcon_pkg'
[0.469s] Level 1:colcon.colcon_core.package_identification:_identify(src/micro_ros_setup) by extensions ['colcon_meta']
[0.469s] Level 1:colcon.colcon_core.package_identification:_identify(src/micro_ros_setup) by extension 'colcon_meta'
[0.469s] Level 1:colcon.colcon_core.package_identification:_identify(src/micro_ros_setup) by extensions ['ros']
[0.470s] Level 1:colcon.colcon_core.package_identification:_identify(src/micro_ros_setup) by extension 'ros'
[0.472s] DEBUG:colcon.colcon_core.package_identification:Package 'src/micro_ros_setup' with type 'ros.ament_cmake' and name 'micro_ros_setup'
[0.472s] Level 1:colcon.colcon_core.package_identification:_identify(src/robot) by extensions ['ignore', 'ignore_ament_install']
[0.472s] Level 1:colcon.colcon_core.package_identification:_identify(src/robot) by extension 'ignore'
[0.472s] Level 1:colcon.colcon_core.package_identification:_identify(src/robot) by extension 'ignore_ament_install'
[0.473s] Level 1:colcon.colcon_core.package_identification:_identify(src/robot) by extensions ['colcon_pkg']
[0.473s] Level 1:colcon.colcon_core.package_identification:_identify(src/robot) by extension 'colcon_pkg'
[0.473s] Level 1:colcon.colcon_core.package_identification:_identify(src/robot) by extensions ['colcon_meta']
[0.473s] Level 1:colcon.colcon_core.package_identification:_identify(src/robot) by extension 'colcon_meta'
[0.473s] Level 1:colcon.colcon_core.package_identification:_identify(src/robot) by extensions ['ros']
[0.473s] Level 1:colcon.colcon_core.package_identification:_identify(src/robot) by extension 'ros'
[0.474s] DEBUG:colcon.colcon_core.package_identification:Package 'src/robot' with type 'ros.ament_cmake' and name 'robot'
[0.474s] Level 1:colcon.colcon_core.package_identification:_identify(src/roverc) by extensions ['ignore', 'ignore_ament_install']
[0.474s] Level 1:colcon.colcon_core.package_identification:_identify(src/roverc) by extension 'ignore'
[0.474s] Level 1:colcon.colcon_core.package_identification:_identify(src/roverc) by extension 'ignore_ament_install'
[0.474s] Level 1:colcon.colcon_core.package_identification:_identify(src/roverc) by extensions ['colcon_pkg']
[0.475s] Level 1:colcon.colcon_core.package_identification:_identify(src/roverc) by extension 'colcon_pkg'
[0.475s] Level 1:colcon.colcon_core.package_identification:_identify(src/roverc) by extensions ['colcon_meta']
[0.475s] Level 1:colcon.colcon_core.package_identification:_identify(src/roverc) by extension 'colcon_meta'
[0.475s] Level 1:colcon.colcon_core.package_identification:_identify(src/roverc) by extensions ['ros']
[0.475s] Level 1:colcon.colcon_core.package_identification:_identify(src/roverc) by extension 'ros'
[0.475s] DEBUG:colcon.colcon_core.package_identification:Package 'src/roverc' with type 'ros.ament_cmake' and name 'roverc'
[0.475s] Level 1:colcon.colcon_core.package_identification:_identify(src/uros) by extensions ['ignore', 'ignore_ament_install']
[0.475s] Level 1:colcon.colcon_core.package_identification:_identify(src/uros) by extension 'ignore'
[0.476s] Level 1:colcon.colcon_core.package_identification:_identify(src/uros) by extension 'ignore_ament_install'
[0.476s] Level 1:colcon.colcon_core.package_identification:_identify(src/uros) by extensions ['colcon_pkg']
[0.476s] Level 1:colcon.colcon_core.package_identification:_identify(src/uros) by extension 'colcon_pkg'
[0.476s] Level 1:colcon.colcon_core.package_identification:_identify(src/uros) by extensions ['colcon_meta']
[0.476s] Level 1:colcon.colcon_core.package_identification:_identify(src/uros) by extension 'colcon_meta'
[0.476s] Level 1:colcon.colcon_core.package_identification:_identify(src/uros) by extensions ['ros']
[0.476s] Level 1:colcon.colcon_core.package_identification:_identify(src/uros) by extension 'ros'
[0.476s] Level 1:colcon.colcon_core.package_identification:_identify(src/uros) by extensions ['cmake', 'python']
[0.476s] Level 1:colcon.colcon_core.package_identification:_identify(src/uros) by extension 'cmake'
[0.476s] Level 1:colcon.colcon_core.package_identification:_identify(src/uros) by extension 'python'
[0.476s] Level 1:colcon.colcon_core.package_identification:_identify(src/uros) by extensions ['python_setup_py']
[0.476s] Level 1:colcon.colcon_core.package_identification:_identify(src/uros) by extension 'python_setup_py'
[0.476s] Level 1:colcon.colcon_core.package_identification:_identify(src/uros/micro-ROS-Agent) by extensions ['ignore', 'ignore_ament_install']
[0.476s] Level 1:colcon.colcon_core.package_identification:_identify(src/uros/micro-ROS-Agent) by extension 'ignore'
[0.477s] Level 1:colcon.colcon_core.package_identification:_identify(src/uros/micro-ROS-Agent) by extension 'ignore_ament_install'
[0.477s] Level 1:colcon.colcon_core.package_identification:_identify(src/uros/micro-ROS-Agent) by extensions ['colcon_pkg']
[0.477s] Level 1:colcon.colcon_core.package_identification:_identify(src/uros/micro-ROS-Agent) by extension 'colcon_pkg'
[0.477s] Level 1:colcon.colcon_core.package_identification:_identify(src/uros/micro-ROS-Agent) by extensions ['colcon_meta']
[0.477s] Level 1:colcon.colcon_core.package_identification:_identify(src/uros/micro-ROS-Agent) by extension 'colcon_meta'
[0.477s] Level 1:colcon.colcon_core.package_identification:_identify(src/uros/micro-ROS-Agent) by extensions ['ros']
[0.477s] Level 1:colcon.colcon_core.package_identification:_identify(src/uros/micro-ROS-Agent) by extension 'ros'
[0.477s] Level 1:colcon.colcon_core.package_identification:_identify(src/uros/micro-ROS-Agent) by extensions ['cmake', 'python']
[0.477s] Level 1:colcon.colcon_core.package_identification:_identify(src/uros/micro-ROS-Agent) by extension 'cmake'
[0.477s] Level 1:colcon.colcon_core.package_identification:_identify(src/uros/micro-ROS-Agent) by extension 'python'
[0.477s] Level 1:colcon.colcon_core.package_identification:_identify(src/uros/micro-ROS-Agent) by extensions ['python_setup_py']
[0.477s] Level 1:colcon.colcon_core.package_identification:_identify(src/uros/micro-ROS-Agent) by extension 'python_setup_py'
[0.477s] Level 1:colcon.colcon_core.package_identification:_identify(src/uros/micro-ROS-Agent/micro_ros_agent) by extensions ['ignore', 'ignore_ament_install']
[0.478s] Level 1:colcon.colcon_core.package_identification:_identify(src/uros/micro-ROS-Agent/micro_ros_agent) by extension 'ignore'
[0.478s] Level 1:colcon.colcon_core.package_identification:_identify(src/uros/micro-ROS-Agent/micro_ros_agent) by extension 'ignore_ament_install'
[0.478s] Level 1:colcon.colcon_core.package_identification:_identify(src/uros/micro-ROS-Agent/micro_ros_agent) by extensions ['colcon_pkg']
[0.478s] Level 1:colcon.colcon_core.package_identification:_identify(src/uros/micro-ROS-Agent/micro_ros_agent) by extension 'colcon_pkg'
[0.478s] Level 1:colcon.colcon_core.package_identification:_identify(src/uros/micro-ROS-Agent/micro_ros_agent) by extensions ['colcon_meta']
[0.478s] Level 1:colcon.colcon_core.package_identification:_identify(src/uros/micro-ROS-Agent/micro_ros_agent) by extension 'colcon_meta'
[0.478s] Level 1:colcon.colcon_core.package_identification:_identify(src/uros/micro-ROS-Agent/micro_ros_agent) by extensions ['ros']
[0.478s] Level 1:colcon.colcon_core.package_identification:_identify(src/uros/micro-ROS-Agent/micro_ros_agent) by extension 'ros'
[0.479s] DEBUG:colcon.colcon_core.package_identification:Package 'src/uros/micro-ROS-Agent/micro_ros_agent' with type 'ros.ament_cmake' and name 'micro_ros_agent'
[0.479s] Level 1:colcon.colcon_core.package_identification:_identify(src/uros/micro-ROS-Agent/snap) by extensions ['ignore', 'ignore_ament_install']
[0.479s] Level 1:colcon.colcon_core.package_identification:_identify(src/uros/micro-ROS-Agent/snap) by extension 'ignore'
[0.479s] Level 1:colcon.colcon_core.package_identification:_identify(src/uros/micro-ROS-Agent/snap) by extension 'ignore_ament_install'
[0.480s] Level 1:colcon.colcon_core.package_identification:_identify(src/uros/micro-ROS-Agent/snap) by extensions ['colcon_pkg']
[0.480s] Level 1:colcon.colcon_core.package_identification:_identify(src/uros/micro-ROS-Agent/snap) by extension 'colcon_pkg'
[0.480s] Level 1:colcon.colcon_core.package_identification:_identify(src/uros/micro-ROS-Agent/snap) by extensions ['colcon_meta']
[0.480s] Level 1:colcon.colcon_core.package_identification:_identify(src/uros/micro-ROS-Agent/snap) by extension 'colcon_meta'
[0.480s] Level 1:colcon.colcon_core.package_identification:_identify(src/uros/micro-ROS-Agent/snap) by extensions ['ros']
[0.480s] Level 1:colcon.colcon_core.package_identification:_identify(src/uros/micro-ROS-Agent/snap) by extension 'ros'
[0.480s] Level 1:colcon.colcon_core.package_identification:_identify(src/uros/micro-ROS-Agent/snap) by extensions ['cmake', 'python']
[0.480s] Level 1:colcon.colcon_core.package_identification:_identify(src/uros/micro-ROS-Agent/snap) by extension 'cmake'
[0.480s] Level 1:colcon.colcon_core.package_identification:_identify(src/uros/micro-ROS-Agent/snap) by extension 'python'
[0.480s] Level 1:colcon.colcon_core.package_identification:_identify(src/uros/micro-ROS-Agent/snap) by extensions ['python_setup_py']
[0.480s] Level 1:colcon.colcon_core.package_identification:_identify(src/uros/micro-ROS-Agent/snap) by extension 'python_setup_py'
[0.480s] Level 1:colcon.colcon_core.package_identification:_identify(src/uros/micro-ROS-Agent/snap/hooks) by extensions ['ignore', 'ignore_ament_install']
[0.481s] Level 1:colcon.colcon_core.package_identification:_identify(src/uros/micro-ROS-Agent/snap/hooks) by extension 'ignore'
[0.481s] Level 1:colcon.colcon_core.package_identification:_identify(src/uros/micro-ROS-Agent/snap/hooks) by extension 'ignore_ament_install'
[0.481s] Level 1:colcon.colcon_core.package_identification:_identify(src/uros/micro-ROS-Agent/snap/hooks) by extensions ['colcon_pkg']
[0.481s] Level 1:colcon.colcon_core.package_identification:_identify(src/uros/micro-ROS-Agent/snap/hooks) by extension 'colcon_pkg'
[0.481s] Level 1:colcon.colcon_core.package_identification:_identify(src/uros/micro-ROS-Agent/snap/hooks) by extensions ['colcon_meta']
[0.481s] Level 1:colcon.colcon_core.package_identification:_identify(src/uros/micro-ROS-Agent/snap/hooks) by extension 'colcon_meta'
[0.481s] Level 1:colcon.colcon_core.package_identification:_identify(src/uros/micro-ROS-Agent/snap/hooks) by extensions ['ros']
[0.481s] Level 1:colcon.colcon_core.package_identification:_identify(src/uros/micro-ROS-Agent/snap/hooks) by extension 'ros'
[0.481s] Level 1:colcon.colcon_core.package_identification:_identify(src/uros/micro-ROS-Agent/snap/hooks) by extensions ['cmake', 'python']
[0.481s] Level 1:colcon.colcon_core.package_identification:_identify(src/uros/micro-ROS-Agent/snap/hooks) by extension 'cmake'
[0.481s] Level 1:colcon.colcon_core.package_identification:_identify(src/uros/micro-ROS-Agent/snap/hooks) by extension 'python'
[0.481s] Level 1:colcon.colcon_core.package_identification:_identify(src/uros/micro-ROS-Agent/snap/hooks) by extensions ['python_setup_py']
[0.481s] Level 1:colcon.colcon_core.package_identification:_identify(src/uros/micro-ROS-Agent/snap/hooks) by extension 'python_setup_py'
[0.482s] Level 1:colcon.colcon_core.package_identification:_identify(src/uros/micro-ROS-Agent/snap/local) by extensions ['ignore', 'ignore_ament_install']
[0.482s] Level 1:colcon.colcon_core.package_identification:_identify(src/uros/micro-ROS-Agent/snap/local) by extension 'ignore'
[0.482s] Level 1:colcon.colcon_core.package_identification:_identify(src/uros/micro-ROS-Agent/snap/local) by extension 'ignore_ament_install'
[0.482s] Level 1:colcon.colcon_core.package_identification:_identify(src/uros/micro-ROS-Agent/snap/local) by extensions ['colcon_pkg']
[0.482s] Level 1:colcon.colcon_core.package_identification:_identify(src/uros/micro-ROS-Agent/snap/local) by extension 'colcon_pkg'
[0.482s] Level 1:colcon.colcon_core.package_identification:_identify(src/uros/micro-ROS-Agent/snap/local) by extensions ['colcon_meta']
[0.482s] Level 1:colcon.colcon_core.package_identification:_identify(src/uros/micro-ROS-Agent/snap/local) by extension 'colcon_meta'
[0.482s] Level 1:colcon.colcon_core.package_identification:_identify(src/uros/micro-ROS-Agent/snap/local) by extensions ['ros']
[0.482s] Level 1:colcon.colcon_core.package_identification:_identify(src/uros/micro-ROS-Agent/snap/local) by extension 'ros'
[0.483s] Level 1:colcon.colcon_core.package_identification:_identify(src/uros/micro-ROS-Agent/snap/local) by extensions ['cmake', 'python']
[0.483s] Level 1:colcon.colcon_core.package_identification:_identify(src/uros/micro-ROS-Agent/snap/local) by extension 'cmake'
[0.483s] Level 1:colcon.colcon_core.package_identification:_identify(src/uros/micro-ROS-Agent/snap/local) by extension 'python'
[0.483s] Level 1:colcon.colcon_core.package_identification:_identify(src/uros/micro-ROS-Agent/snap/local) by extensions ['python_setup_py']
[0.483s] Level 1:colcon.colcon_core.package_identification:_identify(src/uros/micro-ROS-Agent/snap/local) by extension 'python_setup_py'
[0.483s] Level 1:colcon.colcon_core.package_identification:_identify(src/uros/micro_ros_msgs) by extensions ['ignore', 'ignore_ament_install']
[0.483s] Level 1:colcon.colcon_core.package_identification:_identify(src/uros/micro_ros_msgs) by extension 'ignore'
[0.483s] Level 1:colcon.colcon_core.package_identification:_identify(src/uros/micro_ros_msgs) by extension 'ignore_ament_install'
[0.483s] Level 1:colcon.colcon_core.package_identification:_identify(src/uros/micro_ros_msgs) by extensions ['colcon_pkg']
[0.483s] Level 1:colcon.colcon_core.package_identification:_identify(src/uros/micro_ros_msgs) by extension 'colcon_pkg'
[0.483s] Level 1:colcon.colcon_core.package_identification:_identify(src/uros/micro_ros_msgs) by extensions ['colcon_meta']
[0.483s] Level 1:colcon.colcon_core.package_identification:_identify(src/uros/micro_ros_msgs) by extension 'colcon_meta'
[0.483s] Level 1:colcon.colcon_core.package_identification:_identify(src/uros/micro_ros_msgs) by extensions ['ros']
[0.484s] Level 1:colcon.colcon_core.package_identification:_identify(src/uros/micro_ros_msgs) by extension 'ros'
[0.484s] DEBUG:colcon.colcon_core.package_identification:Package 'src/uros/micro_ros_msgs' with type 'ros.ament_cmake' and name 'micro_ros_msgs'
[0.484s] Level 1:colcon.colcon_core.package_discovery:discover_packages(recursive) using defaults
[0.484s] Level 1:colcon.colcon_core.package_discovery:discover_packages(ignore) discover
[0.484s] Level 1:colcon.colcon_core.package_discovery:discover_packages(ignore) using defaults
[0.484s] Level 1:colcon.colcon_core.package_discovery:discover_packages(path) discover
[0.484s] Level 1:colcon.colcon_core.package_discovery:discover_packages(path) using defaults
[0.521s] Level 1:colcon.colcon_core.package_discovery:discover_packages(prefix_path) check parameters
[0.521s] Level 1:colcon.colcon_core.package_discovery:discover_packages(prefix_path) discover
[0.526s] DEBUG:colcon.colcon_installed_package_information.package_discovery:Found 5 installed packages in /home/robotique/microros_ws/install
[0.528s] DEBUG:colcon.colcon_installed_package_information.package_discovery:Found 293 installed packages in /opt/ros/humble
[0.529s] Level 1:colcon.colcon_core.package_discovery:discover_packages(prefix_path) using defaults
[0.599s] Level 5:colcon.colcon_core.verb:set package 'micro_ros_msgs' build argument 'cmake_args' from command line to 'None'
[0.599s] Level 5:colcon.colcon_core.verb:set package 'micro_ros_msgs' build argument 'cmake_target' from command line to 'None'
[0.599s] Level 5:colcon.colcon_core.verb:set package 'micro_ros_msgs' build argument 'cmake_target_skip_unavailable' from command line to 'False'
[0.599s] Level 5:colcon.colcon_core.verb:set package 'micro_ros_msgs' build argument 'cmake_clean_cache' from command line to 'False'
[0.599s] Level 5:colcon.colcon_core.verb:set package 'micro_ros_msgs' build argument 'cmake_clean_first' from command line to 'False'
[0.599s] Level 5:colcon.colcon_core.verb:set package 'micro_ros_msgs' build argument 'cmake_force_configure' from command line to 'False'
[0.600s] Level 5:colcon.colcon_core.verb:set package 'micro_ros_msgs' build argument 'ament_cmake_args' from command line to 'None'
[0.600s] Level 5:colcon.colcon_core.verb:set package 'micro_ros_msgs' build argument 'catkin_cmake_args' from command line to 'None'
[0.600s] Level 5:colcon.colcon_core.verb:set package 'micro_ros_msgs' build argument 'catkin_skip_building_tests' from command line to 'False'
[0.600s] DEBUG:colcon.colcon_core.verb:Building package 'micro_ros_msgs' with the following arguments: {'ament_cmake_args': None, 'build_base': '/home/robotique/microros_ws/build/micro_ros_msgs', 'catkin_cmake_args': None, 'catkin_skip_building_tests': False, 'cmake_args': None, 'cmake_clean_cache': False, 'cmake_clean_first': False, 'cmake_force_configure': False, 'cmake_target': None, 'cmake_target_skip_unavailable': False, 'install_base': '/home/robotique/microros_ws/install/micro_ros_msgs', 'merge_install': False, 'path': '/home/robotique/microros_ws/src/uros/micro_ros_msgs', 'symlink_install': False, 'test_result_base': None}
[0.601s] Level 5:colcon.colcon_core.verb:set package 'micro_ros_setup' build argument 'cmake_args' from command line to 'None'
[0.601s] Level 5:colcon.colcon_core.verb:set package 'micro_ros_setup' build argument 'cmake_target' from command line to 'None'
[0.601s] Level 5:colcon.colcon_core.verb:set package 'micro_ros_setup' build argument 'cmake_target_skip_unavailable' from command line to 'False'
[0.601s] Level 5:colcon.colcon_core.verb:set package 'micro_ros_setup' build argument 'cmake_clean_cache' from command line to 'False'
[0.601s] Level 5:colcon.colcon_core.verb:set package 'micro_ros_setup' build argument 'cmake_clean_first' from command line to 'False'
[0.601s] Level 5:colcon.colcon_core.verb:set package 'micro_ros_setup' build argument 'cmake_force_configure' from command line to 'False'
[0.601s] Level 5:colcon.colcon_core.verb:set package 'micro_ros_setup' build argument 'ament_cmake_args' from command line to 'None'
[0.601s] Level 5:colcon.colcon_core.verb:set package 'micro_ros_setup' build argument 'catkin_cmake_args' from command line to 'None'
[0.601s] Level 5:colcon.colcon_core.verb:set package 'micro_ros_setup' build argument 'catkin_skip_building_tests' from command line to 'False'
[0.601s] DEBUG:colcon.colcon_core.verb:Building package 'micro_ros_setup' with the following arguments: {'ament_cmake_args': None, 'build_base': '/home/robotique/microros_ws/build/micro_ros_setup', 'catkin_cmake_args': None, 'catkin_skip_building_tests': False, 'cmake_args': None, 'cmake_clean_cache': False, 'cmake_clean_first': False, 'cmake_force_configure': False, 'cmake_target': None, 'cmake_target_skip_unavailable': False, 'install_base': '/home/robotique/microros_ws/install/micro_ros_setup', 'merge_install': False, 'path': '/home/robotique/microros_ws/src/micro_ros_setup', 'symlink_install': False, 'test_result_base': None}
[0.602s] Level 5:colcon.colcon_core.verb:set package 'roverc' build argument 'cmake_args' from command line to 'None'
[0.602s] Level 5:colcon.colcon_core.verb:set package 'roverc' build argument 'cmake_target' from command line to 'None'
[0.602s] Level 5:colcon.colcon_core.verb:set package 'roverc' build argument 'cmake_target_skip_unavailable' from command line to 'False'
[0.602s] Level 5:colcon.colcon_core.verb:set package 'roverc' build argument 'cmake_clean_cache' from command line to 'False'
[0.602s] Level 5:colcon.colcon_core.verb:set package 'roverc' build argument 'cmake_clean_first' from command line to 'False'
[0.602s] Level 5:colcon.colcon_core.verb:set package 'roverc' build argument 'cmake_force_configure' from command line to 'False'
[0.602s] Level 5:colcon.colcon_core.verb:set package 'roverc' build argument 'ament_cmake_args' from command line to 'None'
[0.603s] Level 5:colcon.colcon_core.verb:set package 'roverc' build argument 'catkin_cmake_args' from command line to 'None'
[0.603s] Level 5:colcon.colcon_core.verb:set package 'roverc' build argument 'catkin_skip_building_tests' from command line to 'False'
[0.603s] DEBUG:colcon.colcon_core.verb:Building package 'roverc' with the following arguments: {'ament_cmake_args': None, 'build_base': '/home/robotique/microros_ws/build/roverc', 'catkin_cmake_args': None, 'catkin_skip_building_tests': False, 'cmake_args': None, 'cmake_clean_cache': False, 'cmake_clean_first': False, 'cmake_force_configure': False, 'cmake_target': None, 'cmake_target_skip_unavailable': False, 'install_base': '/home/robotique/microros_ws/install/roverc', 'merge_install': False, 'path': '/home/robotique/microros_ws/src/roverc', 'symlink_install': False, 'test_result_base': None}
[0.603s] Level 5:colcon.colcon_core.verb:set package 'micro_ros_agent' build argument 'cmake_args' from command line to 'None'
[0.604s] Level 5:colcon.colcon_core.verb:set package 'micro_ros_agent' build argument 'cmake_target' from command line to 'None'
[0.604s] Level 5:colcon.colcon_core.verb:set package 'micro_ros_agent' build argument 'cmake_target_skip_unavailable' from command line to 'False'
[0.604s] Level 5:colcon.colcon_core.verb:set package 'micro_ros_agent' build argument 'cmake_clean_cache' from command line to 'False'
[0.604s] Level 5:colcon.colcon_core.verb:set package 'micro_ros_agent' build argument 'cmake_clean_first' from command line to 'False'
[0.604s] Level 5:colcon.colcon_core.verb:set package 'micro_ros_agent' build argument 'cmake_force_configure' from command line to 'False'
[0.604s] Level 5:colcon.colcon_core.verb:set package 'micro_ros_agent' build argument 'ament_cmake_args' from command line to 'None'
[0.604s] Level 5:colcon.colcon_core.verb:set package 'micro_ros_agent' build argument 'catkin_cmake_args' from command line to 'None'
[0.604s] Level 5:colcon.colcon_core.verb:set package 'micro_ros_agent' build argument 'catkin_skip_building_tests' from command line to 'False'
[0.604s] DEBUG:colcon.colcon_core.verb:Building package 'micro_ros_agent' with the following arguments: {'ament_cmake_args': None, 'build_base': '/home/robotique/microros_ws/build/micro_ros_agent', 'catkin_cmake_args': None, 'catkin_skip_building_tests': False, 'cmake_args': None, 'cmake_clean_cache': False, 'cmake_clean_first': False, 'cmake_force_configure': False, 'cmake_target': None, 'cmake_target_skip_unavailable': False, 'install_base': '/home/robotique/microros_ws/install/micro_ros_agent', 'merge_install': False, 'path': '/home/robotique/microros_ws/src/uros/micro-ROS-Agent/micro_ros_agent', 'symlink_install': False, 'test_result_base': None}
[0.605s] Level 5:colcon.colcon_core.verb:set package 'robot' build argument 'cmake_args' from command line to 'None'
[0.605s] Level 5:colcon.colcon_core.verb:set package 'robot' build argument 'cmake_target' from command line to 'None'
[0.605s] Level 5:colcon.colcon_core.verb:set package 'robot' build argument 'cmake_target_skip_unavailable' from command line to 'False'
[0.605s] Level 5:colcon.colcon_core.verb:set package 'robot' build argument 'cmake_clean_cache' from command line to 'False'
[0.605s] Level 5:colcon.colcon_core.verb:set package 'robot' build argument 'cmake_clean_first' from command line to 'False'
[0.605s] Level 5:colcon.colcon_core.verb:set package 'robot' build argument 'cmake_force_configure' from command line to 'False'
[0.605s] Level 5:colcon.colcon_core.verb:set package 'robot' build argument 'ament_cmake_args' from command line to 'None'
[0.605s] Level 5:colcon.colcon_core.verb:set package 'robot' build argument 'catkin_cmake_args' from command line to 'None'
[0.605s] Level 5:colcon.colcon_core.verb:set package 'robot' build argument 'catkin_skip_building_tests' from command line to 'False'
[0.605s] DEBUG:colcon.colcon_core.verb:Building package 'robot' with the following arguments: {'ament_cmake_args': None, 'build_base': '/home/robotique/microros_ws/build/robot', 'catkin_cmake_args': None, 'catkin_skip_building_tests': False, 'cmake_args': None, 'cmake_clean_cache': False, 'cmake_clean_first': False, 'cmake_force_configure': False, 'cmake_target': None, 'cmake_target_skip_unavailable': False, 'install_base': '/home/robotique/microros_ws/install/robot', 'merge_install': False, 'path': '/home/robotique/microros_ws/src/robot', 'symlink_install': False, 'test_result_base': None}
[0.606s] INFO:colcon.colcon_core.executor:Executing jobs using 'parallel' executor
[0.610s] DEBUG:colcon.colcon_parallel_executor.executor.parallel:run_until_complete
[0.610s] INFO:colcon.colcon_ros.task.ament_cmake.build:Building ROS package in '/home/robotique/microros_ws/src/uros/micro_ros_msgs' with build type 'ament_cmake'
[0.611s] INFO:colcon.colcon_cmake.task.cmake.build:Building CMake package in '/home/robotique/microros_ws/src/uros/micro_ros_msgs'
[0.622s] INFO:colcon.colcon_core.plugin_system:Skipping extension 'colcon_core.shell.bat': Not used on non-Windows systems
[0.632s] INFO:colcon.colcon_core.shell:Skip shell extension 'powershell' for command environment: Not usable outside of PowerShell
[0.632s] DEBUG:colcon.colcon_core.shell:Skip shell extension 'dsv' for command environment
[0.649s] INFO:colcon.colcon_ros.task.ament_cmake.build:Building ROS package in '/home/robotique/microros_ws/src/roverc' with build type 'ament_cmake'
[0.649s] INFO:colcon.colcon_cmake.task.cmake.build:Building CMake package in '/home/robotique/microros_ws/src/roverc'
[0.651s] INFO:colcon.colcon_core.shell:Skip shell extension 'powershell' for command environment: Not usable outside of PowerShell
[0.651s] DEBUG:colcon.colcon_core.shell:Skip shell extension 'dsv' for command environment
[0.667s] INFO:colcon.colcon_ros.task.ament_cmake.build:Building ROS package in '/home/robotique/microros_ws/src/micro_ros_setup' with build type 'ament_cmake'
[0.668s] INFO:colcon.colcon_cmake.task.cmake.build:Building CMake package in '/home/robotique/microros_ws/src/micro_ros_setup'
[0.669s] INFO:colcon.colcon_core.shell:Skip shell extension 'powershell' for command environment: Not usable outside of PowerShell
[0.669s] DEBUG:colcon.colcon_core.shell:Skip shell extension 'dsv' for command environment
[0.694s] DEBUG:colcon.colcon_core.event_handler.log_command:Invoking command in '/home/robotique/microros_ws/build/micro_ros_msgs': CMAKE_PREFIX_PATH=${CMAKE_PREFIX_PATH}:/opt/ros/humble /usr/bin/cmake --build /home/robotique/microros_ws/build/micro_ros_msgs -- -j4 -l4
[0.712s] DEBUG:colcon.colcon_core.event_handler.log_command:Invoking command in '/home/robotique/microros_ws/build/roverc': CMAKE_PREFIX_PATH=${CMAKE_PREFIX_PATH}:/opt/ros/humble /usr/bin/cmake --build /home/robotique/microros_ws/build/roverc -- -j4 -l4
[0.733s] DEBUG:colcon.colcon_core.event_handler.log_command:Invoking command in '/home/robotique/microros_ws/build/micro_ros_setup': CMAKE_PREFIX_PATH=${CMAKE_PREFIX_PATH}:/opt/ros/humble /usr/bin/cmake --build /home/robotique/microros_ws/build/micro_ros_setup -- -j4 -l4
[0.858s] DEBUG:colcon.colcon_core.event_handler.log_command:Invoked command in '/home/robotique/microros_ws/build/micro_ros_setup' returned '0': CMAKE_PREFIX_PATH=${CMAKE_PREFIX_PATH}:/opt/ros/humble /usr/bin/cmake --build /home/robotique/microros_ws/build/micro_ros_setup -- -j4 -l4
[1.080s] DEBUG:colcon.colcon_core.event_handler.log_command:Invoking command in '/home/robotique/microros_ws/build/micro_ros_setup': CMAKE_PREFIX_PATH=${CMAKE_PREFIX_PATH}:/opt/ros/humble /usr/bin/cmake --install /home/robotique/microros_ws/build/micro_ros_setup
[1.134s] Level 1:colcon.colcon_core.environment:create_environment_scripts_only(micro_ros_setup)
[1.156s] Level 1:colcon.colcon_core.environment:checking '/home/robotique/microros_ws/install/micro_ros_setup' for CMake module files
[1.157s] Level 1:colcon.colcon_core.environment:checking '/home/robotique/microros_ws/install/micro_ros_setup' for CMake config files
[1.160s] DEBUG:colcon.colcon_core.event_handler.log_command:Invoked command in '/home/robotique/microros_ws/build/micro_ros_setup' returned '0': CMAKE_PREFIX_PATH=${CMAKE_PREFIX_PATH}:/opt/ros/humble /usr/bin/cmake --install /home/robotique/microros_ws/build/micro_ros_setup
[1.161s] Level 1:colcon.colcon_core.shell:create_environment_hook('micro_ros_setup', 'cmake_prefix_path')
[1.168s] INFO:colcon.colcon_core.shell:Creating environment hook '/home/robotique/microros_ws/install/micro_ros_setup/share/micro_ros_setup/hook/cmake_prefix_path.ps1'
[1.168s] INFO:colcon.colcon_core.shell:Creating environment descriptor '/home/robotique/microros_ws/install/micro_ros_setup/share/micro_ros_setup/hook/cmake_prefix_path.dsv'
[1.169s] INFO:colcon.colcon_core.shell:Creating environment hook '/home/robotique/microros_ws/install/micro_ros_setup/share/micro_ros_setup/hook/cmake_prefix_path.sh'
[1.172s] Level 1:colcon.colcon_core.environment:checking '/home/robotique/microros_ws/install/micro_ros_setup/lib'
[1.172s] Level 1:colcon.colcon_core.environment:checking '/home/robotique/microros_ws/install/micro_ros_setup/bin'
[1.172s] Level 1:colcon.colcon_core.environment:checking '/home/robotique/microros_ws/install/micro_ros_setup/lib/pkgconfig/micro_ros_setup.pc'
[1.172s] Level 1:colcon.colcon_core.environment:checking '/home/robotique/microros_ws/install/micro_ros_setup/lib/python3.10/site-packages'
[1.172s] Level 1:colcon.colcon_core.environment:checking '/home/robotique/microros_ws/install/micro_ros_setup/bin'
[1.174s] INFO:colcon.colcon_core.shell:Creating package script '/home/robotique/microros_ws/install/micro_ros_setup/share/micro_ros_setup/package.ps1'
[1.174s] INFO:colcon.colcon_core.shell:Creating package descriptor '/home/robotique/microros_ws/install/micro_ros_setup/share/micro_ros_setup/package.dsv'
[1.193s] INFO:colcon.colcon_core.shell:Creating package script '/home/robotique/microros_ws/install/micro_ros_setup/share/micro_ros_setup/package.sh'
[1.198s] INFO:colcon.colcon_core.shell:Creating package script '/home/robotique/microros_ws/install/micro_ros_setup/share/micro_ros_setup/package.bash'
[1.199s] INFO:colcon.colcon_core.shell:Creating package script '/home/robotique/microros_ws/install/micro_ros_setup/share/micro_ros_setup/package.zsh'
[1.199s] Level 1:colcon.colcon_core.environment:create_file_with_runtime_dependencies(/home/robotique/microros_ws/install/micro_ros_setup/share/colcon-core/packages/micro_ros_setup)
[1.388s] Level 1:colcon.colcon_core.environment:create_environment_scripts_only(micro_ros_setup)
[1.390s] Level 1:colcon.colcon_core.environment:checking '/home/robotique/microros_ws/install/micro_ros_setup' for CMake module files
[1.390s] Level 1:colcon.colcon_core.environment:checking '/home/robotique/microros_ws/install/micro_ros_setup' for CMake config files
[1.391s] Level 1:colcon.colcon_core.shell:create_environment_hook('micro_ros_setup', 'cmake_prefix_path')
[1.392s] INFO:colcon.colcon_core.shell:Creating environment hook '/home/robotique/microros_ws/install/micro_ros_setup/share/micro_ros_setup/hook/cmake_prefix_path.ps1'
[1.392s] INFO:colcon.colcon_core.shell:Creating environment descriptor '/home/robotique/microros_ws/install/micro_ros_setup/share/micro_ros_setup/hook/cmake_prefix_path.dsv'
[1.395s] INFO:colcon.colcon_core.shell:Creating environment hook '/home/robotique/microros_ws/install/micro_ros_setup/share/micro_ros_setup/hook/cmake_prefix_path.sh'
[1.396s] Level 1:colcon.colcon_core.environment:checking '/home/robotique/microros_ws/install/micro_ros_setup/lib'
[1.397s] Level 1:colcon.colcon_core.environment:checking '/home/robotique/microros_ws/install/micro_ros_setup/bin'
[1.397s] Level 1:colcon.colcon_core.environment:checking '/home/robotique/microros_ws/install/micro_ros_setup/lib/pkgconfig/micro_ros_setup.pc'
[1.397s] Level 1:colcon.colcon_core.environment:checking '/home/robotique/microros_ws/install/micro_ros_setup/lib/python3.10/site-packages'
[1.397s] Level 1:colcon.colcon_core.environment:checking '/home/robotique/microros_ws/install/micro_ros_setup/bin'
[1.399s] INFO:colcon.colcon_core.shell:Creating package script '/home/robotique/microros_ws/install/micro_ros_setup/share/micro_ros_setup/package.ps1'
[1.401s] INFO:colcon.colcon_core.shell:Creating package descriptor '/home/robotique/microros_ws/install/micro_ros_setup/share/micro_ros_setup/package.dsv'
[1.402s] INFO:colcon.colcon_core.shell:Creating package script '/home/robotique/microros_ws/install/micro_ros_setup/share/micro_ros_setup/package.sh'
[1.403s] INFO:colcon.colcon_core.shell:Creating package script '/home/robotique/microros_ws/install/micro_ros_setup/share/micro_ros_setup/package.bash'
[1.404s] INFO:colcon.colcon_core.shell:Creating package script '/home/robotique/microros_ws/install/micro_ros_setup/share/micro_ros_setup/package.zsh'
[1.405s] Level 1:colcon.colcon_core.environment:create_file_with_runtime_dependencies(/home/robotique/microros_ws/install/micro_ros_setup/share/colcon-core/packages/micro_ros_setup)
[1.784s] DEBUG:colcon.colcon_core.event_handler.log_command:Invoked command in '/home/robotique/microros_ws/build/micro_ros_msgs' returned '0': CMAKE_PREFIX_PATH=${CMAKE_PREFIX_PATH}:/opt/ros/humble /usr/bin/cmake --build /home/robotique/microros_ws/build/micro_ros_msgs -- -j4 -l4
[1.849s] DEBUG:colcon.colcon_core.event_handler.log_command:Invoked command in '/home/robotique/microros_ws/build/roverc' returned '0': CMAKE_PREFIX_PATH=${CMAKE_PREFIX_PATH}:/opt/ros/humble /usr/bin/cmake --build /home/robotique/microros_ws/build/roverc -- -j4 -l4
[2.070s] DEBUG:colcon.colcon_core.event_handler.log_command:Invoking command in '/home/robotique/microros_ws/build/micro_ros_msgs': CMAKE_PREFIX_PATH=${CMAKE_PREFIX_PATH}:/opt/ros/humble /usr/bin/cmake --install /home/robotique/microros_ws/build/micro_ros_msgs
[2.091s] DEBUG:colcon.colcon_core.event_handler.log_command:Invoking command in '/home/robotique/microros_ws/build/roverc': CMAKE_PREFIX_PATH=${CMAKE_PREFIX_PATH}:/opt/ros/humble /usr/bin/cmake --install /home/robotique/microros_ws/build/roverc
[2.194s] Level 1:colcon.colcon_core.environment:create_environment_scripts_only(micro_ros_msgs)
[2.196s] Level 1:colcon.colcon_core.environment:checking '/home/robotique/microros_ws/install/micro_ros_msgs' for CMake module files
[2.197s] DEBUG:colcon.colcon_core.event_handler.log_command:Invoked command in '/home/robotique/microros_ws/build/micro_ros_msgs' returned '0': CMAKE_PREFIX_PATH=${CMAKE_PREFIX_PATH}:/opt/ros/humble /usr/bin/cmake --install /home/robotique/microros_ws/build/micro_ros_msgs
[2.198s] Level 1:colcon.colcon_core.environment:checking '/home/robotique/microros_ws/install/micro_ros_msgs' for CMake config files
[2.198s] Level 1:colcon.colcon_core.shell:create_environment_hook('micro_ros_msgs', 'cmake_prefix_path')
[2.199s] INFO:colcon.colcon_core.shell:Creating environment hook '/home/robotique/microros_ws/install/micro_ros_msgs/share/micro_ros_msgs/hook/cmake_prefix_path.ps1'
[2.200s] INFO:colcon.colcon_core.shell:Creating environment descriptor '/home/robotique/microros_ws/install/micro_ros_msgs/share/micro_ros_msgs/hook/cmake_prefix_path.dsv'
[2.201s] INFO:colcon.colcon_core.shell:Creating environment hook '/home/robotique/microros_ws/install/micro_ros_msgs/share/micro_ros_msgs/hook/cmake_prefix_path.sh'
[2.202s] Level 1:colcon.colcon_core.environment:checking '/home/robotique/microros_ws/install/micro_ros_msgs/lib'
[2.202s] Level 1:colcon.colcon_core.shell:create_environment_hook('micro_ros_msgs', 'ld_library_path_lib')
[2.204s] INFO:colcon.colcon_core.shell:Creating environment hook '/home/robotique/microros_ws/install/micro_ros_msgs/share/micro_ros_msgs/hook/ld_library_path_lib.ps1'
[2.204s] INFO:colcon.colcon_core.shell:Creating environment descriptor '/home/robotique/microros_ws/install/micro_ros_msgs/share/micro_ros_msgs/hook/ld_library_path_lib.dsv'
[2.205s] INFO:colcon.colcon_core.shell:Creating environment hook '/home/robotique/microros_ws/install/micro_ros_msgs/share/micro_ros_msgs/hook/ld_library_path_lib.sh'
[2.207s] Level 1:colcon.colcon_core.environment:checking '/home/robotique/microros_ws/install/micro_ros_msgs/bin'
[2.208s] Level 1:colcon.colcon_core.environment:checking '/home/robotique/microros_ws/install/micro_ros_msgs/lib/pkgconfig/micro_ros_msgs.pc'
[2.209s] Level 1:colcon.colcon_core.environment:checking '/home/robotique/microros_ws/install/micro_ros_msgs/lib/python3.10/site-packages'
[2.209s] Level 1:colcon.colcon_core.environment:checking '/home/robotique/microros_ws/install/micro_ros_msgs/bin'
[2.210s] INFO:colcon.colcon_core.shell:Creating package script '/home/robotique/microros_ws/install/micro_ros_msgs/share/micro_ros_msgs/package.ps1'
[2.216s] INFO:colcon.colcon_core.shell:Creating package descriptor '/home/robotique/microros_ws/install/micro_ros_msgs/share/micro_ros_msgs/package.dsv'
[2.216s] INFO:colcon.colcon_core.shell:Creating package script '/home/robotique/microros_ws/install/micro_ros_msgs/share/micro_ros_msgs/package.sh'
[2.217s] INFO:colcon.colcon_core.shell:Creating package script '/home/robotique/microros_ws/install/micro_ros_msgs/share/micro_ros_msgs/package.bash'
[2.218s] INFO:colcon.colcon_core.shell:Creating package script '/home/robotique/microros_ws/install/micro_ros_msgs/share/micro_ros_msgs/package.zsh'
[2.219s] Level 1:colcon.colcon_core.environment:create_file_with_runtime_dependencies(/home/robotique/microros_ws/install/micro_ros_msgs/share/colcon-core/packages/micro_ros_msgs)
[2.262s] Level 1:colcon.colcon_core.environment:create_environment_scripts_only(roverc)
[2.264s] Level 1:colcon.colcon_core.environment:checking '/home/robotique/microros_ws/install/roverc' for CMake module files
[2.265s] DEBUG:colcon.colcon_core.event_handler.log_command:Invoked command in '/home/robotique/microros_ws/build/roverc' returned '0': CMAKE_PREFIX_PATH=${CMAKE_PREFIX_PATH}:/opt/ros/humble /usr/bin/cmake --install /home/robotique/microros_ws/build/roverc
[2.277s] Level 1:colcon.colcon_core.environment:checking '/home/robotique/microros_ws/install/roverc' for CMake config files
[2.278s] Level 1:colcon.colcon_core.shell:create_environment_hook('roverc', 'cmake_prefix_path')
[2.281s] INFO:colcon.colcon_core.shell:Creating environment hook '/home/robotique/microros_ws/install/roverc/share/roverc/hook/cmake_prefix_path.ps1'
[2.281s] INFO:colcon.colcon_core.shell:Creating environment descriptor '/home/robotique/microros_ws/install/roverc/share/roverc/hook/cmake_prefix_path.dsv'
[2.282s] INFO:colcon.colcon_core.shell:Creating environment hook '/home/robotique/microros_ws/install/roverc/share/roverc/hook/cmake_prefix_path.sh'
[2.283s] Level 1:colcon.colcon_core.environment:checking '/home/robotique/microros_ws/install/roverc/lib'
[2.283s] Level 1:colcon.colcon_core.shell:create_environment_hook('roverc', 'ld_library_path_lib')
[2.284s] INFO:colcon.colcon_core.shell:Creating environment hook '/home/robotique/microros_ws/install/roverc/share/roverc/hook/ld_library_path_lib.ps1'
[2.285s] INFO:colcon.colcon_core.shell:Creating environment descriptor '/home/robotique/microros_ws/install/roverc/share/roverc/hook/ld_library_path_lib.dsv'
[2.285s] INFO:colcon.colcon_core.shell:Creating environment hook '/home/robotique/microros_ws/install/roverc/share/roverc/hook/ld_library_path_lib.sh'
[2.286s] Level 1:colcon.colcon_core.environment:checking '/home/robotique/microros_ws/install/roverc/bin'
[2.286s] Level 1:colcon.colcon_core.environment:checking '/home/robotique/microros_ws/install/roverc/lib/pkgconfig/roverc.pc'
[2.290s] Level 1:colcon.colcon_core.environment:checking '/home/robotique/microros_ws/install/roverc/lib/python3.10/site-packages'
[2.291s] Level 1:colcon.colcon_core.environment:checking '/home/robotique/microros_ws/install/roverc/bin'
[2.292s] INFO:colcon.colcon_core.shell:Creating package script '/home/robotique/microros_ws/install/roverc/share/roverc/package.ps1'
[2.293s] INFO:colcon.colcon_core.shell:Creating package descriptor '/home/robotique/microros_ws/install/roverc/share/roverc/package.dsv'
[2.293s] INFO:colcon.colcon_core.shell:Creating package script '/home/robotique/microros_ws/install/roverc/share/roverc/package.sh'
[2.294s] INFO:colcon.colcon_core.shell:Creating package script '/home/robotique/microros_ws/install/roverc/share/roverc/package.bash'
[2.296s] INFO:colcon.colcon_core.shell:Creating package script '/home/robotique/microros_ws/install/roverc/share/roverc/package.zsh'
[2.296s] Level 1:colcon.colcon_core.environment:create_file_with_runtime_dependencies(/home/robotique/microros_ws/install/roverc/share/colcon-core/packages/roverc)
[2.685s] Level 1:colcon.colcon_core.environment:create_environment_scripts_only(micro_ros_msgs)
[2.687s] Level 1:colcon.colcon_core.environment:checking '/home/robotique/microros_ws/install/micro_ros_msgs' for CMake module files
[2.688s] Level 1:colcon.colcon_core.environment:checking '/home/robotique/microros_ws/install/micro_ros_msgs' for CMake config files
[2.689s] Level 1:colcon.colcon_core.shell:create_environment_hook('micro_ros_msgs', 'cmake_prefix_path')
[2.690s] INFO:colcon.colcon_core.shell:Creating environment hook '/home/robotique/microros_ws/install/micro_ros_msgs/share/micro_ros_msgs/hook/cmake_prefix_path.ps1'
[2.705s] INFO:colcon.colcon_core.shell:Creating environment descriptor '/home/robotique/microros_ws/install/micro_ros_msgs/share/micro_ros_msgs/hook/cmake_prefix_path.dsv'
[2.708s] INFO:colcon.colcon_core.shell:Creating environment hook '/home/robotique/microros_ws/install/micro_ros_msgs/share/micro_ros_msgs/hook/cmake_prefix_path.sh'
[2.710s] Level 1:colcon.colcon_core.environment:checking '/home/robotique/microros_ws/install/micro_ros_msgs/lib'
[2.711s] Level 1:colcon.colcon_core.shell:create_environment_hook('micro_ros_msgs', 'ld_library_path_lib')
[2.712s] INFO:colcon.colcon_core.shell:Creating environment hook '/home/robotique/microros_ws/install/micro_ros_msgs/share/micro_ros_msgs/hook/ld_library_path_lib.ps1'
[2.716s] INFO:colcon.colcon_core.shell:Creating environment descriptor '/home/robotique/microros_ws/install/micro_ros_msgs/share/micro_ros_msgs/hook/ld_library_path_lib.dsv'
[2.718s] INFO:colcon.colcon_core.shell:Creating environment hook '/home/robotique/microros_ws/install/micro_ros_msgs/share/micro_ros_msgs/hook/ld_library_path_lib.sh'
[2.721s] Level 1:colcon.colcon_core.environment:checking '/home/robotique/microros_ws/install/micro_ros_msgs/bin'
[2.722s] Level 1:colcon.colcon_core.environment:checking '/home/robotique/microros_ws/install/micro_ros_msgs/lib/pkgconfig/micro_ros_msgs.pc'
[2.722s] Level 1:colcon.colcon_core.environment:checking '/home/robotique/microros_ws/install/micro_ros_msgs/lib/python3.10/site-packages'
[2.722s] Level 1:colcon.colcon_core.environment:checking '/home/robotique/microros_ws/install/micro_ros_msgs/bin'
[2.723s] INFO:colcon.colcon_core.shell:Creating package script '/home/robotique/microros_ws/install/micro_ros_msgs/share/micro_ros_msgs/package.ps1'
[2.727s] INFO:colcon.colcon_core.shell:Creating package descriptor '/home/robotique/microros_ws/install/micro_ros_msgs/share/micro_ros_msgs/package.dsv'
[2.729s] INFO:colcon.colcon_core.shell:Creating package script '/home/robotique/microros_ws/install/micro_ros_msgs/share/micro_ros_msgs/package.sh'
[2.732s] INFO:colcon.colcon_core.shell:Creating package script '/home/robotique/microros_ws/install/micro_ros_msgs/share/micro_ros_msgs/package.bash'
[2.735s] INFO:colcon.colcon_core.shell:Creating package script '/home/robotique/microros_ws/install/micro_ros_msgs/share/micro_ros_msgs/package.zsh'
[2.738s] Level 1:colcon.colcon_core.environment:create_file_with_runtime_dependencies(/home/robotique/microros_ws/install/micro_ros_msgs/share/colcon-core/packages/micro_ros_msgs)
[2.741s] INFO:colcon.colcon_ros.task.ament_cmake.build:Building ROS package in '/home/robotique/microros_ws/src/uros/micro-ROS-Agent/micro_ros_agent' with build type 'ament_cmake'
[2.741s] INFO:colcon.colcon_cmake.task.cmake.build:Building CMake package in '/home/robotique/microros_ws/src/uros/micro-ROS-Agent/micro_ros_agent'
[2.742s] INFO:colcon.colcon_core.shell:Skip shell extension 'powershell' for command environment: Not usable outside of PowerShell
[2.742s] DEBUG:colcon.colcon_core.shell:Skip shell extension 'dsv' for command environment
[2.757s] Level 1:colcon.colcon_core.environment:create_environment_scripts_only(roverc)
[2.759s] Level 1:colcon.colcon_core.environment:checking '/home/robotique/microros_ws/install/roverc' for CMake module files
[2.760s] Level 1:colcon.colcon_core.environment:checking '/home/robotique/microros_ws/install/roverc' for CMake config files
[2.760s] Level 1:colcon.colcon_core.shell:create_environment_hook('roverc', 'cmake_prefix_path')
[2.762s] INFO:colcon.colcon_core.shell:Creating environment hook '/home/robotique/microros_ws/install/roverc/share/roverc/hook/cmake_prefix_path.ps1'
[2.765s] INFO:colcon.colcon_core.shell:Creating environment descriptor '/home/robotique/microros_ws/install/roverc/share/roverc/hook/cmake_prefix_path.dsv'
[2.767s] INFO:colcon.colcon_core.shell:Creating environment hook '/home/robotique/microros_ws/install/roverc/share/roverc/hook/cmake_prefix_path.sh'
[2.778s] Level 1:colcon.colcon_core.environment:checking '/home/robotique/microros_ws/install/roverc/lib'
[2.778s] Level 1:colcon.colcon_core.shell:create_environment_hook('roverc', 'ld_library_path_lib')
[2.780s] INFO:colcon.colcon_core.shell:Creating environment hook '/home/robotique/microros_ws/install/roverc/share/roverc/hook/ld_library_path_lib.ps1'
[2.781s] INFO:colcon.colcon_core.shell:Creating environment descriptor '/home/robotique/microros_ws/install/roverc/share/roverc/hook/ld_library_path_lib.dsv'
[2.781s] INFO:colcon.colcon_core.shell:Creating environment hook '/home/robotique/microros_ws/install/roverc/share/roverc/hook/ld_library_path_lib.sh'
[2.782s] Level 1:colcon.colcon_core.environment:checking '/home/robotique/microros_ws/install/roverc/bin'
[2.783s] Level 1:colcon.colcon_core.environment:checking '/home/robotique/microros_ws/install/roverc/lib/pkgconfig/roverc.pc'
[2.783s] Level 1:colcon.colcon_core.environment:checking '/home/robotique/microros_ws/install/roverc/lib/python3.10/site-packages'
[2.783s] Level 1:colcon.colcon_core.environment:checking '/home/robotique/microros_ws/install/roverc/bin'
[2.785s] INFO:colcon.colcon_core.shell:Creating package script '/home/robotique/microros_ws/install/roverc/share/roverc/package.ps1'
[2.786s] INFO:colcon.colcon_core.shell:Creating package descriptor '/home/robotique/microros_ws/install/roverc/share/roverc/package.dsv'
[2.787s] INFO:colcon.colcon_core.shell:Creating package script '/home/robotique/microros_ws/install/roverc/share/roverc/package.sh'
[2.788s] INFO:colcon.colcon_core.shell:Creating package script '/home/robotique/microros_ws/install/roverc/share/roverc/package.bash'
[2.788s] INFO:colcon.colcon_core.shell:Creating package script '/home/robotique/microros_ws/install/roverc/share/roverc/package.zsh'
[2.789s] Level 1:colcon.colcon_core.environment:create_file_with_runtime_dependencies(/home/robotique/microros_ws/install/roverc/share/colcon-core/packages/roverc)
[2.791s] INFO:colcon.colcon_ros.task.ament_cmake.build:Building ROS package in '/home/robotique/microros_ws/src/robot' with build type 'ament_cmake'
[2.791s] INFO:colcon.colcon_cmake.task.cmake.build:Building CMake package in '/home/robotique/microros_ws/src/robot'
[2.792s] INFO:colcon.colcon_core.shell:Skip shell extension 'powershell' for command environment: Not usable outside of PowerShell
[2.793s] DEBUG:colcon.colcon_core.shell:Skip shell extension 'dsv' for command environment
[2.847s] DEBUG:colcon.colcon_core.event_handler.log_command:Invoking command in '/home/robotique/microros_ws/build/micro_ros_agent': CMAKE_PREFIX_PATH=/home/robotique/microros_ws/install/micro_ros_msgs:/home/robotique/microros_ws/install/robot:/home/robotique/microros_ws/install/roverc:/home/robotique/microros_ws/install/micro_ros_setup:/home/robotique/microros_ws/install/micro_ros_agent:/opt/ros/humble LD_LIBRARY_PATH=/home/robotique/microros_ws/install/micro_ros_msgs/lib:/home/robotique/microros_ws/install/roverc/lib:/home/robotique/microros_ws/install/micro_ros_agent/lib:/opt/ros/humble/opt/rviz_ogre_vendor/lib:/opt/ros/humble/lib/x86_64-linux-gnu:/opt/ros/humble/lib /usr/bin/cmake --build /home/robotique/microros_ws/build/micro_ros_agent -- -j4 -l4
[2.875s] DEBUG:colcon.colcon_core.event_handler.log_command:Invoking command in '/home/robotique/microros_ws/build/robot': CMAKE_PREFIX_PATH=/home/robotique/microros_ws/install/roverc:/home/robotique/microros_ws/install/robot:/home/robotique/microros_ws/install/micro_ros_setup:/home/robotique/microros_ws/install/micro_ros_agent:/home/robotique/microros_ws/install/micro_ros_msgs:/opt/ros/humble /usr/bin/cmake --build /home/robotique/microros_ws/build/robot -- -j4 -l4
[3.118s] DEBUG:colcon.colcon_core.event_handler.log_command:Invoked command in '/home/robotique/microros_ws/build/micro_ros_agent' returned '0': CMAKE_PREFIX_PATH=/home/robotique/microros_ws/install/micro_ros_msgs:/home/robotique/microros_ws/install/robot:/home/robotique/microros_ws/install/roverc:/home/robotique/microros_ws/install/micro_ros_setup:/home/robotique/microros_ws/install/micro_ros_agent:/opt/ros/humble LD_LIBRARY_PATH=/home/robotique/microros_ws/install/micro_ros_msgs/lib:/home/robotique/microros_ws/install/roverc/lib:/home/robotique/microros_ws/install/micro_ros_agent/lib:/opt/ros/humble/opt/rviz_ogre_vendor/lib:/opt/ros/humble/lib/x86_64-linux-gnu:/opt/ros/humble/lib /usr/bin/cmake --build /home/robotique/microros_ws/build/micro_ros_agent -- -j4 -l4
[3.126s] DEBUG:colcon.colcon_core.event_handler.log_command:Invoked command in '/home/robotique/microros_ws/build/robot' returned '0': CMAKE_PREFIX_PATH=/home/robotique/microros_ws/install/roverc:/home/robotique/microros_ws/install/robot:/home/robotique/microros_ws/install/micro_ros_setup:/home/robotique/microros_ws/install/micro_ros_agent:/home/robotique/microros_ws/install/micro_ros_msgs:/opt/ros/humble /usr/bin/cmake --build /home/robotique/microros_ws/build/robot -- -j4 -l4
[3.245s] DEBUG:colcon.colcon_core.event_handler.log_command:Invoking command in '/home/robotique/microros_ws/build/micro_ros_agent': CMAKE_PREFIX_PATH=/home/robotique/microros_ws/install/micro_ros_msgs:/home/robotique/microros_ws/install/robot:/home/robotique/microros_ws/install/roverc:/home/robotique/microros_ws/install/micro_ros_setup:/home/robotique/microros_ws/install/micro_ros_agent:/opt/ros/humble LD_LIBRARY_PATH=/home/robotique/microros_ws/install/micro_ros_msgs/lib:/home/robotique/microros_ws/install/roverc/lib:/home/robotique/microros_ws/install/micro_ros_agent/lib:/opt/ros/humble/opt/rviz_ogre_vendor/lib:/opt/ros/humble/lib/x86_64-linux-gnu:/opt/ros/humble/lib /usr/bin/cmake --install /home/robotique/microros_ws/build/micro_ros_agent
[3.258s] DEBUG:colcon.colcon_core.event_handler.log_command:Invoking command in '/home/robotique/microros_ws/build/robot': CMAKE_PREFIX_PATH=/home/robotique/microros_ws/install/roverc:/home/robotique/microros_ws/install/robot:/home/robotique/microros_ws/install/micro_ros_setup:/home/robotique/microros_ws/install/micro_ros_agent:/home/robotique/microros_ws/install/micro_ros_msgs:/opt/ros/humble /usr/bin/cmake --install /home/robotique/microros_ws/build/robot
[3.272s] Level 1:colcon.colcon_core.environment:create_environment_scripts_only(micro_ros_agent)
[3.274s] Level 1:colcon.colcon_core.environment:checking '/home/robotique/microros_ws/install/micro_ros_agent' for CMake module files
[3.275s] DEBUG:colcon.colcon_core.event_handler.log_command:Invoked command in '/home/robotique/microros_ws/build/micro_ros_agent' returned '0': CMAKE_PREFIX_PATH=/home/robotique/microros_ws/install/micro_ros_msgs:/home/robotique/microros_ws/install/robot:/home/robotique/microros_ws/install/roverc:/home/robotique/microros_ws/install/micro_ros_setup:/home/robotique/microros_ws/install/micro_ros_agent:/opt/ros/humble LD_LIBRARY_PATH=/home/robotique/microros_ws/install/micro_ros_msgs/lib:/home/robotique/microros_ws/install/roverc/lib:/home/robotique/microros_ws/install/micro_ros_agent/lib:/opt/ros/humble/opt/rviz_ogre_vendor/lib:/opt/ros/humble/lib/x86_64-linux-gnu:/opt/ros/humble/lib /usr/bin/cmake --install /home/robotique/microros_ws/build/micro_ros_agent
[3.278s] Level 1:colcon.colcon_core.environment:checking '/home/robotique/microros_ws/install/micro_ros_agent' for CMake config files
[3.279s] Level 1:colcon.colcon_core.shell:create_environment_hook('micro_ros_agent', 'cmake_prefix_path')
[3.280s] INFO:colcon.colcon_core.shell:Creating environment hook '/home/robotique/microros_ws/install/micro_ros_agent/share/micro_ros_agent/hook/cmake_prefix_path.ps1'
[3.281s] INFO:colcon.colcon_core.shell:Creating environment descriptor '/home/robotique/microros_ws/install/micro_ros_agent/share/micro_ros_agent/hook/cmake_prefix_path.dsv'
[3.281s] INFO:colcon.colcon_core.shell:Creating environment hook '/home/robotique/microros_ws/install/micro_ros_agent/share/micro_ros_agent/hook/cmake_prefix_path.sh'
[3.282s] Level 1:colcon.colcon_core.environment:checking '/home/robotique/microros_ws/install/micro_ros_agent/lib'
[3.282s] Level 1:colcon.colcon_core.shell:create_environment_hook('micro_ros_agent', 'ld_library_path_lib')
[3.284s] INFO:colcon.colcon_core.shell:Creating environment hook '/home/robotique/microros_ws/install/micro_ros_agent/share/micro_ros_agent/hook/ld_library_path_lib.ps1'
[3.284s] INFO:colcon.colcon_core.shell:Creating environment descriptor '/home/robotique/microros_ws/install/micro_ros_agent/share/micro_ros_agent/hook/ld_library_path_lib.dsv'
[3.285s] INFO:colcon.colcon_core.shell:Creating environment hook '/home/robotique/microros_ws/install/micro_ros_agent/share/micro_ros_agent/hook/ld_library_path_lib.sh'
[3.285s] Level 1:colcon.colcon_core.environment:checking '/home/robotique/microros_ws/install/micro_ros_agent/bin'
[3.286s] Level 1:colcon.colcon_core.environment:checking '/home/robotique/microros_ws/install/micro_ros_agent/lib/pkgconfig/micro_ros_agent.pc'
[3.286s] Level 1:colcon.colcon_core.environment:checking '/home/robotique/microros_ws/install/micro_ros_agent/lib/python3.10/site-packages'
[3.287s] Level 1:colcon.colcon_core.environment:checking '/home/robotique/microros_ws/install/micro_ros_agent/bin'
[3.288s] INFO:colcon.colcon_core.shell:Creating package script '/home/robotique/microros_ws/install/micro_ros_agent/share/micro_ros_agent/package.ps1'
[3.288s] INFO:colcon.colcon_core.shell:Creating package descriptor '/home/robotique/microros_ws/install/micro_ros_agent/share/micro_ros_agent/package.dsv'
[3.289s] INFO:colcon.colcon_core.shell:Creating package script '/home/robotique/microros_ws/install/micro_ros_agent/share/micro_ros_agent/package.sh'
[3.291s] INFO:colcon.colcon_core.shell:Creating package script '/home/robotique/microros_ws/install/micro_ros_agent/share/micro_ros_agent/package.bash'
[3.291s] INFO:colcon.colcon_core.shell:Creating package script '/home/robotique/microros_ws/install/micro_ros_agent/share/micro_ros_agent/package.zsh'
[3.292s] Level 1:colcon.colcon_core.environment:create_file_with_runtime_dependencies(/home/robotique/microros_ws/install/micro_ros_agent/share/colcon-core/packages/micro_ros_agent)
[3.294s] Level 1:colcon.colcon_core.environment:create_environment_scripts_only(robot)
[3.296s] Level 1:colcon.colcon_core.environment:checking '/home/robotique/microros_ws/install/robot' for CMake module files
[3.296s] Level 1:colcon.colcon_core.environment:checking '/home/robotique/microros_ws/install/robot' for CMake config files
[3.296s] Level 1:colcon.colcon_core.shell:create_environment_hook('robot', 'cmake_prefix_path')
[3.297s] INFO:colcon.colcon_core.shell:Creating environment hook '/home/robotique/microros_ws/install/robot/share/robot/hook/cmake_prefix_path.ps1'
[3.298s] INFO:colcon.colcon_core.shell:Creating environment descriptor '/home/robotique/microros_ws/install/robot/share/robot/hook/cmake_prefix_path.dsv'
[3.298s] INFO:colcon.colcon_core.shell:Creating environment hook '/home/robotique/microros_ws/install/robot/share/robot/hook/cmake_prefix_path.sh'
[3.300s] Level 1:colcon.colcon_core.environment:checking '/home/robotique/microros_ws/install/robot/lib'
[3.300s] Level 1:colcon.colcon_core.environment:checking '/home/robotique/microros_ws/install/robot/bin'
[3.300s] Level 1:colcon.colcon_core.environment:checking '/home/robotique/microros_ws/install/robot/lib/pkgconfig/robot.pc'
[3.300s] Level 1:colcon.colcon_core.environment:checking '/home/robotique/microros_ws/install/robot/lib/python3.10/site-packages'
[3.300s] Level 1:colcon.colcon_core.environment:checking '/home/robotique/microros_ws/install/robot/bin'
[3.301s] INFO:colcon.colcon_core.shell:Creating package script '/home/robotique/microros_ws/install/robot/share/robot/package.ps1'
[3.302s] INFO:colcon.colcon_core.shell:Creating package descriptor '/home/robotique/microros_ws/install/robot/share/robot/package.dsv'
[3.303s] INFO:colcon.colcon_core.shell:Creating package script '/home/robotique/microros_ws/install/robot/share/robot/package.sh'
[3.303s] INFO:colcon.colcon_core.shell:Creating package script '/home/robotique/microros_ws/install/robot/share/robot/package.bash'
[3.304s] INFO:colcon.colcon_core.shell:Creating package script '/home/robotique/microros_ws/install/robot/share/robot/package.zsh'
[3.305s] Level 1:colcon.colcon_core.environment:create_file_with_runtime_dependencies(/home/robotique/microros_ws/install/robot/share/colcon-core/packages/robot)
[3.307s] DEBUG:colcon.colcon_core.event_handler.log_command:Invoked command in '/home/robotique/microros_ws/build/robot' returned '0': CMAKE_PREFIX_PATH=/home/robotique/microros_ws/install/roverc:/home/robotique/microros_ws/install/robot:/home/robotique/microros_ws/install/micro_ros_setup:/home/robotique/microros_ws/install/micro_ros_agent:/home/robotique/microros_ws/install/micro_ros_msgs:/opt/ros/humble /usr/bin/cmake --install /home/robotique/microros_ws/build/robot
[3.355s] Level 1:colcon.colcon_core.environment:create_environment_scripts_only(robot)
[3.357s] Level 1:colcon.colcon_core.environment:checking '/home/robotique/microros_ws/install/robot' for CMake module files
[3.357s] Level 1:colcon.colcon_core.environment:checking '/home/robotique/microros_ws/install/robot' for CMake config files
[3.357s] Level 1:colcon.colcon_core.shell:create_environment_hook('robot', 'cmake_prefix_path')
[3.359s] INFO:colcon.colcon_core.shell:Creating environment hook '/home/robotique/microros_ws/install/robot/share/robot/hook/cmake_prefix_path.ps1'
[3.359s] INFO:colcon.colcon_core.shell:Creating environment descriptor '/home/robotique/microros_ws/install/robot/share/robot/hook/cmake_prefix_path.dsv'
[3.360s] INFO:colcon.colcon_core.shell:Creating environment hook '/home/robotique/microros_ws/install/robot/share/robot/hook/cmake_prefix_path.sh'
[3.361s] Level 1:colcon.colcon_core.environment:checking '/home/robotique/microros_ws/install/robot/lib'
[3.362s] Level 1:colcon.colcon_core.environment:checking '/home/robotique/microros_ws/install/robot/bin'
[3.362s] Level 1:colcon.colcon_core.environment:checking '/home/robotique/microros_ws/install/robot/lib/pkgconfig/robot.pc'
[3.363s] Level 1:colcon.colcon_core.environment:checking '/home/robotique/microros_ws/install/robot/lib/python3.10/site-packages'
[3.363s] Level 1:colcon.colcon_core.environment:checking '/home/robotique/microros_ws/install/robot/bin'
[3.364s] INFO:colcon.colcon_core.shell:Creating package script '/home/robotique/microros_ws/install/robot/share/robot/package.ps1'
[3.365s] INFO:colcon.colcon_core.shell:Creating package descriptor '/home/robotique/microros_ws/install/robot/share/robot/package.dsv'
[3.366s] INFO:colcon.colcon_core.shell:Creating package script '/home/robotique/microros_ws/install/robot/share/robot/package.sh'
[3.366s] INFO:colcon.colcon_core.shell:Creating package script '/home/robotique/microros_ws/install/robot/share/robot/package.bash'
[3.367s] INFO:colcon.colcon_core.shell:Creating package script '/home/robotique/microros_ws/install/robot/share/robot/package.zsh'
[3.368s] Level 1:colcon.colcon_core.environment:create_file_with_runtime_dependencies(/home/robotique/microros_ws/install/robot/share/colcon-core/packages/robot)
[3.376s] Level 1:colcon.colcon_core.environment:create_environment_scripts_only(micro_ros_agent)
[3.377s] Level 1:colcon.colcon_core.environment:checking '/home/robotique/microros_ws/install/micro_ros_agent' for CMake module files
[3.378s] Level 1:colcon.colcon_core.environment:checking '/home/robotique/microros_ws/install/micro_ros_agent' for CMake config files
[3.379s] Level 1:colcon.colcon_core.shell:create_environment_hook('micro_ros_agent', 'cmake_prefix_path')
[3.381s] INFO:colcon.colcon_core.shell:Creating environment hook '/home/robotique/microros_ws/install/micro_ros_agent/share/micro_ros_agent/hook/cmake_prefix_path.ps1'
[3.381s] INFO:colcon.colcon_core.shell:Creating environment descriptor '/home/robotique/microros_ws/install/micro_ros_agent/share/micro_ros_agent/hook/cmake_prefix_path.dsv'
[3.382s] INFO:colcon.colcon_core.shell:Creating environment hook '/home/robotique/microros_ws/install/micro_ros_agent/share/micro_ros_agent/hook/cmake_prefix_path.sh'
[3.383s] Level 1:colcon.colcon_core.environment:checking '/home/robotique/microros_ws/install/micro_ros_agent/lib'
[3.383s] Level 1:colcon.colcon_core.shell:create_environment_hook('micro_ros_agent', 'ld_library_path_lib')
[3.384s] INFO:colcon.colcon_core.shell:Creating environment hook '/home/robotique/microros_ws/install/micro_ros_agent/share/micro_ros_agent/hook/ld_library_path_lib.ps1'
[3.385s] INFO:colcon.colcon_core.shell:Creating environment descriptor '/home/robotique/microros_ws/install/micro_ros_agent/share/micro_ros_agent/hook/ld_library_path_lib.dsv'
[3.386s] INFO:colcon.colcon_core.shell:Creating environment hook '/home/robotique/microros_ws/install/micro_ros_agent/share/micro_ros_agent/hook/ld_library_path_lib.sh'
[3.387s] Level 1:colcon.colcon_core.environment:checking '/home/robotique/microros_ws/install/micro_ros_agent/bin'
[3.387s] Level 1:colcon.colcon_core.environment:checking '/home/robotique/microros_ws/install/micro_ros_agent/lib/pkgconfig/micro_ros_agent.pc'
[3.387s] Level 1:colcon.colcon_core.environment:checking '/home/robotique/microros_ws/install/micro_ros_agent/lib/python3.10/site-packages'
[3.388s] Level 1:colcon.colcon_core.environment:checking '/home/robotique/microros_ws/install/micro_ros_agent/bin'
[3.389s] INFO:colcon.colcon_core.shell:Creating package script '/home/robotique/microros_ws/install/micro_ros_agent/share/micro_ros_agent/package.ps1'
[3.389s] INFO:colcon.colcon_core.shell:Creating package descriptor '/home/robotique/microros_ws/install/micro_ros_agent/share/micro_ros_agent/package.dsv'
[3.396s] INFO:colcon.colcon_core.shell:Creating package script '/home/robotique/microros_ws/install/micro_ros_agent/share/micro_ros_agent/package.sh'
[3.396s] INFO:colcon.colcon_core.shell:Creating package script '/home/robotique/microros_ws/install/micro_ros_agent/share/micro_ros_agent/package.bash'
[3.397s] INFO:colcon.colcon_core.shell:Creating package script '/home/robotique/microros_ws/install/micro_ros_agent/share/micro_ros_agent/package.zsh'
[3.398s] Level 1:colcon.colcon_core.environment:create_file_with_runtime_dependencies(/home/robotique/microros_ws/install/micro_ros_agent/share/colcon-core/packages/micro_ros_agent)
[3.399s] DEBUG:colcon.colcon_parallel_executor.executor.parallel:closing loop
[3.399s] DEBUG:colcon.colcon_parallel_executor.executor.parallel:loop closed
[3.400s] DEBUG:colcon.colcon_parallel_executor.executor.parallel:run_until_complete finished with '0'
[3.400s] DEBUG:colcon.colcon_core.event_reactor:joining thread
[3.407s] INFO:colcon.colcon_core.plugin_system:Skipping extension 'colcon_notification.desktop_notification.terminal_notifier': Not used on non-Darwin systems
[3.407s] INFO:colcon.colcon_core.plugin_system:Skipping extension 'colcon_notification.desktop_notification.win32': Not used on non-Windows systems
[3.407s] INFO:colcon.colcon_notification.desktop_notification:Sending desktop notification using 'notify2'
[3.429s] DEBUG:colcon.colcon_core.event_reactor:joined thread
[3.431s] INFO:colcon.colcon_core.shell:Creating prefix script '/home/robotique/microros_ws/install/local_setup.ps1'
[3.432s] INFO:colcon.colcon_core.shell:Creating prefix util module '/home/robotique/microros_ws/install/_local_setup_util_ps1.py'
[3.433s] INFO:colcon.colcon_core.shell:Creating prefix chain script '/home/robotique/microros_ws/install/setup.ps1'
[3.435s] INFO:colcon.colcon_core.shell:Creating prefix script '/home/robotique/microros_ws/install/local_setup.sh'
[3.436s] INFO:colcon.colcon_core.shell:Creating prefix util module '/home/robotique/microros_ws/install/_local_setup_util_sh.py'
[3.436s] INFO:colcon.colcon_core.shell:Creating prefix chain script '/home/robotique/microros_ws/install/setup.sh'
[3.438s] INFO:colcon.colcon_core.shell:Creating prefix script '/home/robotique/microros_ws/install/local_setup.bash'
[3.438s] INFO:colcon.colcon_core.shell:Creating prefix chain script '/home/robotique/microros_ws/install/setup.bash'
[3.440s] INFO:colcon.colcon_core.shell:Creating prefix script '/home/robotique/microros_ws/install/local_setup.zsh'
[3.440s] INFO:colcon.colcon_core.shell:Creating prefix chain script '/home/robotique/microros_ws/install/setup.zsh'
